#
# There is insufficient memory for the Java Runtime Environment to continue.
# Native memory allocation (malloc) failed to allocate 1830096 bytes for Chunk::new
# Possible reasons:
#   The system is out of physical RAM or swap space
#   The process is running with CompressedOops enabled, and the Java Heap may be blocking the growth of the native heap
# Possible solutions:
#   Reduce memory load on the system
#   Increase physical memory or swap space
#   Check if swap backing store is full
#   Decrease Java heap size (-Xmx/-Xms)
#   Decrease number of Java threads
#   Decrease Java thread stack sizes (-Xss)
#   Set larger code cache with -XX:ReservedCodeCacheSize=
#   JVM is running with Unscaled Compressed Oops mode in which the Java heap is
#     placed in the first 4GB address space. The Java Heap base address is the
#     maximum limit for the native heap growth. Please use -XX:HeapBaseMinAddress
#     to set the Java Heap base and to place the Java Heap above 4GB virtual address.
# This output file may be truncated or incomplete.
#
#  Out of Memory Error (arena.cpp:184), pid=20576, tid=13464
#
# JRE version: Java(TM) SE Runtime Environment (19.0.2+7) (build 19.0.2+7-44)
# Java VM: Java HotSpot(TM) 64-Bit Server VM (19.0.2+7-44, mixed mode, sharing, tiered, compressed oops, compressed class ptrs, g1 gc, windows-amd64)
# No core dump will be written. Minidumps are not enabled by default on client versions of Windows
#

---------------  S U M M A R Y ------------

Command Line: -XX:MaxMetaspaceSize=512m --add-opens=java.base/java.util=ALL-UNNAMED --add-opens=java.base/java.lang=ALL-UNNAMED --add-opens=java.base/java.lang.invoke=ALL-UNNAMED --add-opens=java.prefs/java.util.prefs=ALL-UNNAMED --add-opens=java.base/java.nio.charset=ALL-UNNAMED --add-opens=java.base/java.net=ALL-UNNAMED --add-opens=java.base/java.util.concurrent.atomic=ALL-UNNAMED -Xmx2048m -Dfile.encoding=UTF-8 -Duser.country=US -Duser.language=en -Duser.variant org.gradle.launcher.daemon.bootstrap.GradleDaemon 8.0.1

Host: Intel(R) Core(TM) i5-7300U CPU @ 2.60GHz, 4 cores, 7G,  Windows 10 , 64 bit Build 19041 (10.0.19041.3570)
Time: Mon Oct 30 22:56:55 2023 Pakistan Standard Time elapsed time: 303.150813 seconds (0d 0h 5m 3s)

---------------  T H R E A D  ---------------

Current thread (0x000001f2afc2cf20):  JavaThread "C2 CompilerThread0" daemon [_thread_in_native, id=13464, stack(0x0000003ff0800000,0x0000003ff0900000)]


Current CompileTask:
C2: 303150 7362       4       sun.reflect.generics.parser.SignatureParser::parsePackageNameAndSimpleClassTypeSignature (119 bytes)

Stack: [0x0000003ff0800000,0x0000003ff0900000]
Native frames: (J=compiled Java code, j=interpreted, Vv=VM code, C=native code)
V  [jvm.dll+0x6ee21a]
V  [jvm.dll+0x85765e]
V  [jvm.dll+0x85904e]
V  [jvm.dll+0x859703]
V  [jvm.dll+0x28298f]
V  [jvm.dll+0xc9adf]
V  [jvm.dll+0xc9e65]
V  [jvm.dll+0x3bca12]
V  [jvm.dll+0x3860e1]
V  [jvm.dll+0x38555a]
V  [jvm.dll+0x24c3d9]
V  [jvm.dll+0x24b781]
V  [jvm.dll+0x1d6ce1]
V  [jvm.dll+0x25b25a]
V  [jvm.dll+0x2596e8]
V  [jvm.dll+0x807588]
V  [jvm.dll+0x80125a]
V  [jvm.dll+0x6ecf0b]
C  [ucrtbase.dll+0x21bb2]
C  [KERNEL32.DLL+0x17344]
C  [ntdll.dll+0x526b1]


---------------  P R O C E S S  ---------------

Threads class SMR info:
_java_thread_list=0x000001f2b628d8d0, length=68, elements={
0x000001f291c00410, 0x000001f2afc23940, 0x000001f2afc248d0, 0x000001f2afc26710,
0x000001f2afc29050, 0x000001f2afc2b990, 0x000001f2afc2c2c0, 0x000001f2afc2cf20,
0x000001f2afc5f9c0, 0x000001f2b4008070, 0x000001f2b407fb60, 0x000001f2b40842e0,
0x000001f2b518d520, 0x000001f2b4f5cce0, 0x000001f2b43853a0, 0x000001f2b43db240,
0x000001f2b57af6a0, 0x000001f2b41efdc0, 0x000001f2b56c1dc0, 0x000001f2b4887070,
0x000001f2b4889af0, 0x000001f2b4888060, 0x000001f2b488a040, 0x000001f2b48875c0,
0x000001f2b48885b0, 0x000001f2b488a590, 0x000001f2b4888b00, 0x000001f2b4889050,
0x000001f2b60d8930, 0x000001f2b60dc3a0, 0x000001f2b60d83e0, 0x000001f2b60d6400,
0x000001f2b60d9920, 0x000001f2b60d8e80, 0x000001f2b60db3b0, 0x000001f2b60dae60,
0x000001f2b60d6ea0, 0x000001f2b60d7940, 0x000001f2b60d9e70, 0x000001f2b60da3c0,
0x000001f2b60d7e90, 0x000001f2b60d5410, 0x000001f2b60db900, 0x000001f2b60dbe50,
0x000001f2b60da910, 0x000001f2b60d73f0, 0x000001f2b60dc8f0, 0x000001f2b60dce40,
0x000001f2b60d5960, 0x000001f2b60d5eb0, 0x000001f2b48895a0, 0x000001f2b67e4020,
0x000001f2b67df5c0, 0x000001f2b67e5010, 0x000001f2b67e5560, 0x000001f2b67e5ab0,
0x000001f2b67e2040, 0x000001f2b67e1050, 0x000001f2b67e05b0, 0x000001f2b67e6550,
0x000001f2b67e15a0, 0x000001f2b67e0b00, 0x000001f2b67e2590, 0x000001f2b67e6000,
0x000001f2b67e6aa0, 0x000001f2b67df070, 0x000001f2b67dfb10, 0x000001f2b67e2ae0
}

Java Threads: ( => current thread )
  0x000001f291c00410 JavaThread "main" [_thread_blocked, id=21272, stack(0x0000003fefa00000,0x0000003fefb00000)]
  0x000001f2afc23940 JavaThread "Reference Handler" daemon [_thread_blocked, id=2676, stack(0x0000003ff0200000,0x0000003ff0300000)]
  0x000001f2afc248d0 JavaThread "Finalizer" daemon [_thread_blocked, id=15436, stack(0x0000003ff0300000,0x0000003ff0400000)]
  0x000001f2afc26710 JavaThread "Signal Dispatcher" daemon [_thread_blocked, id=17620, stack(0x0000003ff0400000,0x0000003ff0500000)]
  0x000001f2afc29050 JavaThread "Attach Listener" daemon [_thread_blocked, id=18776, stack(0x0000003ff0500000,0x0000003ff0600000)]
  0x000001f2afc2b990 JavaThread "Service Thread" daemon [_thread_blocked, id=7324, stack(0x0000003ff0600000,0x0000003ff0700000)]
  0x000001f2afc2c2c0 JavaThread "Monitor Deflation Thread" daemon [_thread_blocked, id=10072, stack(0x0000003ff0700000,0x0000003ff0800000)]
=>0x000001f2afc2cf20 JavaThread "C2 CompilerThread0" daemon [_thread_in_native, id=13464, stack(0x0000003ff0800000,0x0000003ff0900000)]
  0x000001f2afc5f9c0 JavaThread "C1 CompilerThread0" daemon [_thread_blocked, id=20820, stack(0x0000003ff0900000,0x0000003ff0a00000)]
  0x000001f2b4008070 JavaThread "Sweeper thread" daemon [_thread_blocked, id=20956, stack(0x0000003ff0a00000,0x0000003ff0b00000)]
  0x000001f2b407fb60 JavaThread "Common-Cleaner" daemon [_thread_blocked, id=7024, stack(0x0000003ff0b00000,0x0000003ff0c00000)]
  0x000001f2b40842e0 JavaThread "Notification Thread" daemon [_thread_blocked, id=20452, stack(0x0000003ff0c00000,0x0000003ff0d00000)]
  0x000001f2b518d520 JavaThread "Daemon health stats" [_thread_blocked, id=10156, stack(0x0000003ff1100000,0x0000003ff1200000)]
  0x000001f2b4f5cce0 JavaThread "Incoming local TCP Connector on port 55495" [_thread_in_native, id=2944, stack(0x0000003ff1200000,0x0000003ff1300000)]
  0x000001f2b43853a0 JavaThread "Daemon periodic checks" [_thread_blocked, id=20208, stack(0x0000003ff1300000,0x0000003ff1400000)]
  0x000001f2b43db240 JavaThread "Daemon" [_thread_blocked, id=20916, stack(0x0000003ff1400000,0x0000003ff1500000)]
  0x000001f2b57af6a0 JavaThread "Handler for socket connection from /127.0.0.1:55495 to /127.0.0.1:55503" [_thread_in_native, id=18408, stack(0x0000003ff1500000,0x0000003ff1600000)]
  0x000001f2b41efdc0 JavaThread "Cancel handler" [_thread_blocked, id=7964, stack(0x0000003ff1600000,0x0000003ff1700000)]
  0x000001f2b56c1dc0 JavaThread "Daemon worker" [_thread_in_native, id=20784, stack(0x0000003ff1700000,0x0000003ff1800000)]
  0x000001f2b4887070 JavaThread "Asynchronous log dispatcher for DefaultDaemonConnection: socket connection from /127.0.0.1:55495 to /127.0.0.1:55503" [_thread_blocked, id=18356, stack(0x0000003ff1800000,0x0000003ff1900000)]
  0x000001f2b4889af0 JavaThread "Daemon client event forwarder" [_thread_blocked, id=13872, stack(0x0000003ff1a00000,0x0000003ff1b00000)]
  0x000001f2b4888060 JavaThread "Cache worker for journal cache (C:\Users\samee\.gradle\caches\journal-1)" [_thread_blocked, id=22772, stack(0x0000003ff1b00000,0x0000003ff1c00000)]
  0x000001f2b488a040 JavaThread "File lock request listener" [_thread_in_native, id=22836, stack(0x0000003ff1c00000,0x0000003ff1d00000)]
  0x000001f2b48875c0 JavaThread "File lock release action executor" [_thread_blocked, id=22864, stack(0x0000003ff1d00000,0x0000003ff1e00000)]
  0x000001f2b48885b0 JavaThread "Cache worker for file hash cache (C:\Users\samee\.gradle\caches\8.0.1\fileHashes)" [_thread_blocked, id=23148, stack(0x0000003ff2000000,0x0000003ff2100000)]
  0x000001f2b488a590 JavaThread "File watcher server" daemon [_thread_in_native, id=260, stack(0x0000003ff2100000,0x0000003ff2200000)]
  0x000001f2b4888b00 JavaThread "File watcher consumer" daemon [_thread_blocked, id=22744, stack(0x0000003ff2200000,0x0000003ff2300000)]
  0x000001f2b4889050 JavaThread "Cache worker for checksums cache (D:\projects\React_Native\To_DO_App\android\.gradle\8.0.1\checksums)" [_thread_blocked, id=23024, stack(0x0000003ff2300000,0x0000003ff2400000)]
  0x000001f2b60d8930 JavaThread "Cache worker for cache directory md-rule (C:\Users\samee\.gradle\caches\8.0.1\md-rule)" [_thread_blocked, id=19552, stack(0x0000003ff2400000,0x0000003ff2500000)]
  0x000001f2b60dc3a0 JavaThread "Cache worker for file content cache (C:\Users\samee\.gradle\caches\8.0.1\fileContent)" [_thread_blocked, id=448, stack(0x0000003ff2500000,0x0000003ff2600000)]
  0x000001f2b60d83e0 JavaThread "Cache worker for file hash cache (D:\projects\React_Native\To_DO_App\android\.gradle\8.0.1\fileHashes)" [_thread_blocked, id=13768, stack(0x0000003ff2600000,0x0000003ff2700000)]
  0x000001f2b60d6400 JavaThread "Cache worker for cache directory md-supplier (C:\Users\samee\.gradle\caches\8.0.1\md-supplier)" [_thread_blocked, id=22576, stack(0x0000003ff2700000,0x0000003ff2800000)]
  0x000001f2b60d9920 JavaThread "Cache worker for execution history cache (C:\Users\samee\.gradle\caches\8.0.1\executionHistory)" [_thread_blocked, id=10764, stack(0x0000003fef900000,0x0000003fefa00000)]
  0x000001f2b60d8e80 JavaThread "jar transforms" [_thread_blocked, id=22552, stack(0x0000003fefb00000,0x0000003fefc00000)]
  0x000001f2b60db3b0 JavaThread "jar transforms Thread 2" [_thread_blocked, id=23868, stack(0x0000003ff2800000,0x0000003ff2900000)]
  0x000001f2b60dae60 JavaThread "jar transforms Thread 3" [_thread_blocked, id=23740, stack(0x0000003ff1900000,0x0000003ff1a00000)]
  0x000001f2b60d6ea0 JavaThread "jar transforms Thread 4" [_thread_blocked, id=20264, stack(0x0000003ff2900000,0x0000003ff2a00000)]
  0x000001f2b60d7940 JavaThread "Cache worker for kotlin-dsl (C:\Users\samee\.gradle\caches\8.0.1\kotlin-dsl)" [_thread_blocked, id=8540, stack(0x0000003ff2a00000,0x0000003ff2b00000)]
  0x000001f2b60d9e70 JavaThread "Cache worker for dependencies-accessors (D:\projects\React_Native\To_DO_App\android\.gradle\8.0.1\dependencies-accessors)" [_thread_blocked, id=10716, stack(0x0000003ff1e00000,0x0000003ff1f00000)]
  0x000001f2b60da3c0 JavaThread "Cache worker for Build Output Cleanup Cache (D:\projects\React_Native\To_DO_App\node_modules\@react-native\gradle-plugin\.gradle\buildOutputCleanup)" [_thread_blocked, id=20412, stack(0x0000003ff1f00000,0x0000003ff2000000)]
  0x000001f2b60d7e90 JavaThread "Unconstrained build operations" [_thread_blocked, id=24876, stack(0x0000003ff2b00000,0x0000003ff2c00000)]
  0x000001f2b60d5410 JavaThread "Unconstrained build operations Thread 2" [_thread_blocked, id=24880, stack(0x0000003ff2c00000,0x0000003ff2d00000)]
  0x000001f2b60db900 JavaThread "Unconstrained build operations Thread 3" [_thread_blocked, id=24884, stack(0x0000003ff2d00000,0x0000003ff2e00000)]
  0x000001f2b60dbe50 JavaThread "Unconstrained build operations Thread 4" [_thread_blocked, id=24888, stack(0x0000003ff2e00000,0x0000003ff2f00000)]
  0x000001f2b60da910 JavaThread "Unconstrained build operations Thread 5" [_thread_blocked, id=24892, stack(0x0000003ff2f00000,0x0000003ff3000000)]
  0x000001f2b60d73f0 JavaThread "Unconstrained build operations Thread 6" [_thread_blocked, id=24896, stack(0x0000003ff3000000,0x0000003ff3100000)]
  0x000001f2b60dc8f0 JavaThread "Unconstrained build operations Thread 7" [_thread_blocked, id=24900, stack(0x0000003ff3100000,0x0000003ff3200000)]
  0x000001f2b60dce40 JavaThread "Unconstrained build operations Thread 8" [_thread_blocked, id=24904, stack(0x0000003ff3200000,0x0000003ff3300000)]
  0x000001f2b60d5960 JavaThread "Unconstrained build operations Thread 9" [_thread_blocked, id=24908, stack(0x0000003ff3300000,0x0000003ff3400000)]
  0x000001f2b60d5eb0 JavaThread "Unconstrained build operations Thread 10" [_thread_blocked, id=24912, stack(0x0000003ff3400000,0x0000003ff3500000)]
  0x000001f2b48895a0 JavaThread "Unconstrained build operations Thread 11" [_thread_blocked, id=24916, stack(0x0000003ff3500000,0x0000003ff3600000)]
  0x000001f2b67e4020 JavaThread "Unconstrained build operations Thread 12" [_thread_blocked, id=24920, stack(0x0000003ff3600000,0x0000003ff3700000)]
  0x000001f2b67df5c0 JavaThread "Unconstrained build operations Thread 13" [_thread_blocked, id=24924, stack(0x0000003ff3700000,0x0000003ff3800000)]
  0x000001f2b67e5010 JavaThread "Unconstrained build operations Thread 14" [_thread_blocked, id=24928, stack(0x0000003ff3800000,0x0000003ff3900000)]
  0x000001f2b67e5560 JavaThread "Unconstrained build operations Thread 15" [_thread_blocked, id=24932, stack(0x0000003ff3900000,0x0000003ff3a00000)]
  0x000001f2b67e5ab0 JavaThread "Unconstrained build operations Thread 16" [_thread_blocked, id=24936, stack(0x0000003ff3a00000,0x0000003ff3b00000)]
  0x000001f2b67e2040 JavaThread "Unconstrained build operations Thread 17" [_thread_blocked, id=24940, stack(0x0000003ff3b00000,0x0000003ff3c00000)]
  0x000001f2b67e1050 JavaThread "Unconstrained build operations Thread 18" [_thread_blocked, id=24944, stack(0x0000003ff3c00000,0x0000003ff3d00000)]
  0x000001f2b67e05b0 JavaThread "Unconstrained build operations Thread 19" [_thread_blocked, id=24948, stack(0x0000003ff3d00000,0x0000003ff3e00000)]
  0x000001f2b67e6550 JavaThread "Unconstrained build operations Thread 20" [_thread_blocked, id=24952, stack(0x0000003ff3e00000,0x0000003ff3f00000)]
  0x000001f2b67e15a0 JavaThread "Unconstrained build operations Thread 21" [_thread_blocked, id=24956, stack(0x0000003ff3f00000,0x0000003ff4000000)]
  0x000001f2b67e0b00 JavaThread "Unconstrained build operations Thread 22" [_thread_blocked, id=24960, stack(0x0000003ff4000000,0x0000003ff4100000)]
  0x000001f2b67e2590 JavaThread "Unconstrained build operations Thread 23" [_thread_blocked, id=24964, stack(0x0000003ff4100000,0x0000003ff4200000)]
  0x000001f2b67e6000 JavaThread "Unconstrained build operations Thread 24" [_thread_blocked, id=24968, stack(0x0000003ff4200000,0x0000003ff4300000)]
  0x000001f2b67e6aa0 JavaThread "Unconstrained build operations Thread 25" [_thread_blocked, id=24972, stack(0x0000003ff4300000,0x0000003ff4400000)]
  0x000001f2b67df070 JavaThread "Unconstrained build operations Thread 26" [_thread_blocked, id=24976, stack(0x0000003ff4400000,0x0000003ff4500000)]
  0x000001f2b67dfb10 JavaThread "Memory manager" [_thread_blocked, id=23708, stack(0x0000003ff4600000,0x0000003ff4700000)]
  0x000001f2b67e2ae0 JavaThread "Cache worker for Build Output Cleanup Cache (D:\projects\React_Native\To_DO_App\android\.gradle\buildOutputCleanup)" [_thread_blocked, id=24024, stack(0x0000003ff4700000,0x0000003ff4800000)]

Other Threads:
  0x000001f2afc0ac70 VMThread "VM Thread" [stack: 0x0000003ff0100000,0x0000003ff0200000] [id=21496]
  0x000001f2b408cc30 WatcherThread "VM Periodic Task Thread" [stack: 0x0000003ff0d00000,0x0000003ff0e00000] [id=20520]
  0x000001f291c5fb90 WorkerThread "GC Thread#0" [stack: 0x0000003fefc00000,0x0000003fefd00000] [id=21420]
  0x000001f2b43e57e0 WorkerThread "GC Thread#1" [stack: 0x0000003ff0e00000,0x0000003ff0f00000] [id=22312]
  0x000001f2b451b7b0 WorkerThread "GC Thread#2" [stack: 0x0000003ff0f00000,0x0000003ff1000000] [id=22316]
  0x000001f2b41a78e0 WorkerThread "GC Thread#3" [stack: 0x0000003ff1000000,0x0000003ff1100000] [id=19652]
  0x000001f291c71a10 ConcurrentGCThread "G1 Main Marker" [stack: 0x0000003fefd00000,0x0000003fefe00000] [id=21424]
  0x000001f291c72350 WorkerThread "G1 Conc#0" [stack: 0x0000003fefe00000,0x0000003feff00000] [id=21428]
  0x000001f291ccd710 ConcurrentGCThread "G1 Refine#0" [stack: 0x0000003feff00000,0x0000003ff0000000] [id=21432]
  0x000001f291cce160 ConcurrentGCThread "G1 Service" [stack: 0x0000003ff0000000,0x0000003ff0100000] [id=21436]

Threads with active compile tasks:
C2 CompilerThread0   303205 7362       4       sun.reflect.generics.parser.SignatureParser::parsePackageNameAndSimpleClassTypeSignature (119 bytes)

VM state: not at safepoint (normal execution)

VM Mutex/Monitor currently owned by a thread: None

Heap address: 0x0000000080000000, size: 2048 MB, Compressed Oops mode: 32-bit

CDS archive(s) mapped at: [0x0000000800000000-0x0000000800c40000-0x0000000800c40000), size 12845056, SharedBaseAddress: 0x0000000800000000, ArchiveRelocationMode: 0.
Compressed class space mapped at: 0x0000000801000000-0x000000081ac00000, reserved size: 432013312
Narrow klass base: 0x0000000800000000, Narrow klass shift: 0, Narrow klass range: 0x100000000

GC Precious Log:
 CardTable entry size: 512
 Card Set container configuration: InlinePtr #cards 5 size 8 Array Of Cards #cards 12 size 40 Howl #buckets 4 coarsen threshold 1843 Howl Bitmap #cards 512 size 80 coarsen threshold 460 Card regions per heap region 1 cards per card region 2048
 CPUs: 4 total, 4 available
 Memory: 8067M
 Large Page Support: Disabled
 NUMA Support: Disabled
 Compressed Oops: Enabled (32-bit)
 Heap Region Size: 1M
 Heap Min Capacity: 8M
 Heap Initial Capacity: 128M
 Heap Max Capacity: 2G
 Pre-touch: Disabled
 Parallel Workers: 4
 Concurrent Workers: 1
 Concurrent Refinement Workers: 4
 Periodic GC: Disabled

Heap:
 garbage-first heap   total 87040K, used 70040K [0x0000000080000000, 0x0000000100000000)
  region size 1024K, 22 young (22528K), 1 survivors (1024K)
 Metaspace       used 60747K, committed 62656K, reserved 487424K
  class space    used 8313K, committed 9280K, reserved 421888K

Heap Regions: E=young(eden), S=young(survivor), O=old, HS=humongous(starts), HC=humongous(continues), CS=collection set, F=free, OA=open archive, CA=closed archive, TAMS=top-at-mark-start (previous, next)
|   0|0x0000000080000000, 0x0000000080100000, 0x0000000080100000|100%| O|  |TAMS 0x0000000080100000, 0x0000000080000000| Untracked 
|   1|0x0000000080100000, 0x0000000080200000, 0x0000000080200000|100%| O|  |TAMS 0x0000000080200000, 0x0000000080100000| Untracked 
|   2|0x0000000080200000, 0x0000000080300000, 0x0000000080300000|100%|HS|  |TAMS 0x0000000080300000, 0x0000000080200000| Complete 
|   3|0x0000000080300000, 0x0000000080400000, 0x0000000080400000|100%|HC|  |TAMS 0x0000000080400000, 0x0000000080300000| Complete 
|   4|0x0000000080400000, 0x0000000080500000, 0x0000000080500000|100%|HC|  |TAMS 0x0000000080500000, 0x0000000080400000| Complete 
|   5|0x0000000080500000, 0x0000000080600000, 0x0000000080600000|100%|HC|  |TAMS 0x0000000080600000, 0x0000000080500000| Complete 
|   6|0x0000000080600000, 0x0000000080700000, 0x0000000080700000|100%| O|  |TAMS 0x0000000080700000, 0x0000000080600000| Untracked 
|   7|0x0000000080700000, 0x0000000080800000, 0x0000000080800000|100%| O|  |TAMS 0x0000000080800000, 0x0000000080700000| Untracked 
|   8|0x0000000080800000, 0x0000000080900000, 0x0000000080900000|100%| O|  |TAMS 0x0000000080900000, 0x0000000080800000| Untracked 
|   9|0x0000000080900000, 0x0000000080a00000, 0x0000000080a00000|100%| O|  |TAMS 0x0000000080a00000, 0x0000000080900000| Untracked 
|  10|0x0000000080a00000, 0x0000000080b00000, 0x0000000080b00000|100%| O|  |TAMS 0x0000000080b00000, 0x0000000080a00000| Untracked 
|  11|0x0000000080b00000, 0x0000000080c00000, 0x0000000080c00000|100%| O|  |TAMS 0x0000000080c00000, 0x0000000080b00000| Untracked 
|  12|0x0000000080c00000, 0x0000000080d00000, 0x0000000080d00000|100%| O|  |TAMS 0x0000000080c00000, 0x0000000080c00000| Untracked 
|  13|0x0000000080d00000, 0x0000000080e00000, 0x0000000080e00000|100%| O|  |TAMS 0x0000000080e00000, 0x0000000080d00000| Untracked 
|  14|0x0000000080e00000, 0x0000000080f00000, 0x0000000080f00000|100%| O|  |TAMS 0x0000000080f00000, 0x0000000080e00000| Untracked 
|  15|0x0000000080f00000, 0x0000000081000000, 0x0000000081000000|100%| O|  |TAMS 0x0000000081000000, 0x0000000080f00000| Untracked 
|  16|0x0000000081000000, 0x0000000081100000, 0x0000000081100000|100%| O|  |TAMS 0x0000000081100000, 0x0000000081000000| Untracked 
|  17|0x0000000081100000, 0x0000000081200000, 0x0000000081200000|100%| O|  |TAMS 0x0000000081200000, 0x0000000081100000| Untracked 
|  18|0x0000000081200000, 0x0000000081300000, 0x0000000081300000|100%| O|  |TAMS 0x0000000081300000, 0x0000000081200000| Untracked 
|  19|0x0000000081300000, 0x0000000081400000, 0x0000000081400000|100%| O|  |TAMS 0x0000000081400000, 0x0000000081300000| Untracked 
|  20|0x0000000081400000, 0x0000000081500000, 0x0000000081500000|100%| O|  |TAMS 0x0000000081500000, 0x0000000081400000| Untracked 
|  21|0x0000000081500000, 0x0000000081600000, 0x0000000081600000|100%| O|  |TAMS 0x0000000081600000, 0x0000000081500000| Untracked 
|  22|0x0000000081600000, 0x0000000081700000, 0x0000000081700000|100%| O|  |TAMS 0x0000000081700000, 0x0000000081600000| Untracked 
|  23|0x0000000081700000, 0x0000000081800000, 0x0000000081800000|100%| O|  |TAMS 0x0000000081800000, 0x0000000081700000| Untracked 
|  24|0x0000000081800000, 0x0000000081900000, 0x0000000081900000|100%| O|  |TAMS 0x0000000081900000, 0x0000000081800000| Untracked 
|  25|0x0000000081900000, 0x0000000081a00000, 0x0000000081a00000|100%| O|  |TAMS 0x0000000081a00000, 0x0000000081900000| Untracked 
|  26|0x0000000081a00000, 0x0000000081b00000, 0x0000000081b00000|100%| O|  |TAMS 0x0000000081b00000, 0x0000000081a00000| Untracked 
|  27|0x0000000081b00000, 0x0000000081c00000, 0x0000000081c00000|100%| O|  |TAMS 0x0000000081c00000, 0x0000000081b00000| Untracked 
|  28|0x0000000081c00000, 0x0000000081d00000, 0x0000000081d00000|100%| O|  |TAMS 0x0000000081d00000, 0x0000000081c00000| Untracked 
|  29|0x0000000081d00000, 0x0000000081e00000, 0x0000000081e00000|100%| O|  |TAMS 0x0000000081e00000, 0x0000000081d00000| Untracked 
|  30|0x0000000081e00000, 0x0000000081f00000, 0x0000000081f00000|100%| O|  |TAMS 0x0000000081f00000, 0x0000000081e00000| Untracked 
|  31|0x0000000081f00000, 0x0000000082000000, 0x0000000082000000|100%| O|  |TAMS 0x0000000082000000, 0x0000000081f00000| Untracked 
|  32|0x0000000082000000, 0x0000000082100000, 0x0000000082100000|100%| O|  |TAMS 0x0000000082100000, 0x0000000082000000| Untracked 
|  33|0x0000000082100000, 0x0000000082200000, 0x0000000082200000|100%|HS|  |TAMS 0x0000000082200000, 0x0000000082100000| Complete 
|  34|0x0000000082200000, 0x0000000082300000, 0x0000000082300000|100%|HC|  |TAMS 0x0000000082300000, 0x0000000082200000| Complete 
|  35|0x0000000082300000, 0x0000000082400000, 0x0000000082400000|100%| O|  |TAMS 0x0000000082400000, 0x0000000082300000| Untracked 
|  36|0x0000000082400000, 0x0000000082500000, 0x0000000082500000|100%|HS|  |TAMS 0x0000000082500000, 0x0000000082400000| Complete 
|  37|0x0000000082500000, 0x0000000082600000, 0x0000000082600000|100%|HC|  |TAMS 0x0000000082600000, 0x0000000082500000| Complete 
|  38|0x0000000082600000, 0x0000000082700000, 0x0000000082700000|100%|HC|  |TAMS 0x0000000082700000, 0x0000000082600000| Complete 
|  39|0x0000000082700000, 0x0000000082800000, 0x0000000082800000|100%|HC|  |TAMS 0x0000000082800000, 0x0000000082700000| Complete 
|  40|0x0000000082800000, 0x0000000082800000, 0x0000000082900000|  0%| F|  |TAMS 0x0000000082800000, 0x0000000082800000| Untracked 
|  41|0x0000000082900000, 0x0000000082a00000, 0x0000000082a00000|100%| O|  |TAMS 0x0000000082a00000, 0x0000000082900000| Untracked 
|  42|0x0000000082a00000, 0x0000000082b00000, 0x0000000082b00000|100%| O|  |TAMS 0x0000000082b00000, 0x0000000082a00000| Untracked 
|  43|0x0000000082b00000, 0x0000000082c00000, 0x0000000082c00000|100%| O|  |TAMS 0x0000000082c00000, 0x0000000082b00000| Untracked 
|  44|0x0000000082c00000, 0x0000000082d00000, 0x0000000082d00000|100%| O|  |TAMS 0x0000000082d00000, 0x0000000082c00000| Untracked 
|  45|0x0000000082d00000, 0x0000000082e00000, 0x0000000082e00000|100%| O|  |TAMS 0x0000000082e00000, 0x0000000082d00000| Untracked 
|  46|0x0000000082e00000, 0x0000000082f00000, 0x0000000082f00000|100%| O|  |TAMS 0x0000000082f00000, 0x0000000082e00000| Untracked 
|  47|0x0000000082f00000, 0x0000000083000000, 0x0000000083000000|100%| O|  |TAMS 0x0000000082f77600, 0x0000000082f00000| Untracked 
|  48|0x0000000083000000, 0x0000000083100000, 0x0000000083100000|100%| O|  |TAMS 0x0000000083000000, 0x0000000083000000| Untracked 
|  49|0x0000000083100000, 0x00000000831efa00, 0x0000000083200000| 93%| O|  |TAMS 0x0000000083100000, 0x0000000083100000| Untracked 
|  50|0x0000000083200000, 0x0000000083200000, 0x0000000083300000|  0%| F|  |TAMS 0x0000000083200000, 0x0000000083200000| Untracked 
|  51|0x0000000083300000, 0x0000000083300000, 0x0000000083400000|  0%| F|  |TAMS 0x0000000083300000, 0x0000000083300000| Untracked 
|  52|0x0000000083400000, 0x0000000083400000, 0x0000000083500000|  0%| F|  |TAMS 0x0000000083400000, 0x0000000083400000| Untracked 
|  53|0x0000000083500000, 0x0000000083500000, 0x0000000083600000|  0%| F|  |TAMS 0x0000000083500000, 0x0000000083500000| Untracked 
|  54|0x0000000083600000, 0x0000000083600000, 0x0000000083700000|  0%| F|  |TAMS 0x0000000083600000, 0x0000000083600000| Untracked 
|  55|0x0000000083700000, 0x0000000083700000, 0x0000000083800000|  0%| F|  |TAMS 0x0000000083700000, 0x0000000083700000| Untracked 
|  56|0x0000000083800000, 0x0000000083800000, 0x0000000083900000|  0%| F|  |TAMS 0x0000000083800000, 0x0000000083800000| Untracked 
|  57|0x0000000083900000, 0x0000000083900000, 0x0000000083a00000|  0%| F|  |TAMS 0x0000000083900000, 0x0000000083900000| Untracked 
|  58|0x0000000083a00000, 0x0000000083a00000, 0x0000000083b00000|  0%| F|  |TAMS 0x0000000083a00000, 0x0000000083a00000| Untracked 
|  59|0x0000000083b00000, 0x0000000083b00000, 0x0000000083c00000|  0%| F|  |TAMS 0x0000000083b00000, 0x0000000083b00000| Untracked 
|  60|0x0000000083c00000, 0x0000000083c00000, 0x0000000083d00000|  0%| F|  |TAMS 0x0000000083c00000, 0x0000000083c00000| Untracked 
|  61|0x0000000083d00000, 0x0000000083d00000, 0x0000000083e00000|  0%| F|  |TAMS 0x0000000083d00000, 0x0000000083d00000| Untracked 
|  62|0x0000000083e00000, 0x0000000083e00000, 0x0000000083f00000|  0%| F|  |TAMS 0x0000000083e00000, 0x0000000083e00000| Untracked 
|  63|0x0000000083f00000, 0x0000000083f454d8, 0x0000000084000000| 27%| E|  |TAMS 0x0000000083f00000, 0x0000000083f00000| Complete 
|  64|0x0000000084000000, 0x0000000084100000, 0x0000000084100000|100%| E|CS|TAMS 0x0000000084000000, 0x0000000084000000| Complete 
|  65|0x0000000084100000, 0x0000000084200000, 0x0000000084200000|100%| E|CS|TAMS 0x0000000084100000, 0x0000000084100000| Complete 
|  66|0x0000000084200000, 0x0000000084300000, 0x0000000084300000|100%| E|CS|TAMS 0x0000000084200000, 0x0000000084200000| Complete 
|  67|0x0000000084300000, 0x0000000084400000, 0x0000000084400000|100%| E|CS|TAMS 0x0000000084300000, 0x0000000084300000| Complete 
|  68|0x0000000084400000, 0x0000000084500000, 0x0000000084500000|100%| E|CS|TAMS 0x0000000084400000, 0x0000000084400000| Complete 
|  69|0x0000000084500000, 0x0000000084600000, 0x0000000084600000|100%| E|CS|TAMS 0x0000000084500000, 0x0000000084500000| Complete 
|  70|0x0000000084600000, 0x0000000084700000, 0x0000000084700000|100%| E|CS|TAMS 0x0000000084600000, 0x0000000084600000| Complete 
|  71|0x0000000084700000, 0x0000000084800000, 0x0000000084800000|100%| E|CS|TAMS 0x0000000084700000, 0x0000000084700000| Complete 
|  72|0x0000000084800000, 0x0000000084900000, 0x0000000084900000|100%| E|CS|TAMS 0x0000000084800000, 0x0000000084800000| Complete 
|  73|0x0000000084900000, 0x0000000084a00000, 0x0000000084a00000|100%| E|CS|TAMS 0x0000000084900000, 0x0000000084900000| Complete 
|  74|0x0000000084a00000, 0x0000000084b00000, 0x0000000084b00000|100%| E|CS|TAMS 0x0000000084a00000, 0x0000000084a00000| Complete 
|  75|0x0000000084b00000, 0x0000000084c00000, 0x0000000084c00000|100%| E|  |TAMS 0x0000000084b00000, 0x0000000084b00000| Complete 
|  76|0x0000000084c00000, 0x0000000084d00000, 0x0000000084d00000|100%| E|CS|TAMS 0x0000000084c00000, 0x0000000084c00000| Complete 
|  77|0x0000000084d00000, 0x0000000084e00000, 0x0000000084e00000|100%| E|CS|TAMS 0x0000000084d00000, 0x0000000084d00000| Complete 
|  78|0x0000000084e00000, 0x0000000084f00000, 0x0000000084f00000|100%| E|CS|TAMS 0x0000000084e00000, 0x0000000084e00000| Complete 
|  79|0x0000000084f00000, 0x0000000085000000, 0x0000000085000000|100%| E|CS|TAMS 0x0000000084f00000, 0x0000000084f00000| Complete 
|  80|0x0000000085000000, 0x0000000085100000, 0x0000000085100000|100%| E|CS|TAMS 0x0000000085000000, 0x0000000085000000| Complete 
|  81|0x0000000085100000, 0x0000000085200000, 0x0000000085200000|100%| E|CS|TAMS 0x0000000085100000, 0x0000000085100000| Complete 
| 111|0x0000000086f00000, 0x0000000087000000, 0x0000000087000000|100%| E|CS|TAMS 0x0000000086f00000, 0x0000000086f00000| Complete 
| 112|0x0000000087000000, 0x00000000870767a0, 0x0000000087100000| 46%| S|CS|TAMS 0x0000000087000000, 0x0000000087000000| Complete 
| 127|0x0000000087f00000, 0x0000000088000000, 0x0000000088000000|100%| E|CS|TAMS 0x0000000087f00000, 0x0000000087f00000| Complete 

Card table byte_map: [0x000001f2a8f70000,0x000001f2a9370000] _byte_map_base: 0x000001f2a8b70000

Marking Bits (Prev, Next): (CMBitMap*) 0x000001f291c610e0, (CMBitMap*) 0x000001f291c61120
 Prev Bits: [0x000001f2a9770000, 0x000001f2ab770000)
 Next Bits: [0x000001f2ab770000, 0x000001f2ad770000)

Polling page: 0x000001f28fb70000

Metaspace:

Usage:
  Non-class:     51.20 MB used.
      Class:      8.12 MB used.
       Both:     59.32 MB used.

Virtual space:
  Non-class space:       64.00 MB reserved,      52.12 MB ( 81%) committed,  1 nodes.
      Class space:      412.00 MB reserved,       9.06 MB (  2%) committed,  1 nodes.
             Both:      476.00 MB reserved,      61.19 MB ( 13%) committed. 

Chunk freelists:
   Non-Class:  3.55 MB
       Class:  2.88 MB
        Both:  6.43 MB

MaxMetaspaceSize: 512.00 MB
CompressedClassSpaceSize: 412.00 MB
Initial GC threshold: 21.00 MB
Current GC threshold: 97.50 MB
CDS: on
MetaspaceReclaimPolicy: balanced
 - commit_granule_bytes: 65536.
 - commit_granule_words: 8192.
 - virtual_space_node_default_size: 8388608.
 - enlarge_chunks_in_place: 1.
 - new_chunks_are_fully_committed: 0.
 - uncommit_free_chunks: 1.
 - use_allocation_guard: 0.


Internal statistics:

num_allocs_failed_limit: 6.
num_arena_births: 3260.
num_arena_deaths: 0.
num_vsnodes_births: 2.
num_vsnodes_deaths: 0.
num_space_committed: 979.
num_space_uncommitted: 0.
num_chunks_returned_to_freelist: 6.
num_chunks_taken_from_freelist: 6157.
num_chunk_merges: 6.
num_chunk_splits: 3978.
num_chunks_enlarged: 2374.
num_inconsistent_stats: 0.

CodeHeap 'non-profiled nmethods': size=120000Kb used=3426Kb max_used=3426Kb free=116573Kb
 bounds [0x000001f2a1640000, 0x000001f2a19a0000, 0x000001f2a8b70000]
CodeHeap 'profiled nmethods': size=120000Kb used=12676Kb max_used=12676Kb free=107323Kb
 bounds [0x000001f299b70000, 0x000001f29a7e0000, 0x000001f2a10a0000]
CodeHeap 'non-nmethods': size=5760Kb used=2446Kb max_used=2525Kb free=3313Kb
 bounds [0x000001f2a10a0000, 0x000001f2a1330000, 0x000001f2a1640000]
 total_blobs=7338 nmethods=6446 adapters=802
 compilation: enabled
              stopped_count=0, restarted_count=0
 full_count=0

Compilation events (20 events):
Event: 302.764 Thread 0x000001f2afc5f9c0 nmethod 7357 0x000001f29a7cc690 code [0x000001f29a7cc840, 0x000001f29a7cc988]
Event: 302.765 Thread 0x000001f2afc5f9c0 7358       3       java.util.stream.AbstractPipeline::evaluate (44 bytes)
Event: 302.765 Thread 0x000001f2afc5f9c0 nmethod 7358 0x000001f29a7cca10 code [0x000001f29a7ccc60, 0x000001f29a7cd568]
Event: 302.766 Thread 0x000001f2afc5f9c0 7359       3       java.util.stream.Nodes::flatten (70 bytes)
Event: 302.766 Thread 0x000001f2afc5f9c0 nmethod 7359 0x000001f29a7cd810 code [0x000001f29a7cda60, 0x000001f29a7ce2d8]
Event: 302.767 Thread 0x000001f2afc5f9c0 7360       3       org.codehaus.groovy.reflection.CachedClass::getNewMetaMethods (166 bytes)
Event: 302.768 Thread 0x000001f2afc2cf20 7361       4       groovy.lang.MetaClassImpl$1::methodNameAction (169 bytes)
Event: 302.768 Thread 0x000001f2afc5f9c0 nmethod 7360 0x000001f29a7ce590 code [0x000001f29a7ce900, 0x000001f29a7d01a8]
Event: 302.775 Thread 0x000001f2afc5f9c0 7363       3       java.util.AbstractMap::isEmpty (13 bytes)
Event: 302.775 Thread 0x000001f2afc5f9c0 nmethod 7363 0x000001f29a7d0910 code [0x000001f29a7d0ac0, 0x000001f29a7d0ce8]
Event: 302.778 Thread 0x000001f2afc2cf20 nmethod 7361 0x000001f2a1997790 code [0x000001f2a1997960, 0x000001f2a1997ee8]
Event: 302.779 Thread 0x000001f2afc2cf20 7362       4       sun.reflect.generics.parser.SignatureParser::parsePackageNameAndSimpleClassTypeSignature (119 bytes)
Event: 302.790 Thread 0x000001f2afc5f9c0 7364       1       org.gradle.cache.internal.DefaultFileLockManager::access$000 (5 bytes)
Event: 302.790 Thread 0x000001f2afc5f9c0 nmethod 7364 0x000001f2a1998290 code [0x000001f2a1998420, 0x000001f2a19984d8]
Event: 302.791 Thread 0x000001f2afc5f9c0 7365       1       org.gradle.cache.internal.filelock.LockOptionsBuilder::isUseCrossVersionImplementation (5 bytes)
Event: 302.791 Thread 0x000001f2afc5f9c0 nmethod 7365 0x000001f2a1998590 code [0x000001f2a1998720, 0x000001f2a19987f8]
Event: 302.791 Thread 0x000001f2afc5f9c0 7366       1       org.gradle.cache.internal.filelock.DefaultLockStateSerializer::getSize (3 bytes)
Event: 302.791 Thread 0x000001f2afc5f9c0 nmethod 7366 0x000001f2a1998890 code [0x000001f2a1998a20, 0x000001f2a1998af8]
Event: 302.968 Thread 0x000001f2afc5f9c0 7367       3       org.gradle.internal.dispatch.MethodInvocation::<init> (25 bytes)
Event: 302.968 Thread 0x000001f2afc5f9c0 nmethod 7367 0x000001f29a7d0d90 code [0x000001f29a7d0f40, 0x000001f29a7d11b8]

GC Heap History (20 events):
Event: 205.053 GC heap before
{Heap before GC invocations=13 (full 0):
 garbage-first heap   total 81920K, used 62549K [0x0000000080000000, 0x0000000100000000)
  region size 1024K, 31 young (31744K), 1 survivors (1024K)
 Metaspace       used 40887K, committed 42368K, reserved 487424K
  class space    used 5604K, committed 6336K, reserved 421888K
}
Event: 205.058 GC heap after
{Heap after GC invocations=14 (full 0):
 garbage-first heap   total 81920K, used 34140K [0x0000000080000000, 0x0000000100000000)
  region size 1024K, 2 young (2048K), 2 survivors (2048K)
 Metaspace       used 40887K, committed 42368K, reserved 487424K
  class space    used 5604K, committed 6336K, reserved 421888K
}
Event: 252.220 GC heap before
{Heap before GC invocations=14 (full 0):
 garbage-first heap   total 81920K, used 64860K [0x0000000080000000, 0x0000000100000000)
  region size 1024K, 32 young (32768K), 2 survivors (2048K)
 Metaspace       used 44534K, committed 46016K, reserved 487424K
  class space    used 6114K, committed 6848K, reserved 421888K
}
Event: 252.346 GC heap after
{Heap after GC invocations=15 (full 0):
 garbage-first heap   total 81920K, used 35064K [0x0000000080000000, 0x0000000100000000)
  region size 1024K, 3 young (3072K), 3 survivors (3072K)
 Metaspace       used 44534K, committed 46016K, reserved 487424K
  class space    used 6114K, committed 6848K, reserved 421888K
}
Event: 269.571 GC heap before
{Heap before GC invocations=15 (full 0):
 garbage-first heap   total 81920K, used 54520K [0x0000000080000000, 0x0000000100000000)
  region size 1024K, 21 young (21504K), 3 survivors (3072K)
 Metaspace       used 45627K, committed 47168K, reserved 487424K
  class space    used 6271K, committed 7040K, reserved 421888K
}
Event: 269.585 GC heap after
{Heap after GC invocations=16 (full 0):
 garbage-first heap   total 81920K, used 39075K [0x0000000080000000, 0x0000000100000000)
  region size 1024K, 3 young (3072K), 3 survivors (3072K)
 Metaspace       used 45627K, committed 47168K, reserved 487424K
  class space    used 6271K, committed 7040K, reserved 421888K
}
Event: 271.841 GC heap before
{Heap before GC invocations=16 (full 0):
 garbage-first heap   total 81920K, used 68771K [0x0000000080000000, 0x0000000100000000)
  region size 1024K, 29 young (29696K), 3 survivors (3072K)
 Metaspace       used 49831K, committed 51520K, reserved 487424K
  class space    used 6811K, committed 7680K, reserved 421888K
}
Event: 271.852 GC heap after
{Heap after GC invocations=17 (full 0):
 garbage-first heap   total 81920K, used 45442K [0x0000000080000000, 0x0000000100000000)
  region size 1024K, 4 young (4096K), 4 survivors (4096K)
 Metaspace       used 49831K, committed 51520K, reserved 487424K
  class space    used 6811K, committed 7680K, reserved 421888K
}
Event: 273.648 GC heap before
{Heap before GC invocations=17 (full 0):
 garbage-first heap   total 81920K, used 66946K [0x0000000080000000, 0x0000000100000000)
  region size 1024K, 25 young (25600K), 4 survivors (4096K)
 Metaspace       used 52218K, committed 54016K, reserved 487424K
  class space    used 7197K, committed 8128K, reserved 421888K
}
Event: 273.742 GC heap after
{Heap after GC invocations=18 (full 0):
 garbage-first heap   total 81920K, used 46756K [0x0000000080000000, 0x0000000100000000)
  region size 1024K, 2 young (2048K), 2 survivors (2048K)
 Metaspace       used 52218K, committed 54016K, reserved 487424K
  class space    used 7197K, committed 8128K, reserved 421888K
}
Event: 274.476 GC heap before
{Heap before GC invocations=19 (full 0):
 garbage-first heap   total 86016K, used 66212K [0x0000000080000000, 0x0000000100000000)
  region size 1024K, 21 young (21504K), 2 survivors (2048K)
 Metaspace       used 54258K, committed 56064K, reserved 487424K
  class space    used 7488K, committed 8448K, reserved 421888K
}
Event: 274.481 GC heap after
{Heap after GC invocations=20 (full 0):
 garbage-first heap   total 86016K, used 47792K [0x0000000080000000, 0x0000000100000000)
  region size 1024K, 3 young (3072K), 3 survivors (3072K)
 Metaspace       used 54258K, committed 56064K, reserved 487424K
  class space    used 7488K, committed 8448K, reserved 421888K
}
Event: 274.514 GC heap before
{Heap before GC invocations=20 (full 0):
 garbage-first heap   total 86016K, used 48816K [0x0000000080000000, 0x0000000100000000)
  region size 1024K, 4 young (4096K), 3 survivors (3072K)
 Metaspace       used 54421K, committed 56256K, reserved 487424K
  class space    used 7509K, committed 8448K, reserved 421888K
}
Event: 274.520 GC heap after
{Heap after GC invocations=21 (full 0):
 garbage-first heap   total 86016K, used 48008K [0x0000000080000000, 0x0000000100000000)
  region size 1024K, 1 young (1024K), 1 survivors (1024K)
 Metaspace       used 54421K, committed 56256K, reserved 487424K
  class space    used 7509K, committed 8448K, reserved 421888K
}
Event: 276.677 GC heap before
{Heap before GC invocations=21 (full 0):
 garbage-first heap   total 86016K, used 69512K [0x0000000080000000, 0x0000000100000000)
  region size 1024K, 23 young (23552K), 1 survivors (1024K)
 Metaspace       used 57751K, committed 59584K, reserved 487424K
  class space    used 7922K, committed 8896K, reserved 421888K
}
Event: 276.681 GC heap after
{Heap after GC invocations=22 (full 0):
 garbage-first heap   total 86016K, used 49026K [0x0000000080000000, 0x0000000100000000)
  region size 1024K, 2 young (2048K), 2 survivors (2048K)
 Metaspace       used 57751K, committed 59584K, reserved 487424K
  class space    used 7922K, committed 8896K, reserved 421888K
}
Event: 284.822 GC heap before
{Heap before GC invocations=23 (full 0):
 garbage-first heap   total 87040K, used 69506K [0x0000000080000000, 0x0000000100000000)
  region size 1024K, 23 young (23552K), 2 survivors (2048K)
 Metaspace       used 59085K, committed 60864K, reserved 487424K
  class space    used 8067K, committed 9024K, reserved 421888K
}
Event: 284.836 GC heap after
{Heap after GC invocations=24 (full 0):
 garbage-first heap   total 87040K, used 50398K [0x0000000080000000, 0x0000000100000000)
  region size 1024K, 3 young (3072K), 3 survivors (3072K)
 Metaspace       used 59085K, committed 60864K, reserved 487424K
  class space    used 8067K, committed 9024K, reserved 421888K
}
Event: 285.096 GC heap before
{Heap before GC invocations=24 (full 0):
 garbage-first heap   total 87040K, used 51422K [0x0000000080000000, 0x0000000100000000)
  region size 1024K, 4 young (4096K), 3 survivors (3072K)
 Metaspace       used 59247K, committed 61120K, reserved 487424K
  class space    used 8094K, committed 9088K, reserved 421888K
}
Event: 285.101 GC heap after
{Heap after GC invocations=25 (full 0):
 garbage-first heap   total 87040K, used 50584K [0x0000000080000000, 0x0000000100000000)
  region size 1024K, 1 young (1024K), 1 survivors (1024K)
 Metaspace       used 59247K, committed 61120K, reserved 487424K
  class space    used 8094K, committed 9088K, reserved 421888K
}

Dll operation events (13 events):
Event: 0.019 Loaded shared library D:\java\bin\java.dll
Event: 0.208 Loaded shared library D:\java\bin\jsvml.dll
Event: 3.868 Loaded shared library D:\java\bin\net.dll
Event: 4.452 Loaded shared library D:\java\bin\nio.dll
Event: 4.465 Loaded shared library D:\java\bin\zip.dll
Event: 10.520 Loaded shared library D:\java\bin\jimage.dll
Event: 11.114 Loaded shared library D:\java\bin\verify.dll
Event: 16.572 Loaded shared library C:\Users\samee\.gradle\native\68d5fa5c4cc2d200863cafc0d521ce42e7d3e7ee720ec0a83991735586a16f82\windows-amd64\native-platform.dll
Event: 16.600 Loaded shared library C:\Users\samee\.gradle\native\e376f236ea51e6404a007f0833ffe2c6e607c4080706a723a18a27aeea778392\windows-amd64\native-platform-file-events.dll
Event: 32.588 Loaded shared library D:\java\bin\management.dll
Event: 32.593 Loaded shared library D:\java\bin\management_ext.dll
Event: 38.796 Loaded shared library D:\java\bin\extnet.dll
Event: 52.554 Loaded shared library D:\java\bin\sunmscapi.dll

Deoptimization events (20 events):
Event: 284.035 Thread 0x000001f2b56c1dc0 Uncommon trap: trap_request=0xffffffde fr.pc=0x000001f2a16ee74c relative=0x000000000000052c
Event: 284.035 Thread 0x000001f2b56c1dc0 Uncommon trap: reason=class_check action=maybe_recompile pc=0x000001f2a16ee74c method=jdk.internal.loader.Resource.getBytes()[B @ 10 c2
Event: 284.035 Thread 0x000001f2b56c1dc0 DEOPT PACKING pc=0x000001f2a16ee74c sp=0x0000003ff17f7a20
Event: 284.035 Thread 0x000001f2b56c1dc0 DEOPT UNPACKING pc=0x000001f2a1106da3 sp=0x0000003ff17f79c8 mode 2
Event: 284.038 Thread 0x000001f2b56c1dc0 Uncommon trap: trap_request=0xffffffde fr.pc=0x000001f2a18849b8 relative=0x0000000000000218
Event: 284.038 Thread 0x000001f2b56c1dc0 Uncommon trap: reason=class_check action=maybe_recompile pc=0x000001f2a18849b8 method=jdk.internal.loader.URLClassPath.getResource(Ljava/lang/String;Z)Ljdk/internal/loader/Resource; @ 53 c2
Event: 284.038 Thread 0x000001f2b56c1dc0 DEOPT PACKING pc=0x000001f2a18849b8 sp=0x0000003ff17f7d00
Event: 284.038 Thread 0x000001f2b56c1dc0 DEOPT UNPACKING pc=0x000001f2a1106da3 sp=0x0000003ff17f7ca8 mode 2
Event: 285.674 Thread 0x000001f2b56c1dc0 Uncommon trap: trap_request=0xffffffcc fr.pc=0x000001f2a19844e8 relative=0x0000000000000248
Event: 285.674 Thread 0x000001f2b56c1dc0 Uncommon trap: reason=intrinsic_or_type_checked_inlining action=make_not_entrant pc=0x000001f2a19844e8 method=java.util.ArrayList.toArray([Ljava/lang/Object;)[Ljava/lang/Object; @ 36 c2
Event: 285.674 Thread 0x000001f2b56c1dc0 DEOPT PACKING pc=0x000001f2a19844e8 sp=0x0000003ff17f7000
Event: 285.674 Thread 0x000001f2b56c1dc0 DEOPT UNPACKING pc=0x000001f2a1106da3 sp=0x0000003ff17f6fb0 mode 2
Event: 287.254 Thread 0x000001f2b56c1dc0 DEOPT PACKING pc=0x000001f29a0b518e sp=0x0000003ff17f9e30
Event: 287.254 Thread 0x000001f2b56c1dc0 DEOPT UNPACKING pc=0x000001f2a1107543 sp=0x0000003ff17f93b0 mode 0
Event: 301.819 Thread 0x000001f2b56c1dc0 Uncommon trap: trap_request=0xffffffdc fr.pc=0x000001f2a19932f0 relative=0x00000000000002d0
Event: 301.819 Thread 0x000001f2b56c1dc0 Uncommon trap: reason=class_check action=make_not_entrant pc=0x000001f2a19932f0 method=java.util.ArrayList.toArray([Ljava/lang/Object;)[Ljava/lang/Object; @ 21 c2
Event: 301.819 Thread 0x000001f2b56c1dc0 DEOPT PACKING pc=0x000001f2a19932f0 sp=0x0000003ff17f8810
Event: 301.819 Thread 0x000001f2b56c1dc0 DEOPT UNPACKING pc=0x000001f2a1106da3 sp=0x0000003ff17f87e0 mode 2
Event: 302.780 Thread 0x000001f2b56c1dc0 DEOPT PACKING pc=0x000001f29a10fc4e sp=0x0000003ff17f81b0
Event: 302.780 Thread 0x000001f2b56c1dc0 DEOPT UNPACKING pc=0x000001f2a1107543 sp=0x0000003ff17f76b8 mode 0

Classes loaded (20 events):
Event: 272.563 Loading class java/lang/Byte$ByteCache
Event: 272.563 Loading class java/lang/Byte$ByteCache done
Event: 272.730 Loading class java/util/regex/Pattern$SliceI
Event: 272.730 Loading class java/util/regex/Pattern$SliceI done
Event: 276.700 Loading class java/util/ArrayList$SubList$1
Event: 276.701 Loading class java/util/ArrayList$SubList$1 done
Event: 283.908 Loading class jdk/internal/loader/URLClassPath$FileLoader
Event: 283.908 Loading class jdk/internal/loader/URLClassPath$FileLoader done
Event: 283.910 Loading class jdk/internal/loader/URLClassPath$FileLoader$1
Event: 283.910 Loading class jdk/internal/loader/URLClassPath$FileLoader$1 done
Event: 287.056 Loading class java/lang/AbstractMethodError
Event: 287.057 Loading class java/lang/AbstractMethodError done
Event: 287.225 Loading class java/time/temporal/WeekFields
Event: 287.225 Loading class java/time/temporal/WeekFields done
Event: 287.226 Loading class java/time/temporal/WeekFields$ComputedDayOfField
Event: 287.226 Loading class java/time/temporal/WeekFields$ComputedDayOfField done
Event: 287.227 Loading class java/time/Month$1
Event: 287.227 Loading class java/time/Month$1 done
Event: 287.228 Loading class sun/nio/ch/ChannelOutputStream
Event: 287.228 Loading class sun/nio/ch/ChannelOutputStream done

Classes unloaded (0 events):
No events

Classes redefined (0 events):
No events

Internal exceptions (20 events):
Event: 301.341 Thread 0x000001f2b56c1dc0 Exception <a 'java/lang/ClassNotFoundException'{0x00000000847c4be0}: org/gradle/internal/metaobject/ConfigureDelegateBeanInfo> (0x00000000847c4be0) 
thrown [s\open\src\hotspot\share\classfile\systemDictionary.cpp, line 255]
Event: 301.342 Thread 0x000001f2b56c1dc0 Exception <a 'java/lang/ClassNotFoundException'{0x00000000847d4710}: org/gradle/internal/metaobject/ConfigureDelegateCustomizer> (0x00000000847d4710) 
thrown [s\open\src\hotspot\share\classfile\systemDictionary.cpp, line 255]
Event: 301.848 Thread 0x000001f2b56c1dc0 Exception <a 'java/lang/ClassNotFoundException'{0x0000000084616008}: org/gradle/api/internal/initialization/DefaultScriptHandlerBeanInfo> (0x0000000084616008) 
thrown [s\open\src\hotspot\share\classfile\systemDictionary.cpp, line 255]
Event: 301.851 Thread 0x000001f2b56c1dc0 Exception <a 'java/lang/ClassNotFoundException'{0x0000000084625d68}: org/gradle/api/internal/initialization/DefaultScriptHandlerCustomizer> (0x0000000084625d68) 
thrown [s\open\src\hotspot\share\classfile\systemDictionary.cpp, line 255]
Event: 302.128 Thread 0x000001f2b56c1dc0 Exception <a 'java/lang/ClassNotFoundException'{0x00000000842660e0}: org/gradle/api/internal/artifacts/dsl/DefaultRepositoryHandler_DecoratedBeanInfo> (0x00000000842660e0) 
thrown [s\open\src\hotspot\share\classfile\systemDictionary.cpp, line 255]
Event: 302.129 Thread 0x000001f2b56c1dc0 Exception <a 'java/lang/ClassNotFoundException'{0x000000008427aff0}: org/gradle/api/internal/artifacts/dsl/DefaultRepositoryHandlerBeanInfo> (0x000000008427aff0) 
thrown [s\open\src\hotspot\share\classfile\systemDictionary.cpp, line 255]
Event: 302.131 Thread 0x000001f2b56c1dc0 Exception <a 'java/lang/ClassNotFoundException'{0x0000000084290c20}: org/gradle/api/internal/artifacts/DefaultArtifactRepositoryContainerBeanInfo> (0x0000000084290c20) 
thrown [s\open\src\hotspot\share\classfile\systemDictionary.cpp, line 255]
Event: 302.132 Thread 0x000001f2b56c1dc0 Exception <a 'java/lang/ClassNotFoundException'{0x00000000842a3d70}: org/gradle/api/internal/DefaultNamedDomainObjectListBeanInfo> (0x00000000842a3d70) 
thrown [s\open\src\hotspot\share\classfile\systemDictionary.cpp, line 255]
Event: 302.314 Thread 0x000001f2b56c1dc0 Exception <a 'java/lang/ClassNotFoundException'{0x00000000842b7618}: org/gradle/api/internal/DefaultNamedDomainObjectCollectionBeanInfo> (0x00000000842b7618) 
thrown [s\open\src\hotspot\share\classfile\systemDictionary.cpp, line 255]
Event: 302.316 Thread 0x000001f2b56c1dc0 Exception <a 'java/lang/ClassNotFoundException'{0x00000000842cacd0}: org/gradle/api/internal/DefaultDomainObjectCollectionBeanInfo> (0x00000000842cacd0) 
thrown [s\open\src\hotspot\share\classfile\systemDictionary.cpp, line 255]
Event: 302.318 Thread 0x000001f2b56c1dc0 Exception <a 'java/lang/ClassNotFoundException'{0x00000000842de790}: org/gradle/api/internal/DefaultDomainObjectCollectionCustomizer> (0x00000000842de790) 
thrown [s\open\src\hotspot\share\classfile\systemDictionary.cpp, line 255]
Event: 302.328 Thread 0x000001f2b56c1dc0 Exception <a 'java/lang/ClassNotFoundException'{0x0000000084112b48}: org/gradle/api/internal/DefaultNamedDomainObjectCollectionCustomizer> (0x0000000084112b48) 
thrown [s\open\src\hotspot\share\classfile\systemDictionary.cpp, line 255]
Event: 302.334 Thread 0x000001f2b56c1dc0 Exception <a 'java/lang/ClassNotFoundException'{0x000000008414d250}: org/gradle/api/internal/DefaultNamedDomainObjectListCustomizer> (0x000000008414d250) 
thrown [s\open\src\hotspot\share\classfile\systemDictionary.cpp, line 255]
Event: 302.337 Thread 0x000001f2b56c1dc0 Exception <a 'java/lang/ClassNotFoundException'{0x000000008417d5b8}: org/gradle/api/internal/artifacts/DefaultArtifactRepositoryContainerCustomizer> (0x000000008417d5b8) 
thrown [s\open\src\hotspot\share\classfile\systemDictionary.cpp, line 255]
Event: 302.357 Thread 0x000001f2b56c1dc0 Exception <a 'java/lang/ClassNotFoundException'{0x00000000841a4bc8}: org/gradle/api/internal/artifacts/dsl/DefaultRepositoryHandlerCustomizer> (0x00000000841a4bc8) 
thrown [s\open\src\hotspot\share\classfile\systemDictionary.cpp, line 255]
Event: 302.370 Thread 0x000001f2b56c1dc0 Exception <a 'java/lang/ClassNotFoundException'{0x00000000841da4d8}: org/gradle/api/internal/artifacts/dsl/DefaultRepositoryHandler_DecoratedCustomizer> (0x00000000841da4d8) 
thrown [s\open\src\hotspot\share\classfile\systemDictionary.cpp, line 255]
Event: 302.770 Thread 0x000001f2b56c1dc0 Exception <a 'java/lang/ClassNotFoundException'{0x0000000084072248}: org/gradle/api/internal/artifacts/dsl/dependencies/DefaultDependencyHandler_DecoratedBeanInfo> (0x0000000084072248) 
thrown [s\open\src\hotspot\share\classfile\systemDictionary.cpp, line 255]
Event: 302.771 Thread 0x000001f2b56c1dc0 Exception <a 'java/lang/ClassNotFoundException'{0x0000000084087168}: org/gradle/api/internal/artifacts/dsl/dependencies/DefaultDependencyHandlerBeanInfo> (0x0000000084087168) 
thrown [s\open\src\hotspot\share\classfile\systemDictionary.cpp, line 255]
Event: 302.772 Thread 0x000001f2b56c1dc0 Exception <a 'java/lang/ClassNotFoundException'{0x000000008409beb0}: org/gradle/api/internal/artifacts/dsl/dependencies/DefaultDependencyHandlerCustomizer> (0x000000008409beb0) 
thrown [s\open\src\hotspot\share\classfile\systemDictionary.cpp, line 255]
Event: 302.775 Thread 0x000001f2b56c1dc0 Exception <a 'java/lang/ClassNotFoundException'{0x00000000840d8ba8}: org/gradle/api/internal/artifacts/dsl/dependencies/DefaultDependencyHandler_DecoratedCustomizer> (0x00000000840d8ba8) 
thrown [s\open\src\hotspot\share\classfile\systemDictionary.cpp, line 255]

VM Operations (20 events):
Event: 285.057 Executing VM operation: G1CollectForAllocation
Event: 285.107 Executing VM operation: G1CollectForAllocation done
Event: 286.109 Executing VM operation: Cleanup
Event: 286.127 Executing VM operation: Cleanup done
Event: 286.149 Executing VM operation: HandshakeAllThreads
Event: 286.149 Executing VM operation: HandshakeAllThreads done
Event: 287.155 Executing VM operation: Cleanup
Event: 287.155 Executing VM operation: Cleanup done
Event: 288.159 Executing VM operation: Cleanup
Event: 288.159 Executing VM operation: Cleanup done
Event: 289.174 Executing VM operation: Cleanup
Event: 289.336 Executing VM operation: Cleanup done
Event: 295.394 Executing VM operation: Cleanup
Event: 295.394 Executing VM operation: Cleanup done
Event: 300.429 Executing VM operation: Cleanup
Event: 300.430 Executing VM operation: Cleanup done
Event: 301.435 Executing VM operation: Cleanup
Event: 301.819 Executing VM operation: Cleanup done
Event: 302.822 Executing VM operation: Cleanup
Event: 302.967 Executing VM operation: Cleanup done

Events (20 events):
Event: 254.745 Thread 0x000001f2b48895a0 Thread added: 0x000001f2b48895a0
Event: 254.745 Thread 0x000001f2b67e4020 Thread added: 0x000001f2b67e4020
Event: 254.745 Thread 0x000001f2b67df5c0 Thread added: 0x000001f2b67df5c0
Event: 254.745 Thread 0x000001f2b67e5010 Thread added: 0x000001f2b67e5010
Event: 254.745 Thread 0x000001f2b67e5560 Thread added: 0x000001f2b67e5560
Event: 254.746 Thread 0x000001f2b67e5ab0 Thread added: 0x000001f2b67e5ab0
Event: 254.746 Thread 0x000001f2b67e2040 Thread added: 0x000001f2b67e2040
Event: 254.746 Thread 0x000001f2b67e1050 Thread added: 0x000001f2b67e1050
Event: 254.746 Thread 0x000001f2b67e05b0 Thread added: 0x000001f2b67e05b0
Event: 254.747 Thread 0x000001f2b67e6550 Thread added: 0x000001f2b67e6550
Event: 254.747 Thread 0x000001f2b67e15a0 Thread added: 0x000001f2b67e15a0
Event: 254.747 Thread 0x000001f2b67e0b00 Thread added: 0x000001f2b67e0b00
Event: 254.747 Thread 0x000001f2b67e2590 Thread added: 0x000001f2b67e2590
Event: 254.747 Thread 0x000001f2b67e6000 Thread added: 0x000001f2b67e6000
Event: 254.748 Thread 0x000001f2b67e6aa0 Thread added: 0x000001f2b67e6aa0
Event: 254.748 Thread 0x000001f2b67df070 Thread added: 0x000001f2b67df070
Event: 271.169 Thread 0x000001f2b4a8b1a0 Thread added: 0x000001f2b4a8b1a0
Event: 272.529 Thread 0x000001f2b67dfb10 Thread added: 0x000001f2b67dfb10
Event: 273.156 Thread 0x000001f2b4a8b1a0 Thread exited: 0x000001f2b4a8b1a0
Event: 302.789 Thread 0x000001f2b67e2ae0 Thread added: 0x000001f2b67e2ae0


Dynamic libraries:
0x00007ff6fc4e0000 - 0x00007ff6fc4f0000 	D:\java\bin\java.exe
0x00007fffd3430000 - 0x00007fffd3627000 	C:\WINDOWS\SYSTEM32\ntdll.dll
0x00007fffd1490000 - 0x00007fffd154d000 	C:\WINDOWS\System32\KERNEL32.DLL
0x00007fffd1190000 - 0x00007fffd1486000 	C:\WINDOWS\System32\KERNELBASE.dll
0x00007fffd0dc0000 - 0x00007fffd0ec0000 	C:\WINDOWS\System32\ucrtbase.dll
0x00007fffbcbf0000 - 0x00007fffbcc08000 	D:\java\bin\jli.dll
0x00007fffd18e0000 - 0x00007fffd198e000 	C:\WINDOWS\System32\ADVAPI32.dll
0x00007fffd1840000 - 0x00007fffd18de000 	C:\WINDOWS\System32\msvcrt.dll
0x00007fffd2090000 - 0x00007fffd212c000 	C:\WINDOWS\System32\sechost.dll
0x00007fffd19f0000 - 0x00007fffd1b16000 	C:\WINDOWS\System32\RPCRT4.dll
0x00007fffd2130000 - 0x00007fffd22ce000 	C:\WINDOWS\System32\USER32.dll
0x00007fffd1080000 - 0x00007fffd10a2000 	C:\WINDOWS\System32\win32u.dll
0x00007fffd2bc0000 - 0x00007fffd2bec000 	C:\WINDOWS\System32\GDI32.dll
0x00007fffd0f60000 - 0x00007fffd107a000 	C:\WINDOWS\System32\gdi32full.dll
0x00007fffd0c70000 - 0x00007fffd0d0d000 	C:\WINDOWS\System32\msvcp_win.dll
0x00007fffc6a90000 - 0x00007fffc6aab000 	D:\java\bin\VCRUNTIME140.dll
0x00007fffb3d60000 - 0x00007fffb3ffa000 	C:\WINDOWS\WinSxS\amd64_microsoft.windows.common-controls_6595b64144ccf1df_6.0.19041.3570_none_60bb2a3971f3e41a\COMCTL32.dll
0x00007fffbf0c0000 - 0x00007fffbf0ca000 	C:\WINDOWS\SYSTEM32\VERSION.dll
0x00007fffd1550000 - 0x00007fffd1580000 	C:\WINDOWS\System32\IMM32.DLL
0x00007fffc90d0000 - 0x00007fffc90dc000 	D:\java\bin\vcruntime140_1.dll
0x00007fff9cbb0000 - 0x00007fff9cc3e000 	D:\java\bin\msvcp140.dll
0x00007fff91cf0000 - 0x00007fff929b0000 	D:\java\bin\server\jvm.dll
0x00007fffbdc50000 - 0x00007fffbdc59000 	C:\WINDOWS\SYSTEM32\WSOCK32.dll
0x00007fffd1bd0000 - 0x00007fffd1c3b000 	C:\WINDOWS\System32\WS2_32.dll
0x00007fffb3ce0000 - 0x00007fffb3d07000 	C:\WINDOWS\SYSTEM32\WINMM.dll
0x00007fffcf300000 - 0x00007fffcf312000 	C:\WINDOWS\SYSTEM32\kernel.appcore.dll
0x00007fffc6db0000 - 0x00007fffc6dba000 	D:\java\bin\jimage.dll
0x00007fffcb6d0000 - 0x00007fffcb8b4000 	C:\WINDOWS\SYSTEM32\DBGHELP.DLL
0x00007fffbe850000 - 0x00007fffbe884000 	C:\WINDOWS\SYSTEM32\dbgcore.DLL
0x00007fffd10b0000 - 0x00007fffd1132000 	C:\WINDOWS\System32\bcryptPrimitives.dll
0x00007fffbb080000 - 0x00007fffbb0a6000 	D:\java\bin\java.dll
0x00007fff9ba00000 - 0x00007fff9bad7000 	D:\java\bin\jsvml.dll
0x00007fffd2350000 - 0x00007fffd2a94000 	C:\WINDOWS\System32\SHELL32.dll
0x00007fffceb50000 - 0x00007fffcf2eb000 	C:\WINDOWS\SYSTEM32\windows.storage.dll
0x00007fffd1c40000 - 0x00007fffd1f94000 	C:\WINDOWS\System32\combase.dll
0x00007fffd0400000 - 0x00007fffd042d000 	C:\WINDOWS\SYSTEM32\Wldp.dll
0x00007fffd1660000 - 0x00007fffd170d000 	C:\WINDOWS\System32\SHCORE.dll
0x00007fffd1580000 - 0x00007fffd15d5000 	C:\WINDOWS\System32\shlwapi.dll
0x00007fffd0a40000 - 0x00007fffd0a65000 	C:\WINDOWS\SYSTEM32\profapi.dll
0x00007fffbb700000 - 0x00007fffbb713000 	D:\java\bin\net.dll
0x00007fffc33c0000 - 0x00007fffc34ca000 	C:\WINDOWS\SYSTEM32\WINHTTP.dll
0x00007fffd01e0000 - 0x00007fffd024a000 	C:\WINDOWS\system32\mswsock.dll
0x00007fffba790000 - 0x00007fffba7a6000 	D:\java\bin\nio.dll
0x00007fffb8420000 - 0x00007fffb8438000 	D:\java\bin\zip.dll
0x00007fffbded0000 - 0x00007fffbdee0000 	D:\java\bin\verify.dll
0x00007fffaa590000 - 0x00007fffaa5b7000 	C:\Users\samee\.gradle\native\68d5fa5c4cc2d200863cafc0d521ce42e7d3e7ee720ec0a83991735586a16f82\windows-amd64\native-platform.dll
0x00007fff999d0000 - 0x00007fff99b14000 	C:\Users\samee\.gradle\native\e376f236ea51e6404a007f0833ffe2c6e607c4080706a723a18a27aeea778392\windows-amd64\native-platform-file-events.dll
0x00007fffbdcd0000 - 0x00007fffbdcda000 	D:\java\bin\management.dll
0x00007fffbca10000 - 0x00007fffbca1b000 	D:\java\bin\management_ext.dll
0x00007fffd32f0000 - 0x00007fffd32f8000 	C:\WINDOWS\System32\PSAPI.DLL
0x00007fffd0440000 - 0x00007fffd0458000 	C:\WINDOWS\SYSTEM32\CRYPTSP.dll
0x00007fffcfab0000 - 0x00007fffcfae4000 	C:\WINDOWS\system32\rsaenh.dll
0x00007fffd0ec0000 - 0x00007fffd0ee7000 	C:\WINDOWS\System32\bcrypt.dll
0x00007fffd0a00000 - 0x00007fffd0a2e000 	C:\WINDOWS\SYSTEM32\USERENV.dll
0x00007fffd0370000 - 0x00007fffd037c000 	C:\WINDOWS\SYSTEM32\CRYPTBASE.dll
0x00007fffcfef0000 - 0x00007fffcff2b000 	C:\WINDOWS\SYSTEM32\IPHLPAPI.DLL
0x00007fffd1fa0000 - 0x00007fffd1fa8000 	C:\WINDOWS\System32\NSI.dll
0x00007fffc3ea0000 - 0x00007fffc3eb7000 	C:\WINDOWS\SYSTEM32\dhcpcsvc6.DLL
0x00007fffc3310000 - 0x00007fffc332d000 	C:\WINDOWS\SYSTEM32\dhcpcsvc.DLL
0x00007fffcff30000 - 0x00007fffcfffa000 	C:\WINDOWS\SYSTEM32\DNSAPI.dll
0x00007fffbb900000 - 0x00007fffbb908000 	D:\java\bin\extnet.dll
0x00007fffbb330000 - 0x00007fffbb33e000 	D:\java\bin\sunmscapi.dll
0x00007fffd0b10000 - 0x00007fffd0c6d000 	C:\WINDOWS\System32\CRYPT32.dll
0x00007fffd0550000 - 0x00007fffd0577000 	C:\WINDOWS\SYSTEM32\ncrypt.dll
0x00007fffd0510000 - 0x00007fffd054b000 	C:\WINDOWS\SYSTEM32\NTASN1.dll
0x00007fffad030000 - 0x00007fffad037000 	C:\WINDOWS\system32\wshunix.dll

dbghelp: loaded successfully - version: 4.0.5 - missing functions: none
symbol engine: initialized successfully - sym options: 0x614 - pdb path: .;D:\java\bin;C:\WINDOWS\SYSTEM32;C:\WINDOWS\WinSxS\amd64_microsoft.windows.common-controls_6595b64144ccf1df_6.0.19041.3570_none_60bb2a3971f3e41a;D:\java\bin\server;C:\Users\samee\.gradle\native\68d5fa5c4cc2d200863cafc0d521ce42e7d3e7ee720ec0a83991735586a16f82\windows-amd64;C:\Users\samee\.gradle\native\e376f236ea51e6404a007f0833ffe2c6e607c4080706a723a18a27aeea778392\windows-amd64

VM Arguments:
jvm_args: -XX:MaxMetaspaceSize=512m --add-opens=java.base/java.util=ALL-UNNAMED --add-opens=java.base/java.lang=ALL-UNNAMED --add-opens=java.base/java.lang.invoke=ALL-UNNAMED --add-opens=java.prefs/java.util.prefs=ALL-UNNAMED --add-opens=java.base/java.nio.charset=ALL-UNNAMED --add-opens=java.base/java.net=ALL-UNNAMED --add-opens=java.base/java.util.concurrent.atomic=ALL-UNNAMED -Xmx2048m -Dfile.encoding=UTF-8 -Duser.country=US -Duser.language=en -Duser.variant 
java_command: org.gradle.launcher.daemon.bootstrap.GradleDaemon 8.0.1
java_class_path (initial): C:\Users\samee\.gradle\wrapper\dists\gradle-8.0.1-all\aro4hu1c3oeioove7l0i4i14o\gradle-8.0.1\lib\gradle-launcher-8.0.1.jar
Launcher Type: SUN_STANDARD

[Global flags]
     intx CICompilerCount                          = 3                                         {product} {ergonomic}
   size_t CompressedClassSpaceSize                 = 432013312                                 {product} {ergonomic}
     uint ConcGCThreads                            = 1                                         {product} {ergonomic}
     uint G1ConcRefinementThreads                  = 4                                         {product} {ergonomic}
   size_t G1HeapRegionSize                         = 1048576                                   {product} {ergonomic}
    uintx GCDrainStackTargetSize                   = 64                                        {product} {ergonomic}
   size_t InitialHeapSize                          = 134217728                                 {product} {ergonomic}
   size_t MarkStackSize                            = 4194304                                   {product} {ergonomic}
   size_t MaxHeapSize                              = 2147483648                                {product} {command line}
   size_t MaxMetaspaceSize                         = 536870912                                 {product} {command line}
   size_t MaxNewSize                               = 1287651328                                {product} {ergonomic}
   size_t MinHeapDeltaBytes                        = 1048576                                   {product} {ergonomic}
   size_t MinHeapSize                              = 8388608                                   {product} {ergonomic}
    uintx NonNMethodCodeHeapSize                   = 5832780                                {pd product} {ergonomic}
    uintx NonProfiledCodeHeapSize                  = 122912730                              {pd product} {ergonomic}
    uintx ProfiledCodeHeapSize                     = 122912730                              {pd product} {ergonomic}
    uintx ReservedCodeCacheSize                    = 251658240                              {pd product} {ergonomic}
     bool SegmentedCodeCache                       = true                                      {product} {ergonomic}
   size_t SoftMaxHeapSize                          = 2147483648                             {manageable} {ergonomic}
     bool UseCompressedClassPointers               = true                           {product lp64_product} {ergonomic}
     bool UseCompressedOops                        = true                           {product lp64_product} {ergonomic}
     bool UseG1GC                                  = true                                      {product} {ergonomic}
     bool UseLargePagesIndividualAllocation        = false                                  {pd product} {ergonomic}

Logging:
Log output configuration:
 #0: stdout all=warning uptime,level,tags foldmultilines=false
 #1: stderr all=off uptime,level,tags foldmultilines=false

Environment Variables:
CLASSPATH=D:\projects\React_Native\To_DO_App\android\\gradle\wrapper\gradle-wrapper.jar
PATH=D:\projects\React_Native\To_DO_App\node_modules\.bin;D:\projects\React_Native\To_DO_App\node_modules\.bin;D:\projects\React_Native\node_modules\.bin;D:\projects\node_modules\.bin;D:\node_modules\.bin;D:\nodejs\node_modules\npm\node_modules\@npmcli\run-script\lib\node-gyp-bin;D:\projects\React_Native\To_DO_App\node_modules\.bin;D:\projects\React_Native\node_modules\.bin;D:\projects\node_modules\.bin;D:\node_modules\.bin;D:\nodejs\node_modules\npm\node_modules\@npmcli\run-script\lib\node-gyp-bin;C:\Program Files\Common Files\Oracle\Java\javapath;C:\WINDOWS\system32;C:\WINDOWS;C:\WINDOWS\System32\Wbem;C:\WINDOWS\System32\WindowsPowerShell\v1.0\;C:\WINDOWS\System32\OpenSSH\;D:\java\bin;C:\xampp\php;C:\composer;C:\Program Files (x86)\Intel\Intel(R) Management Engine Components\DAL;C:\Program Files\Intel\Intel(R) Management Engine Components\DAL;C:\Program Files\Git\cmd;C:\Program Files\MongoDB\Server\7.0\bin;D:\mongosh-1.10.6-win32-x64\bin;C:\ProgramData\chocolatey\bin;D:\nodejs\;C:\Users\samee\AppData\Local\Android\Sdk\platform-tools;C:\Program Files (x86)\Microsoft SQL Server\160\Tools\Binn\;D:\Program Files\Microsoft SQL Server\160\Tools\Binn\;D:\Program Files\Microsoft SQL Server\Client SDK\ODBC\170\Tools\Binn\;D:\Program Files\Microsoft SQL Server\160\DTS\Binn\;C:\Program Files (x86)\Microsoft SQL Server\160\DTS\Binn\;C:\Program Files\Azure Data Studio\bin;C:\Users\samee\AppData\Local\Android\Sdk;C:\MinGW\bin;D:\Program Files\Microsoft SQL Server\150\Tools\Binn\;C:\Program Files (x86)\Windows Kits\10\Windows Performance Toolkit\;C:\Users\samee\AppData\Local\Programs\Python\Python310\Scripts\;C:\Users\samee\AppData\Local\Programs\Python\Python310\;C:\Users\samee\AppData\Local\Microsoft\WindowsApps;D:\Microsoft VS Code\bin;D:\Java\bin;C:\Users\samee\AppData\Roaming\Composer\vendor\bin;C:\Program Files\MongoDB\Server\7.0\bin;D:\mongosh-1.10.6-win32-x64\bin;C:\Users\samee\AppData\Roaming\npm;C:\Users\samee\AppData\Local\Android\Sdk\platform-tools;C:\Program Files\Azure Data Studio\bin;C:\Users\samee\AppData\Local\Android\Sdk;
USERNAME=samee
OS=Windows_NT
PROCESSOR_IDENTIFIER=Intel64 Family 6 Model 142 Stepping 9, GenuineIntel
TMP=C:\Users\samee\AppData\Local\Temp
TEMP=C:\Users\samee\AppData\Local\Temp



---------------  S Y S T E M  ---------------

OS:
 Windows 10 , 64 bit Build 19041 (10.0.19041.3570)
OS uptime: 1 days 19:23 hours
Hyper-V role detected

CPU: total 4 (initial active 4) (2 cores per cpu, 2 threads per core) family 6 model 142 stepping 9 microcode 0xf4, cx8, cmov, fxsr, ht, mmx, 3dnowpref, sse, sse2, sse3, ssse3, sse4.1, sse4.2, popcnt, lzcnt, tsc, tscinvbit, avx, avx2, aes, erms, clmul, bmi1, bmi2, rtm, adx, fma, vzeroupper, clflush, clflushopt, hv, rdtscp

Memory: 4k page, system-wide physical 8067M (254M free)
TotalPageFile size 21045M (AvailPageFile size 4M)
current process WorkingSet (physical memory assigned to process): 219M, peak: 223M
current process commit charge ("private bytes"): 295M, peak: 301M

vm_info: Java HotSpot(TM) 64-Bit Server VM (19.0.2+7-44) for windows-amd64 JRE (19.0.2+7-44), built on 2022-11-30T18:02:09Z by "mach5one" with MS VC++ 17.1 (VS2022)

END.
