#
# There is insufficient memory for the Java Runtime Environment to continue.
# Native memory allocation (mmap) failed to map 31457280 bytes for G1 virtual space
# Possible reasons:
#   The system is out of physical RAM or swap space
#   The process is running with CompressedOops enabled, and the Java Heap may be blocking the growth of the native heap
# Possible solutions:
#   Reduce memory load on the system
#   Increase physical memory or swap space
#   Check if swap backing store is full
#   Decrease Java heap size (-Xmx/-Xms)
#   Decrease number of Java threads
#   Decrease Java thread stack sizes (-Xss)
#   Set larger code cache with -XX:ReservedCodeCacheSize=
#   JVM is running with Unscaled Compressed Oops mode in which the Java heap is
#     placed in the first 4GB address space. The Java Heap base address is the
#     maximum limit for the native heap growth. Please use -XX:HeapBaseMinAddress
#     to set the Java Heap base and to place the Java Heap above 4GB virtual address.
# This output file may be truncated or incomplete.
#
#  Out of Memory Error (os_windows.cpp:3536), pid=18160, tid=18212
#
# JRE version: Java(TM) SE Runtime Environment (19.0.2+7) (build 19.0.2+7-44)
# Java VM: Java HotSpot(TM) 64-Bit Server VM (19.0.2+7-44, mixed mode, sharing, tiered, compressed oops, compressed class ptrs, g1 gc, windows-amd64)
# No core dump will be written. Minidumps are not enabled by default on client versions of Windows
#

---------------  S U M M A R Y ------------

Command Line: -XX:MaxMetaspaceSize=512m --add-opens=java.base/java.util=ALL-UNNAMED --add-opens=java.base/java.lang=ALL-UNNAMED --add-opens=java.base/java.lang.invoke=ALL-UNNAMED --add-opens=java.prefs/java.util.prefs=ALL-UNNAMED --add-opens=java.base/java.nio.charset=ALL-UNNAMED --add-opens=java.base/java.net=ALL-UNNAMED --add-opens=java.base/java.util.concurrent.atomic=ALL-UNNAMED -Xmx2048m -Dfile.encoding=UTF-8 -Duser.country=US -Duser.language=en -Duser.variant org.gradle.launcher.daemon.bootstrap.GradleDaemon 8.0.1

Host: Intel(R) Core(TM) i5-7300U CPU @ 2.60GHz, 4 cores, 7G,  Windows 10 , 64 bit Build 19041 (10.0.19041.3570)
Time: Mon Oct 30 22:56:57 2023 Pakistan Standard Time elapsed time: 342.541542 seconds (0d 0h 5m 42s)

---------------  T H R E A D  ---------------

Current thread (0x0000024d2150ae10):  VMThread "VM Thread" [stack: 0x0000005e7f800000,0x0000005e7f900000] [id=18212]

Stack: [0x0000005e7f800000,0x0000005e7f900000]
Native frames: (J=compiled Java code, j=interpreted, Vv=VM code, C=native code)
V  [jvm.dll+0x6ee21a]
V  [jvm.dll+0x85765e]
V  [jvm.dll+0x85904e]
V  [jvm.dll+0x859703]
V  [jvm.dll+0x28298f]
V  [jvm.dll+0x6eb009]
V  [jvm.dll+0x6dfbaa]
V  [jvm.dll+0x3573f6]
V  [jvm.dll+0x35ee56]
V  [jvm.dll+0x3b541e]
V  [jvm.dll+0x3b564f]
V  [jvm.dll+0x32c9ea]
V  [jvm.dll+0x32f576]
V  [jvm.dll+0x33a0f5]
V  [jvm.dll+0x372bc0]
V  [jvm.dll+0x85ebc3]
V  [jvm.dll+0x85f989]
V  [jvm.dll+0x85febd]
V  [jvm.dll+0x86034b]
V  [jvm.dll+0x860407]
V  [jvm.dll+0x80125a]
V  [jvm.dll+0x6ecf0b]
C  [ucrtbase.dll+0x21bb2]
C  [KERNEL32.DLL+0x17344]
C  [ntdll.dll+0x526b1]

VM_Operation (0x0000005e7f4ff8f0): G1PauseRemark, mode: safepoint, requested by thread 0x0000024d03561a10


---------------  P R O C E S S  ---------------

Threads class SMR info:
_java_thread_list=0x0000024d2afb8fa0, length=90, elements={
0x0000024d034f0410, 0x0000024d21523940, 0x0000024d215248d0, 0x0000024d21526570,
0x0000024d21528eb0, 0x0000024d2152b7f0, 0x0000024d2152c120, 0x0000024d2152cf20,
0x0000024d21590610, 0x0000024d25808070, 0x0000024d2587f650, 0x0000024d25883bb0,
0x0000024d270fb9e0, 0x0000024d259fed10, 0x0000024d2656f3a0, 0x0000024d25921b60,
0x0000024d25b88000, 0x0000024d25b88f60, 0x0000024d258e1d70, 0x0000024d258e1820,
0x0000024d258e2810, 0x0000024d258e12d0, 0x0000024d258df840, 0x0000024d258e22c0,
0x0000024d258dfd90, 0x0000024d258e02e0, 0x0000024d28c57a10, 0x0000024d28c54f90,
0x0000024d28c57f60, 0x0000024d28c5b9d0, 0x0000024d28c54a40, 0x0000024d28c584b0,
0x0000024d28c5af30, 0x0000024d28c55a30, 0x0000024d28c574c0, 0x0000024d28c56f70,
0x0000024d28c594a0, 0x0000024d28c55f80, 0x0000024d28c5a9e0, 0x0000024d28c599f0,
0x0000024d28c5c470, 0x0000024d28c5b480, 0x0000024d28c59f40, 0x0000024d28c564d0,
0x0000024d28c56a20, 0x0000024d258e0830, 0x0000024d258e0d80, 0x0000024d265054a0,
0x0000024d265059f0, 0x0000024d26500a40, 0x0000024d264fe510, 0x0000024d264fdfc0,
0x0000024d264ffa50, 0x0000024d26502f70, 0x0000024d264fea60, 0x0000024d26503f60,
0x0000024d265044b0, 0x0000024d264fefb0, 0x0000024d26504a00, 0x0000024d265004f0,
0x0000024d264ff500, 0x0000024d264fffa0, 0x0000024d265014e0, 0x0000024d26500f90,
0x0000024d26501a30, 0x0000024d265034c0, 0x0000024d26501f80, 0x0000024d291d0a40,
0x0000024d291cfa50, 0x0000024d291d1f80, 0x0000024d291d2a20, 0x0000024d291cffa0,
0x0000024d291d24d0, 0x0000024d291d2f70, 0x0000024d291d0f90, 0x0000024d291d14e0,
0x0000024d291d1a30, 0x0000024d29c53f50, 0x0000024d29c514d0, 0x0000024d29c544a0,
0x0000024d29c549f0, 0x0000024d29c52f60, 0x0000024d29c534b0, 0x0000024d29c52a10,
0x0000024d29c4ff90, 0x0000024d29c579c0, 0x0000024d29c57470, 0x0000024d29c504e0,
0x0000024d29c50a30, 0x0000024d29c50f80
}

Java Threads: ( => current thread )
  0x0000024d034f0410 JavaThread "main" [_thread_blocked, id=10340, stack(0x0000005e7f100000,0x0000005e7f200000)]
  0x0000024d21523940 JavaThread "Reference Handler" daemon [_thread_blocked, id=588, stack(0x0000005e7f900000,0x0000005e7fa00000)]
  0x0000024d215248d0 JavaThread "Finalizer" daemon [_thread_blocked, id=16456, stack(0x0000005e7fa00000,0x0000005e7fb00000)]
  0x0000024d21526570 JavaThread "Signal Dispatcher" daemon [_thread_blocked, id=10368, stack(0x0000005e7fb00000,0x0000005e7fc00000)]
  0x0000024d21528eb0 JavaThread "Attach Listener" daemon [_thread_blocked, id=6936, stack(0x0000005e7fc00000,0x0000005e7fd00000)]
  0x0000024d2152b7f0 JavaThread "Service Thread" daemon [_thread_blocked, id=15528, stack(0x0000005e7fd00000,0x0000005e7fe00000)]
  0x0000024d2152c120 JavaThread "Monitor Deflation Thread" daemon [_thread_blocked, id=17236, stack(0x0000005e7fe00000,0x0000005e7ff00000)]
  0x0000024d2152cf20 JavaThread "C2 CompilerThread0" daemon [_thread_blocked, id=18460, stack(0x0000005e7ff00000,0x0000005e80000000)]
  0x0000024d21590610 JavaThread "C1 CompilerThread0" daemon [_thread_blocked, id=14000, stack(0x0000005e00000000,0x0000005e00100000)]
  0x0000024d25808070 JavaThread "Sweeper thread" daemon [_thread_blocked, id=10572, stack(0x0000005e00100000,0x0000005e00200000)]
  0x0000024d2587f650 JavaThread "Common-Cleaner" daemon [_thread_blocked, id=18312, stack(0x0000005e00200000,0x0000005e00300000)]
  0x0000024d25883bb0 JavaThread "Notification Thread" daemon [_thread_blocked, id=19064, stack(0x0000005e00300000,0x0000005e00400000)]
  0x0000024d270fb9e0 JavaThread "Daemon health stats" [_thread_blocked, id=20104, stack(0x0000005e00800000,0x0000005e00900000)]
  0x0000024d259fed10 JavaThread "Incoming local TCP Connector on port 55464" [_thread_in_native, id=20436, stack(0x0000005e00900000,0x0000005e00a00000)]
  0x0000024d2656f3a0 JavaThread "Daemon periodic checks" [_thread_blocked, id=17372, stack(0x0000005e00a00000,0x0000005e00b00000)]
  0x0000024d25921b60 JavaThread "Daemon" [_thread_blocked, id=12124, stack(0x0000005e00b00000,0x0000005e00c00000)]
  0x0000024d25b88000 JavaThread "Handler for socket connection from /127.0.0.1:55464 to /127.0.0.1:55466" [_thread_in_native, id=18592, stack(0x0000005e00c00000,0x0000005e00d00000)]
  0x0000024d25b88f60 JavaThread "Cancel handler" [_thread_blocked, id=8916, stack(0x0000005e00d00000,0x0000005e00e00000)]
  0x0000024d258e1d70 JavaThread "Daemon worker" [_thread_blocked, id=20504, stack(0x0000005e00e00000,0x0000005e00f00000)]
  0x0000024d258e1820 JavaThread "Asynchronous log dispatcher for DefaultDaemonConnection: socket connection from /127.0.0.1:55464 to /127.0.0.1:55466" [_thread_blocked, id=20532, stack(0x0000005e00f00000,0x0000005e01000000)]
  0x0000024d258e2810 JavaThread "Daemon client event forwarder" [_thread_blocked, id=20556, stack(0x0000005e01100000,0x0000005e01200000)]
  0x0000024d258e12d0 JavaThread "Cache worker for journal cache (C:\Users\samee\.gradle\caches\journal-1)" [_thread_blocked, id=21036, stack(0x0000005e01200000,0x0000005e01300000)]
  0x0000024d258df840 JavaThread "File lock request listener" [_thread_in_native, id=21180, stack(0x0000005e01300000,0x0000005e01400000)]
  0x0000024d258e22c0 JavaThread "Cache worker for file hash cache (C:\Users\samee\.gradle\caches\8.0.1\fileHashes)" [_thread_blocked, id=20860, stack(0x0000005e01400000,0x0000005e01500000)]
  0x0000024d258dfd90 JavaThread "File watcher server" daemon [_thread_in_native, id=22220, stack(0x0000005e01700000,0x0000005e01800000)]
  0x0000024d258e02e0 JavaThread "File watcher consumer" daemon [_thread_blocked, id=22244, stack(0x0000005e01900000,0x0000005e01a00000)]
  0x0000024d28c57a10 JavaThread "Cache worker for checksums cache (D:\projects\React_Native\To_DO_App\android\.gradle\8.0.1\checksums)" [_thread_blocked, id=22516, stack(0x0000005e01a00000,0x0000005e01b00000)]
  0x0000024d28c54f90 JavaThread "Cache worker for cache directory md-rule (C:\Users\samee\.gradle\caches\8.0.1\md-rule)" [_thread_blocked, id=21368, stack(0x0000005e01b00000,0x0000005e01c00000)]
  0x0000024d28c57f60 JavaThread "Cache worker for file content cache (C:\Users\samee\.gradle\caches\8.0.1\fileContent)" [_thread_blocked, id=12308, stack(0x0000005e01c00000,0x0000005e01d00000)]
  0x0000024d28c5b9d0 JavaThread "Cache worker for file hash cache (D:\projects\React_Native\To_DO_App\android\.gradle\8.0.1\fileHashes)" [_thread_blocked, id=11568, stack(0x0000005e01d00000,0x0000005e01e00000)]
  0x0000024d28c54a40 JavaThread "Cache worker for cache directory md-supplier (C:\Users\samee\.gradle\caches\8.0.1\md-supplier)" [_thread_blocked, id=5324, stack(0x0000005e01e00000,0x0000005e01f00000)]
  0x0000024d28c584b0 JavaThread "Cache worker for execution history cache (C:\Users\samee\.gradle\caches\8.0.1\executionHistory)" [_thread_blocked, id=13904, stack(0x0000005e01f00000,0x0000005e02000000)]
  0x0000024d28c5af30 JavaThread "jar transforms" [_thread_blocked, id=2392, stack(0x0000005e02000000,0x0000005e02100000)]
  0x0000024d28c55a30 JavaThread "jar transforms Thread 2" [_thread_blocked, id=9916, stack(0x0000005e02100000,0x0000005e02200000)]
  0x0000024d28c574c0 JavaThread "jar transforms Thread 3" [_thread_blocked, id=11324, stack(0x0000005e02200000,0x0000005e02300000)]
  0x0000024d28c56f70 JavaThread "jar transforms Thread 4" [_thread_blocked, id=22080, stack(0x0000005e02300000,0x0000005e02400000)]
  0x0000024d28c594a0 JavaThread "Cache worker for kotlin-dsl (C:\Users\samee\.gradle\caches\8.0.1\kotlin-dsl)" [_thread_blocked, id=22868, stack(0x0000005e01000000,0x0000005e01100000)]
  0x0000024d28c55f80 JavaThread "File lock release action executor Thread 2" [_thread_blocked, id=13824, stack(0x0000005e01500000,0x0000005e01600000)]
  0x0000024d28c5a9e0 JavaThread "Cache worker for dependencies-accessors (D:\projects\React_Native\To_DO_App\android\.gradle\8.0.1\dependencies-accessors)" [_thread_blocked, id=21360, stack(0x0000005e01600000,0x0000005e01700000)]
  0x0000024d28c599f0 JavaThread "Cache worker for Build Output Cleanup Cache (D:\projects\React_Native\To_DO_App\node_modules\@react-native\gradle-plugin\.gradle\buildOutputCleanup)" [_thread_blocked, id=23220, stack(0x0000005e02400000,0x0000005e02500000)]
  0x0000024d28c5c470 JavaThread "Unconstrained build operations" [_thread_blocked, id=24236, stack(0x0000005e01800000,0x0000005e01900000)]
  0x0000024d28c5b480 JavaThread "Unconstrained build operations Thread 2" [_thread_blocked, id=23852, stack(0x0000005e02500000,0x0000005e02600000)]
  0x0000024d28c59f40 JavaThread "Unconstrained build operations Thread 3" [_thread_blocked, id=23804, stack(0x0000005e02600000,0x0000005e02700000)]
  0x0000024d28c564d0 JavaThread "Unconstrained build operations Thread 4" [_thread_blocked, id=18072, stack(0x0000005e02700000,0x0000005e02800000)]
  0x0000024d28c56a20 JavaThread "Unconstrained build operations Thread 5" [_thread_blocked, id=24172, stack(0x0000005e02800000,0x0000005e02900000)]
  0x0000024d258e0830 JavaThread "Unconstrained build operations Thread 6" [_thread_blocked, id=15976, stack(0x0000005e02900000,0x0000005e02a00000)]
  0x0000024d258e0d80 JavaThread "Unconstrained build operations Thread 7" [_thread_blocked, id=22324, stack(0x0000005e02a00000,0x0000005e02b00000)]
  0x0000024d265054a0 JavaThread "Unconstrained build operations Thread 8" [_thread_blocked, id=23940, stack(0x0000005e02b00000,0x0000005e02c00000)]
  0x0000024d265059f0 JavaThread "Unconstrained build operations Thread 9" [_thread_blocked, id=24064, stack(0x0000005e02c00000,0x0000005e02d00000)]
  0x0000024d26500a40 JavaThread "Unconstrained build operations Thread 10" [_thread_blocked, id=23680, stack(0x0000005e02d00000,0x0000005e02e00000)]
  0x0000024d264fe510 JavaThread "Unconstrained build operations Thread 11" [_thread_blocked, id=12384, stack(0x0000005e02e00000,0x0000005e02f00000)]
  0x0000024d264fdfc0 JavaThread "Unconstrained build operations Thread 12" [_thread_blocked, id=10916, stack(0x0000005e02f00000,0x0000005e03000000)]
  0x0000024d264ffa50 JavaThread "Unconstrained build operations Thread 13" [_thread_blocked, id=23644, stack(0x0000005e03000000,0x0000005e03100000)]
  0x0000024d26502f70 JavaThread "Unconstrained build operations Thread 14" [_thread_blocked, id=18080, stack(0x0000005e03100000,0x0000005e03200000)]
  0x0000024d264fea60 JavaThread "Unconstrained build operations Thread 15" [_thread_blocked, id=23156, stack(0x0000005e03200000,0x0000005e03300000)]
  0x0000024d26503f60 JavaThread "Unconstrained build operations Thread 16" [_thread_blocked, id=18896, stack(0x0000005e03300000,0x0000005e03400000)]
  0x0000024d265044b0 JavaThread "Unconstrained build operations Thread 17" [_thread_blocked, id=22940, stack(0x0000005e03400000,0x0000005e03500000)]
  0x0000024d264fefb0 JavaThread "Unconstrained build operations Thread 18" [_thread_blocked, id=22988, stack(0x0000005e03500000,0x0000005e03600000)]
  0x0000024d26504a00 JavaThread "Unconstrained build operations Thread 19" [_thread_blocked, id=23520, stack(0x0000005e03600000,0x0000005e03700000)]
  0x0000024d265004f0 JavaThread "Unconstrained build operations Thread 20" [_thread_blocked, id=18012, stack(0x0000005e03700000,0x0000005e03800000)]
  0x0000024d264ff500 JavaThread "Unconstrained build operations Thread 21" [_thread_blocked, id=968, stack(0x0000005e03800000,0x0000005e03900000)]
  0x0000024d264fffa0 JavaThread "Unconstrained build operations Thread 22" [_thread_blocked, id=23812, stack(0x0000005e03900000,0x0000005e03a00000)]
  0x0000024d265014e0 JavaThread "Unconstrained build operations Thread 23" [_thread_blocked, id=6320, stack(0x0000005e03a00000,0x0000005e03b00000)]
  0x0000024d26500f90 JavaThread "Unconstrained build operations Thread 24" [_thread_blocked, id=24084, stack(0x0000005e03b00000,0x0000005e03c00000)]
  0x0000024d26501a30 JavaThread "Unconstrained build operations Thread 25" [_thread_blocked, id=24072, stack(0x0000005e03c00000,0x0000005e03d00000)]
  0x0000024d265034c0 JavaThread "Unconstrained build operations Thread 26" [_thread_blocked, id=24020, stack(0x0000005e03d00000,0x0000005e03e00000)]
  0x0000024d26501f80 JavaThread "Memory manager" [_thread_blocked, id=19500, stack(0x0000005e03e00000,0x0000005e03f00000)]
  0x0000024d291d0a40 JavaThread "Cache worker for Build Output Cleanup Cache (D:\projects\React_Native\To_DO_App\android\.gradle\buildOutputCleanup)" [_thread_blocked, id=21556, stack(0x0000005e03f00000,0x0000005e04000000)]
  0x0000024d291cfa50 JavaThread "Execution worker" [_thread_blocked, id=24060, stack(0x0000005e04100000,0x0000005e04200000)]
  0x0000024d291d1f80 JavaThread "Execution worker Thread 2" [_thread_blocked, id=8188, stack(0x0000005e04200000,0x0000005e04300000)]
  0x0000024d291d2a20 JavaThread "Execution worker Thread 3" [_thread_blocked, id=23328, stack(0x0000005e04300000,0x0000005e04400000)]
  0x0000024d291cffa0 JavaThread "Cache worker for execution history cache (D:\projects\React_Native\To_DO_App\node_modules\@react-native\gradle-plugin\.gradle\8.0.1\executionHistory)" [_thread_blocked, id=18148, stack(0x0000005e04400000,0x0000005e04500000)]
  0x0000024d291d24d0 JavaThread "Unconstrained build operations Thread 27" [_thread_blocked, id=9144, stack(0x0000005e04500000,0x0000005e04600000)]
  0x0000024d291d2f70 JavaThread "Unconstrained build operations Thread 28" [_thread_blocked, id=21212, stack(0x0000005e04600000,0x0000005e04700000)]
  0x0000024d291d0f90 JavaThread "Unconstrained build operations Thread 29" [_thread_blocked, id=20656, stack(0x0000005e04700000,0x0000005e04800000)]
  0x0000024d291d14e0 JavaThread "Unconstrained build operations Thread 30" [_thread_blocked, id=23196, stack(0x0000005e04800000,0x0000005e04900000)]
  0x0000024d291d1a30 JavaThread "Unconstrained build operations Thread 31" [_thread_blocked, id=22108, stack(0x0000005e04900000,0x0000005e04a00000)]
  0x0000024d29c53f50 JavaThread "Unconstrained build operations Thread 32" [_thread_blocked, id=23932, stack(0x0000005e04a00000,0x0000005e04b00000)]
  0x0000024d29c514d0 JavaThread "Unconstrained build operations Thread 33" [_thread_blocked, id=24192, stack(0x0000005e04b00000,0x0000005e04c00000)]
  0x0000024d29c544a0 JavaThread "Unconstrained build operations Thread 34" [_thread_blocked, id=22044, stack(0x0000005e04c00000,0x0000005e04d00000)]
  0x0000024d29c549f0 JavaThread "Unconstrained build operations Thread 35" [_thread_blocked, id=14392, stack(0x0000005e04d00000,0x0000005e04e00000)]
  0x0000024d29c52f60 JavaThread "Unconstrained build operations Thread 36" [_thread_blocked, id=7232, stack(0x0000005e04e00000,0x0000005e04f00000)]
  0x0000024d29c534b0 JavaThread "Unconstrained build operations Thread 37" [_thread_blocked, id=24556, stack(0x0000005e04f00000,0x0000005e05000000)]
  0x0000024d29c52a10 JavaThread "Unconstrained build operations Thread 38" [_thread_blocked, id=22292, stack(0x0000005e05000000,0x0000005e05100000)]
  0x0000024d29c4ff90 JavaThread "Unconstrained build operations Thread 39" [_thread_blocked, id=20320, stack(0x0000005e05100000,0x0000005e05200000)]
  0x0000024d29c579c0 JavaThread "Unconstrained build operations Thread 40" [_thread_blocked, id=24432, stack(0x0000005e05200000,0x0000005e05300000)]
  0x0000024d29c57470 JavaThread "pool-3-thread-1" [_thread_blocked, id=25640, stack(0x0000005e04000000,0x0000005e04100000)]
  0x0000024d29c504e0 JavaThread "build event listener" [_thread_blocked, id=20220, stack(0x0000005e05400000,0x0000005e05500000)]
  0x0000024d29c50a30 JavaThread "included builds Thread 2" [_thread_blocked, id=13244, stack(0x0000005e05500000,0x0000005e05600000)]
  0x0000024d29c50f80 JavaThread "Cache worker for execution history cache (D:\projects\React_Native\To_DO_App\android\.gradle\8.0.1\executionHistory)" [_thread_blocked, id=25652, stack(0x0000005e05600000,0x0000005e05700000)]

Other Threads:
=>0x0000024d2150ae10 VMThread "VM Thread" [stack: 0x0000005e7f800000,0x0000005e7f900000] [id=18212]
  0x0000024d2588c500 WatcherThread "VM Periodic Task Thread" [stack: 0x0000005e00400000,0x0000005e00500000] [id=16672]
  0x0000024d0354fb90 WorkerThread "GC Thread#0" [stack: 0x0000005e7f300000,0x0000005e7f400000] [id=4808]
  0x0000024d25a6ff30 WorkerThread "GC Thread#1" [stack: 0x0000005e00500000,0x0000005e00600000] [id=12828]
  0x0000024d25a6f990 WorkerThread "GC Thread#2" [stack: 0x0000005e00600000,0x0000005e00700000] [id=2508]
  0x0000024d25a704d0 WorkerThread "GC Thread#3" [stack: 0x0000005e00700000,0x0000005e00800000] [id=12792]
  0x0000024d03561a10 ConcurrentGCThread "G1 Main Marker" [stack: 0x0000005e7f400000,0x0000005e7f500000] [id=18132]
  0x0000024d03562350 WorkerThread "G1 Conc#0" [stack: 0x0000005e7f500000,0x0000005e7f600000] [id=4212]
  0x0000024d035bd710 ConcurrentGCThread "G1 Refine#0" [stack: 0x0000005e7f600000,0x0000005e7f700000] [id=18732]
  0x0000024d035be300 ConcurrentGCThread "G1 Service" [stack: 0x0000005e7f700000,0x0000005e7f800000] [id=9188]

Threads with active compile tasks:
C2 CompilerThread0   342845 12035       4       org.gradle.internal.instantiation.generator.AbstractClassGenerator$PropertyMetadata::addGetter (129 bytes)

VM state: at safepoint (normal execution)

VM Mutex/Monitor currently owned by a thread:  ([mutex/lock_event])
[0x0000024d034eb2e0] Threads_lock - owner thread: 0x0000024d2150ae10
[0x0000024d034ecb10] Heap_lock - owner thread: 0x0000024d03561a10

Heap address: 0x0000000080000000, size: 2048 MB, Compressed Oops mode: 32-bit

CDS archive(s) mapped at: [0x0000000800000000-0x0000000800c40000-0x0000000800c40000), size 12845056, SharedBaseAddress: 0x0000000800000000, ArchiveRelocationMode: 0.
Compressed class space mapped at: 0x0000000801000000-0x000000081ac00000, reserved size: 432013312
Narrow klass base: 0x0000000800000000, Narrow klass shift: 0, Narrow klass range: 0x100000000

GC Precious Log:
 CardTable entry size: 512
 Card Set container configuration: InlinePtr #cards 5 size 8 Array Of Cards #cards 12 size 40 Howl #buckets 4 coarsen threshold 1843 Howl Bitmap #cards 512 size 80 coarsen threshold 460 Card regions per heap region 1 cards per card region 2048
 CPUs: 4 total, 4 available
 Memory: 8067M
 Large Page Support: Disabled
 NUMA Support: Disabled
 Compressed Oops: Enabled (32-bit)
 Heap Region Size: 1M
 Heap Min Capacity: 8M
 Heap Initial Capacity: 128M
 Heap Max Capacity: 2G
 Pre-touch: Disabled
 Parallel Workers: 4
 Concurrent Workers: 1
 Concurrent Refinement Workers: 4
 Periodic GC: Disabled

Heap:
 garbage-first heap   total 142336K, used 101381K [0x0000000080000000, 0x0000000100000000)
  region size 1024K, 4 young (4096K), 2 survivors (2048K)
 Metaspace       used 91150K, committed 93248K, reserved 552960K
  class space    used 12318K, committed 13440K, reserved 421888K

Heap Regions: E=young(eden), S=young(survivor), O=old, HS=humongous(starts), HC=humongous(continues), CS=collection set, F=free, OA=open archive, CA=closed archive, TAMS=top-at-mark-start (previous, next)
|   0|0x0000000080000000, 0x0000000080100000, 0x0000000080100000|100%| O|  |TAMS 0x0000000080100000, 0x0000000080000000| Untracked 
|   1|0x0000000080100000, 0x0000000080200000, 0x0000000080200000|100%| O|  |TAMS 0x0000000080200000, 0x0000000080100000| Untracked 
|   2|0x0000000080200000, 0x0000000080300000, 0x0000000080300000|100%|HS|  |TAMS 0x0000000080300000, 0x0000000080200000| Complete 
|   3|0x0000000080300000, 0x0000000080400000, 0x0000000080400000|100%|HC|  |TAMS 0x0000000080400000, 0x0000000080300000| Complete 
|   4|0x0000000080400000, 0x0000000080500000, 0x0000000080500000|100%|HC|  |TAMS 0x0000000080500000, 0x0000000080400000| Complete 
|   5|0x0000000080500000, 0x0000000080600000, 0x0000000080600000|100%|HC|  |TAMS 0x0000000080600000, 0x0000000080500000| Complete 
|   6|0x0000000080600000, 0x0000000080700000, 0x0000000080700000|100%| O|  |TAMS 0x0000000080700000, 0x0000000080600000| Untracked 
|   7|0x0000000080700000, 0x0000000080800000, 0x0000000080800000|100%| O|  |TAMS 0x0000000080800000, 0x0000000080700000| Untracked 
|   8|0x0000000080800000, 0x0000000080900000, 0x0000000080900000|100%| O|  |TAMS 0x0000000080900000, 0x0000000080800000| Untracked 
|   9|0x0000000080900000, 0x0000000080a00000, 0x0000000080a00000|100%| O|  |TAMS 0x0000000080a00000, 0x0000000080900000| Untracked 
|  10|0x0000000080a00000, 0x0000000080b00000, 0x0000000080b00000|100%| O|  |TAMS 0x0000000080b00000, 0x0000000080a00000| Untracked 
|  11|0x0000000080b00000, 0x0000000080c00000, 0x0000000080c00000|100%| O|  |TAMS 0x0000000080c00000, 0x0000000080b00000| Untracked 
|  12|0x0000000080c00000, 0x0000000080d00000, 0x0000000080d00000|100%| O|  |TAMS 0x0000000080d00000, 0x0000000080c00000| Untracked 
|  13|0x0000000080d00000, 0x0000000080e00000, 0x0000000080e00000|100%| O|  |TAMS 0x0000000080e00000, 0x0000000080d00000| Untracked 
|  14|0x0000000080e00000, 0x0000000080f00000, 0x0000000080f00000|100%| O|  |TAMS 0x0000000080f00000, 0x0000000080e00000| Untracked 
|  15|0x0000000080f00000, 0x0000000081000000, 0x0000000081000000|100%| O|  |TAMS 0x0000000081000000, 0x0000000080f00000| Untracked 
|  16|0x0000000081000000, 0x0000000081100000, 0x0000000081100000|100%| O|  |TAMS 0x0000000081100000, 0x0000000081000000| Untracked 
|  17|0x0000000081100000, 0x0000000081200000, 0x0000000081200000|100%| O|  |TAMS 0x0000000081200000, 0x0000000081100000| Untracked 
|  18|0x0000000081200000, 0x0000000081300000, 0x0000000081300000|100%| O|  |TAMS 0x0000000081300000, 0x0000000081200000| Untracked 
|  19|0x0000000081300000, 0x0000000081400000, 0x0000000081400000|100%| O|  |TAMS 0x0000000081400000, 0x0000000081300000| Untracked 
|  20|0x0000000081400000, 0x0000000081500000, 0x0000000081500000|100%| O|  |TAMS 0x0000000081500000, 0x0000000081400000| Untracked 
|  21|0x0000000081500000, 0x0000000081600000, 0x0000000081600000|100%| O|  |TAMS 0x0000000081600000, 0x0000000081500000| Untracked 
|  22|0x0000000081600000, 0x0000000081700000, 0x0000000081700000|100%| O|  |TAMS 0x0000000081700000, 0x0000000081600000| Untracked 
|  23|0x0000000081700000, 0x0000000081800000, 0x0000000081800000|100%| O|  |TAMS 0x0000000081800000, 0x0000000081700000| Untracked 
|  24|0x0000000081800000, 0x0000000081900000, 0x0000000081900000|100%| O|  |TAMS 0x0000000081900000, 0x0000000081800000| Untracked 
|  25|0x0000000081900000, 0x0000000081a00000, 0x0000000081a00000|100%| O|  |TAMS 0x0000000081a00000, 0x0000000081900000| Untracked 
|  26|0x0000000081a00000, 0x0000000081b00000, 0x0000000081b00000|100%|HS|  |TAMS 0x0000000081b00000, 0x0000000081a00000| Complete 
|  27|0x0000000081b00000, 0x0000000081c00000, 0x0000000081c00000|100%| O|  |TAMS 0x0000000081c00000, 0x0000000081b00000| Untracked 
|  28|0x0000000081c00000, 0x0000000081d00000, 0x0000000081d00000|100%| O|  |TAMS 0x0000000081d00000, 0x0000000081c00000| Untracked 
|  29|0x0000000081d00000, 0x0000000081e00000, 0x0000000081e00000|100%| O|  |TAMS 0x0000000081e00000, 0x0000000081d00000| Untracked 
|  30|0x0000000081e00000, 0x0000000081f00000, 0x0000000081f00000|100%| O|  |TAMS 0x0000000081f00000, 0x0000000081e00000| Untracked 
|  31|0x0000000081f00000, 0x0000000082000000, 0x0000000082000000|100%| O|  |TAMS 0x0000000082000000, 0x0000000081f00000| Untracked 
|  32|0x0000000082000000, 0x0000000082100000, 0x0000000082100000|100%| O|  |TAMS 0x0000000082100000, 0x0000000082000000| Untracked 
|  33|0x0000000082100000, 0x0000000082200000, 0x0000000082200000|100%|HS|  |TAMS 0x0000000082200000, 0x0000000082100000| Complete 
|  34|0x0000000082200000, 0x0000000082300000, 0x0000000082300000|100%|HC|  |TAMS 0x0000000082300000, 0x0000000082200000| Complete 
|  35|0x0000000082300000, 0x0000000082400000, 0x0000000082400000|100%|HS|  |TAMS 0x0000000082400000, 0x0000000082300000| Complete 
|  36|0x0000000082400000, 0x0000000082500000, 0x0000000082500000|100%|HC|  |TAMS 0x0000000082500000, 0x0000000082400000| Complete 
|  37|0x0000000082500000, 0x0000000082600000, 0x0000000082600000|100%|HC|  |TAMS 0x0000000082600000, 0x0000000082500000| Complete 
|  38|0x0000000082600000, 0x0000000082700000, 0x0000000082700000|100%|HC|  |TAMS 0x0000000082700000, 0x0000000082600000| Complete 
|  39|0x0000000082700000, 0x0000000082800000, 0x0000000082800000|100%| O|  |TAMS 0x0000000082800000, 0x0000000082700000| Untracked 
|  40|0x0000000082800000, 0x0000000082900000, 0x0000000082900000|100%| O|  |TAMS 0x0000000082900000, 0x0000000082800000| Untracked 
|  41|0x0000000082900000, 0x0000000082a00000, 0x0000000082a00000|100%| O|  |TAMS 0x0000000082a00000, 0x0000000082900000| Untracked 
|  42|0x0000000082a00000, 0x0000000082b00000, 0x0000000082b00000|100%| O|  |TAMS 0x0000000082b00000, 0x0000000082a00000| Untracked 
|  43|0x0000000082b00000, 0x0000000082c00000, 0x0000000082c00000|100%| O|  |TAMS 0x0000000082c00000, 0x0000000082b00000| Untracked 
|  44|0x0000000082c00000, 0x0000000082d00000, 0x0000000082d00000|100%| O|  |TAMS 0x0000000082d00000, 0x0000000082c00000| Untracked 
|  45|0x0000000082d00000, 0x0000000082e00000, 0x0000000082e00000|100%| O|  |TAMS 0x0000000082e00000, 0x0000000082d00000| Untracked 
|  46|0x0000000082e00000, 0x0000000082f00000, 0x0000000082f00000|100%| O|  |TAMS 0x0000000082f00000, 0x0000000082e00000| Untracked 
|  47|0x0000000082f00000, 0x0000000083000000, 0x0000000083000000|100%| O|  |TAMS 0x0000000083000000, 0x0000000082f00000| Untracked 
|  48|0x0000000083000000, 0x0000000083100000, 0x0000000083100000|100%| O|  |TAMS 0x0000000083100000, 0x0000000083000000| Untracked 
|  49|0x0000000083100000, 0x0000000083200000, 0x0000000083200000|100%| O|  |TAMS 0x0000000083200000, 0x0000000083100000| Updating 
|  50|0x0000000083200000, 0x0000000083300000, 0x0000000083300000|100%| O|  |TAMS 0x0000000083300000, 0x0000000083200000| Untracked 
|  51|0x0000000083300000, 0x0000000083400000, 0x0000000083400000|100%|HS|  |TAMS 0x0000000083400000, 0x0000000083300000| Complete 
|  52|0x0000000083400000, 0x0000000083500000, 0x0000000083500000|100%| O|  |TAMS 0x0000000083500000, 0x0000000083400000| Untracked 
|  53|0x0000000083500000, 0x0000000083600000, 0x0000000083600000|100%| O|  |TAMS 0x0000000083600000, 0x0000000083500000| Untracked 
|  54|0x0000000083600000, 0x0000000083700000, 0x0000000083700000|100%| O|  |TAMS 0x0000000083700000, 0x0000000083600000| Untracked 
|  55|0x0000000083700000, 0x0000000083800000, 0x0000000083800000|100%| O|  |TAMS 0x0000000083800000, 0x0000000083700000| Untracked 
|  56|0x0000000083800000, 0x0000000083900000, 0x0000000083900000|100%| O|  |TAMS 0x0000000083900000, 0x0000000083800000| Untracked 
|  57|0x0000000083900000, 0x0000000083a00000, 0x0000000083a00000|100%| O|  |TAMS 0x0000000083a00000, 0x0000000083900000| Untracked 
|  58|0x0000000083a00000, 0x0000000083b00000, 0x0000000083b00000|100%|HS|  |TAMS 0x0000000083b00000, 0x0000000083a00000| Complete 
|  59|0x0000000083b00000, 0x0000000083c00000, 0x0000000083c00000|100%| O|  |TAMS 0x0000000083c00000, 0x0000000083b00000| Untracked 
|  60|0x0000000083c00000, 0x0000000083d00000, 0x0000000083d00000|100%| O|  |TAMS 0x0000000083d00000, 0x0000000083c00000| Untracked 
|  61|0x0000000083d00000, 0x0000000083e00000, 0x0000000083e00000|100%| O|  |TAMS 0x0000000083e00000, 0x0000000083d00000| Untracked 
|  62|0x0000000083e00000, 0x0000000083f00000, 0x0000000083f00000|100%| O|  |TAMS 0x0000000083f00000, 0x0000000083e00000| Untracked 
|  63|0x0000000083f00000, 0x0000000084000000, 0x0000000084000000|100%| O|  |TAMS 0x0000000084000000, 0x0000000083f00000| Untracked 
|  64|0x0000000084000000, 0x0000000084100000, 0x0000000084100000|100%| O|  |TAMS 0x0000000084100000, 0x0000000084000000| Untracked 
|  65|0x0000000084100000, 0x0000000084200000, 0x0000000084200000|100%| O|  |TAMS 0x0000000084200000, 0x0000000084100000| Untracked 
|  66|0x0000000084200000, 0x0000000084300000, 0x0000000084300000|100%| O|  |TAMS 0x0000000084300000, 0x0000000084200000| Untracked 
|  67|0x0000000084300000, 0x0000000084400000, 0x0000000084400000|100%| O|  |TAMS 0x0000000084400000, 0x0000000084300000| Untracked 
|  68|0x0000000084400000, 0x0000000084500000, 0x0000000084500000|100%| O|  |TAMS 0x0000000084500000, 0x0000000084400000| Untracked 
|  69|0x0000000084500000, 0x0000000084600000, 0x0000000084600000|100%| O|  |TAMS 0x0000000084600000, 0x0000000084500000| Untracked 
|  70|0x0000000084600000, 0x0000000084700000, 0x0000000084700000|100%| O|  |TAMS 0x0000000084700000, 0x0000000084600000| Untracked 
|  71|0x0000000084700000, 0x0000000084800000, 0x0000000084800000|100%| O|  |TAMS 0x0000000084800000, 0x0000000084700000| Untracked 
|  72|0x0000000084800000, 0x0000000084900000, 0x0000000084900000|100%| O|  |TAMS 0x0000000084900000, 0x0000000084800000| Untracked 
|  73|0x0000000084900000, 0x0000000084a00000, 0x0000000084a00000|100%| O|  |TAMS 0x0000000084a00000, 0x0000000084900000| Untracked 
|  74|0x0000000084a00000, 0x0000000084b00000, 0x0000000084b00000|100%| O|  |TAMS 0x0000000084b00000, 0x0000000084a00000| Untracked 
|  75|0x0000000084b00000, 0x0000000084c00000, 0x0000000084c00000|100%| O|  |TAMS 0x0000000084c00000, 0x0000000084b00000| Untracked 
|  76|0x0000000084c00000, 0x0000000084d00000, 0x0000000084d00000|100%| O|  |TAMS 0x0000000084d00000, 0x0000000084c00000| Untracked 
|  77|0x0000000084d00000, 0x0000000084e00000, 0x0000000084e00000|100%| O|  |TAMS 0x0000000084e00000, 0x0000000084d00000| Untracked 
|  78|0x0000000084e00000, 0x0000000084f00000, 0x0000000084f00000|100%| O|  |TAMS 0x0000000084f00000, 0x0000000084e00000| Untracked 
|  79|0x0000000084f00000, 0x0000000085000000, 0x0000000085000000|100%| O|  |TAMS 0x0000000085000000, 0x0000000084f00000| Untracked 
|  80|0x0000000085000000, 0x0000000085100000, 0x0000000085100000|100%| O|  |TAMS 0x0000000085100000, 0x0000000085000000| Updating 
|  81|0x0000000085100000, 0x0000000085200000, 0x0000000085200000|100%| O|  |TAMS 0x0000000085200000, 0x0000000085100000| Updating 
|  82|0x0000000085200000, 0x0000000085300000, 0x0000000085300000|100%|HS|  |TAMS 0x0000000085300000, 0x0000000085200000| Complete 
|  83|0x0000000085300000, 0x0000000085400000, 0x0000000085400000|100%|HS|  |TAMS 0x0000000085400000, 0x0000000085300000| Complete 
|  84|0x0000000085400000, 0x0000000085500000, 0x0000000085500000|100%|HC|  |TAMS 0x0000000085500000, 0x0000000085400000| Complete 
|  85|0x0000000085500000, 0x0000000085600000, 0x0000000085600000|100%| O|  |TAMS 0x0000000085600000, 0x0000000085500000| Untracked 
|  86|0x0000000085600000, 0x0000000085700000, 0x0000000085700000|100%| O|  |TAMS 0x0000000085700000, 0x0000000085600000| Untracked 
|  87|0x0000000085700000, 0x0000000085800000, 0x0000000085800000|100%| O|  |TAMS 0x0000000085800000, 0x0000000085700000| Updating 
|  88|0x0000000085800000, 0x0000000085900000, 0x0000000085900000|100%| O|  |TAMS 0x0000000085900000, 0x0000000085800000| Untracked 
|  89|0x0000000085900000, 0x0000000085a00000, 0x0000000085a00000|100%| O|  |TAMS 0x0000000085a00000, 0x0000000085900000| Untracked 
|  90|0x0000000085a00000, 0x0000000085b00000, 0x0000000085b00000|100%| O|  |TAMS 0x0000000085b00000, 0x0000000085a00000| Updating 
|  91|0x0000000085b00000, 0x0000000085c00000, 0x0000000085c00000|100%| O|  |TAMS 0x0000000085c00000, 0x0000000085b00000| Untracked 
|  92|0x0000000085c00000, 0x0000000085d00000, 0x0000000085d00000|100%| O|  |TAMS 0x0000000085c94800, 0x0000000085c00000| Updating 
|  93|0x0000000085d00000, 0x0000000085e00000, 0x0000000085e00000|100%| O|  |TAMS 0x0000000085d00000, 0x0000000085d00000| Untracked 
|  94|0x0000000085e00000, 0x0000000085f00000, 0x0000000085f00000|100%| O|  |TAMS 0x0000000085e00000, 0x0000000085e00000| Untracked 
|  95|0x0000000085f00000, 0x0000000086000000, 0x0000000086000000|100%| O|  |TAMS 0x0000000085f00000, 0x0000000085f00000| Untracked 
|  96|0x0000000086000000, 0x00000000860b0a00, 0x0000000086100000| 68%| O|  |TAMS 0x0000000086000000, 0x0000000086000000| Updating 
|  97|0x0000000086100000, 0x0000000086100000, 0x0000000086200000|  0%| F|  |TAMS 0x0000000086100000, 0x0000000086100000| Untracked 
|  98|0x0000000086200000, 0x0000000086200000, 0x0000000086300000|  0%| F|  |TAMS 0x0000000086200000, 0x0000000086200000| Untracked 
|  99|0x0000000086300000, 0x0000000086300000, 0x0000000086400000|  0%| F|  |TAMS 0x0000000086300000, 0x0000000086300000| Untracked 
| 100|0x0000000086400000, 0x0000000086400000, 0x0000000086500000|  0%| F|  |TAMS 0x0000000086400000, 0x0000000086400000| Untracked 
| 101|0x0000000086500000, 0x0000000086500000, 0x0000000086600000|  0%| F|  |TAMS 0x0000000086500000, 0x0000000086500000| Untracked 
| 102|0x0000000086600000, 0x0000000086600000, 0x0000000086700000|  0%| F|  |TAMS 0x0000000086600000, 0x0000000086600000| Untracked 
| 103|0x0000000086700000, 0x0000000086700000, 0x0000000086800000|  0%| F|  |TAMS 0x0000000086700000, 0x0000000086700000| Untracked 
| 104|0x0000000086800000, 0x0000000086800000, 0x0000000086900000|  0%| F|  |TAMS 0x0000000086800000, 0x0000000086800000| Untracked 
| 105|0x0000000086900000, 0x0000000086900000, 0x0000000086a00000|  0%| F|  |TAMS 0x0000000086900000, 0x0000000086900000| Untracked 
| 106|0x0000000086a00000, 0x0000000086a00000, 0x0000000086b00000|  0%| F|  |TAMS 0x0000000086a00000, 0x0000000086a00000| Untracked 
| 107|0x0000000086b00000, 0x0000000086b00000, 0x0000000086c00000|  0%| F|  |TAMS 0x0000000086b00000, 0x0000000086b00000| Untracked 
| 108|0x0000000086c00000, 0x0000000086c00000, 0x0000000086d00000|  0%| F|  |TAMS 0x0000000086c00000, 0x0000000086c00000| Untracked 
| 109|0x0000000086d00000, 0x0000000086d00000, 0x0000000086e00000|  0%| F|  |TAMS 0x0000000086d00000, 0x0000000086d00000| Untracked 
| 110|0x0000000086e00000, 0x0000000086e00000, 0x0000000086f00000|  0%| F|  |TAMS 0x0000000086e00000, 0x0000000086e00000| Untracked 
| 111|0x0000000086f00000, 0x0000000086f00000, 0x0000000087000000|  0%| F|  |TAMS 0x0000000086f00000, 0x0000000086f00000| Untracked 
| 112|0x0000000087000000, 0x0000000087000000, 0x0000000087100000|  0%| F|  |TAMS 0x0000000087000000, 0x0000000087000000| Untracked 
| 113|0x0000000087100000, 0x0000000087100000, 0x0000000087200000|  0%| F|  |TAMS 0x0000000087100000, 0x0000000087100000| Untracked 
| 114|0x0000000087200000, 0x0000000087200000, 0x0000000087300000|  0%| F|  |TAMS 0x0000000087200000, 0x0000000087200000| Untracked 
| 115|0x0000000087300000, 0x0000000087300000, 0x0000000087400000|  0%| F|  |TAMS 0x0000000087300000, 0x0000000087300000| Untracked 
| 116|0x0000000087400000, 0x0000000087400000, 0x0000000087500000|  0%| F|  |TAMS 0x0000000087400000, 0x0000000087400000| Untracked 
| 117|0x0000000087500000, 0x0000000087500000, 0x0000000087600000|  0%| F|  |TAMS 0x0000000087500000, 0x0000000087500000| Untracked 
| 118|0x0000000087600000, 0x0000000087650a40, 0x0000000087700000| 31%| S|CS|TAMS 0x0000000087600000, 0x0000000087600000| Complete 
| 119|0x0000000087700000, 0x0000000087800000, 0x0000000087800000|100%| S|CS|TAMS 0x0000000087700000, 0x0000000087700000| Complete 
| 120|0x0000000087800000, 0x0000000087800000, 0x0000000087900000|  0%| F|  |TAMS 0x0000000087800000, 0x0000000087800000| Untracked 
| 121|0x0000000087900000, 0x0000000087900000, 0x0000000087a00000|  0%| F|  |TAMS 0x0000000087900000, 0x0000000087900000| Untracked 
| 122|0x0000000087a00000, 0x0000000087a00000, 0x0000000087b00000|  0%| F|  |TAMS 0x0000000087a00000, 0x0000000087a00000| Untracked 
| 123|0x0000000087b00000, 0x0000000087b00000, 0x0000000087c00000|  0%| F|  |TAMS 0x0000000087b00000, 0x0000000087b00000| Untracked 
| 124|0x0000000087c00000, 0x0000000087c00000, 0x0000000087d00000|  0%| F|  |TAMS 0x0000000087c00000, 0x0000000087c00000| Untracked 
| 125|0x0000000087d00000, 0x0000000087d00000, 0x0000000087e00000|  0%| F|  |TAMS 0x0000000087d00000, 0x0000000087d00000| Untracked 
| 126|0x0000000087e00000, 0x0000000087e00000, 0x0000000087f00000|  0%| F|  |TAMS 0x0000000087e00000, 0x0000000087e00000| Untracked 
| 127|0x0000000087f00000, 0x0000000087f00000, 0x0000000088000000|  0%| F|  |TAMS 0x0000000087f00000, 0x0000000087f00000| Untracked 
| 128|0x0000000088000000, 0x0000000088000000, 0x0000000088100000|  0%| F|  |TAMS 0x0000000088000000, 0x0000000088000000| Untracked 
| 129|0x0000000088100000, 0x0000000088100000, 0x0000000088200000|  0%| F|  |TAMS 0x0000000088100000, 0x0000000088100000| Untracked 
| 130|0x0000000088200000, 0x0000000088200000, 0x0000000088300000|  0%| F|  |TAMS 0x0000000088200000, 0x0000000088200000| Untracked 
| 131|0x0000000088300000, 0x0000000088300000, 0x0000000088400000|  0%| F|  |TAMS 0x0000000088300000, 0x0000000088300000| Untracked 
| 132|0x0000000088400000, 0x0000000088400000, 0x0000000088500000|  0%| F|  |TAMS 0x0000000088400000, 0x0000000088400000| Untracked 
| 133|0x0000000088500000, 0x0000000088500000, 0x0000000088600000|  0%| F|  |TAMS 0x0000000088500000, 0x0000000088500000| Untracked 
| 134|0x0000000088600000, 0x0000000088600000, 0x0000000088700000|  0%| F|  |TAMS 0x0000000088600000, 0x0000000088600000| Untracked 
| 135|0x0000000088700000, 0x0000000088700000, 0x0000000088800000|  0%| F|  |TAMS 0x0000000088700000, 0x0000000088700000| Untracked 
| 136|0x0000000088800000, 0x0000000088800000, 0x0000000088900000|  0%| F|  |TAMS 0x0000000088800000, 0x0000000088800000| Untracked 
| 137|0x0000000088900000, 0x0000000088979fa0, 0x0000000088a00000| 47%| E|  |TAMS 0x0000000088900000, 0x0000000088900000| Complete 
| 138|0x0000000088a00000, 0x0000000088b00000, 0x0000000088b00000|100%| E|CS|TAMS 0x0000000088a00000, 0x0000000088a00000| Complete 

Card table byte_map: [0x0000024d1a860000,0x0000024d1ac60000] _byte_map_base: 0x0000024d1a460000

Marking Bits (Prev, Next): (CMBitMap*) 0x0000024d03551120, (CMBitMap*) 0x0000024d035510e0
 Prev Bits: [0x0000024d1d060000, 0x0000024d1f060000)
 Next Bits: [0x0000024d1b060000, 0x0000024d1d060000)

Polling page: 0x0000024d01490000

Metaspace:

Usage:
  Non-class:     76.98 MB used.
      Class:     12.03 MB used.
       Both:     89.01 MB used.

Virtual space:
  Non-class space:      128.00 MB reserved,      77.94 MB ( 61%) committed,  2 nodes.
      Class space:      412.00 MB reserved,      13.12 MB (  3%) committed,  1 nodes.
             Both:      540.00 MB reserved,      91.06 MB ( 17%) committed. 

Chunk freelists:
   Non-Class:  2.00 MB
       Class:  2.77 MB
        Both:  4.77 MB

MaxMetaspaceSize: 512.00 MB
CompressedClassSpaceSize: 412.00 MB
Initial GC threshold: 21.00 MB
Current GC threshold: 142.50 MB
CDS: on
MetaspaceReclaimPolicy: balanced
 - commit_granule_bytes: 65536.
 - commit_granule_words: 8192.
 - virtual_space_node_default_size: 8388608.
 - enlarge_chunks_in_place: 1.
 - new_chunks_are_fully_committed: 0.
 - uncommit_free_chunks: 1.
 - use_allocation_guard: 0.


Internal statistics:

num_allocs_failed_limit: 6.
num_arena_births: 3794.
num_arena_deaths: 0.
num_vsnodes_births: 3.
num_vsnodes_deaths: 0.
num_space_committed: 1457.
num_space_uncommitted: 0.
num_chunks_returned_to_freelist: 6.
num_chunks_taken_from_freelist: 8030.
num_chunk_merges: 6.
num_chunk_splits: 5253.
num_chunks_enlarged: 3302.
num_inconsistent_stats: 0.

CodeHeap 'non-profiled nmethods': size=120000Kb used=5765Kb max_used=5765Kb free=114235Kb
 bounds [0x0000024d12f30000, 0x0000024d134e0000, 0x0000024d1a460000]
CodeHeap 'profiled nmethods': size=120000Kb used=20883Kb max_used=20883Kb free=99116Kb
 bounds [0x0000024d0b460000, 0x0000024d0c8d0000, 0x0000024d12990000]
CodeHeap 'non-nmethods': size=5760Kb used=2484Kb max_used=2563Kb free=3275Kb
 bounds [0x0000024d12990000, 0x0000024d12c20000, 0x0000024d12f30000]
 total_blobs=11410 nmethods=10470 adapters=850
 compilation: enabled
              stopped_count=0, restarted_count=0
 full_count=0

Compilation events (20 events):
Event: 340.941 Thread 0x0000024d2152cf20 12027       4       org.gradle.internal.instantiation.generator.AbstractClassGenerator$PropertyMetadata::findAnnotation (22 bytes)
Event: 340.944 Thread 0x0000024d21590610 nmethod 12025 0x0000024d0c8b8e90 code [0x0000024d0c8b9840, 0x0000024d0c8bf878]
Event: 340.985 Thread 0x0000024d2152cf20 nmethod 12027 0x0000024d134cdc10 code [0x0000024d134cdee0, 0x0000024d134cf6c8]
Event: 341.427 Thread 0x0000024d21590610 12028       3       java.util.concurrent.ScheduledThreadPoolExecutor$DelayedWorkQueue::finishPoll (43 bytes)
Event: 341.427 Thread 0x0000024d21590610 nmethod 12028 0x0000024d0c8c1b10 code [0x0000024d0c8c1ce0, 0x0000024d0c8c22c8]
Event: 341.449 Thread 0x0000024d21590610 12029       3       java.lang.ClassLoader::getBuiltinPlatformClassLoader (4 bytes)
Event: 341.449 Thread 0x0000024d2152cf20 12030       4       org.objectweb.asm.MethodWriter::visitTypeInsn (116 bytes)
Event: 341.449 Thread 0x0000024d21590610 nmethod 12029 0x0000024d0c8c2490 code [0x0000024d0c8c2640, 0x0000024d0c8c2798]
Event: 341.452 Thread 0x0000024d21590610 12031       1       org.gradle.api.services.internal.BuildServiceDetails::getImplementationType (5 bytes)
Event: 341.452 Thread 0x0000024d21590610 nmethod 12031 0x0000024d134d0410 code [0x0000024d134d05a0, 0x0000024d134d0658]
Event: 341.454 Thread 0x0000024d2152cf20 nmethod 12030 0x0000024d134d0710 code [0x0000024d134d08c0, 0x0000024d134d0bc8]
Event: 341.454 Thread 0x0000024d2152cf20 12032       4       java.nio.Buffer::<init> (105 bytes)
Event: 341.454 Thread 0x0000024d21590610 12033       3       org.gradle.internal.instantiation.generator.AsmBackedClassGenerator$ClassBuilderImpl::applyManagedStateToProperty (14 bytes)
Event: 341.456 Thread 0x0000024d2152cf20 nmethod 12032 0x0000024d134d0f10 code [0x0000024d134d10a0, 0x0000024d134d1298]
Event: 341.483 Thread 0x0000024d21590610 nmethod 12033 0x0000024d0c8c2890 code [0x0000024d0c8c2ba0, 0x0000024d0c8c3c88]
Event: 341.483 Thread 0x0000024d21590610 12034       3       org.gradle.api.internal.tasks.DefaultTaskContainer_Decorated::getStore (40 bytes)
Event: 341.483 Thread 0x0000024d21590610 nmethod 12034 0x0000024d0c8c4310 code [0x0000024d0c8c44e0, 0x0000024d0c8c4858]
Event: 341.561 Thread 0x0000024d2152cf20 12035       4       org.gradle.internal.instantiation.generator.AbstractClassGenerator$PropertyMetadata::addGetter (129 bytes)
Event: 341.562 Thread 0x0000024d21590610 12037       3       java.lang.ClassLoader::getPlatformClassLoader (21 bytes)
Event: 341.563 Thread 0x0000024d21590610 nmethod 12037 0x0000024d0c8c4990 code [0x0000024d0c8c4b40, 0x0000024d0c8c4dd8]

GC Heap History (20 events):
Event: 268.479 GC heap before
{Heap before GC invocations=40 (full 0):
 garbage-first heap   total 130048K, used 92427K [0x0000000080000000, 0x0000000100000000)
  region size 1024K, 21 young (21504K), 3 survivors (3072K)
 Metaspace       used 78799K, committed 80704K, reserved 552960K
  class space    used 10532K, committed 11520K, reserved 421888K
}
Event: 268.485 GC heap after
{Heap after GC invocations=41 (full 0):
 garbage-first heap   total 130048K, used 74521K [0x0000000080000000, 0x0000000100000000)
  region size 1024K, 3 young (3072K), 3 survivors (3072K)
 Metaspace       used 78799K, committed 80704K, reserved 552960K
  class space    used 10532K, committed 11520K, reserved 421888K
}
Event: 268.525 GC heap before
{Heap before GC invocations=41 (full 0):
 garbage-first heap   total 130048K, used 77593K [0x0000000080000000, 0x0000000100000000)
  region size 1024K, 6 young (6144K), 3 survivors (3072K)
 Metaspace       used 78799K, committed 80704K, reserved 552960K
  class space    used 10532K, committed 11520K, reserved 421888K
}
Event: 268.530 GC heap after
{Heap after GC invocations=42 (full 0):
 garbage-first heap   total 130048K, used 73977K [0x0000000080000000, 0x0000000100000000)
  region size 1024K, 1 young (1024K), 1 survivors (1024K)
 Metaspace       used 78799K, committed 80704K, reserved 552960K
  class space    used 10532K, committed 11520K, reserved 421888K
}
Event: 304.916 GC heap before
{Heap before GC invocations=42 (full 0):
 garbage-first heap   total 130048K, used 102649K [0x0000000080000000, 0x0000000100000000)
  region size 1024K, 29 young (29696K), 1 survivors (1024K)
 Metaspace       used 79075K, committed 81024K, reserved 552960K
  class space    used 10564K, committed 11584K, reserved 421888K
}
Event: 304.926 GC heap after
{Heap after GC invocations=43 (full 0):
 garbage-first heap   total 130048K, used 76368K [0x0000000080000000, 0x0000000100000000)
  region size 1024K, 3 young (3072K), 3 survivors (3072K)
 Metaspace       used 79075K, committed 81024K, reserved 552960K
  class space    used 10564K, committed 11584K, reserved 421888K
}
Event: 306.430 GC heap before
{Heap before GC invocations=43 (full 0):
 garbage-first heap   total 130048K, used 104016K [0x0000000080000000, 0x0000000100000000)
  region size 1024K, 30 young (30720K), 3 survivors (3072K)
 Metaspace       used 82055K, committed 84032K, reserved 552960K
  class space    used 10981K, committed 12032K, reserved 421888K
}
Event: 306.442 GC heap after
{Heap after GC invocations=44 (full 0):
 garbage-first heap   total 130048K, used 78524K [0x0000000080000000, 0x0000000100000000)
  region size 1024K, 3 young (3072K), 3 survivors (3072K)
 Metaspace       used 82055K, committed 84032K, reserved 552960K
  class space    used 10981K, committed 12032K, reserved 421888K
}
Event: 308.658 GC heap before
{Heap before GC invocations=44 (full 0):
 garbage-first heap   total 130048K, used 105148K [0x0000000080000000, 0x0000000100000000)
  region size 1024K, 29 young (29696K), 3 survivors (3072K)
 Metaspace       used 85287K, committed 87296K, reserved 552960K
  class space    used 11570K, committed 12608K, reserved 421888K
}
Event: 308.666 GC heap after
{Heap after GC invocations=45 (full 0):
 garbage-first heap   total 130048K, used 79967K [0x0000000080000000, 0x0000000100000000)
  region size 1024K, 4 young (4096K), 4 survivors (4096K)
 Metaspace       used 85287K, committed 87296K, reserved 552960K
  class space    used 11570K, committed 12608K, reserved 421888K
}
Event: 325.148 GC heap before
{Heap before GC invocations=46 (full 0):
 garbage-first heap   total 142336K, used 106591K [0x0000000080000000, 0x0000000100000000)
  region size 1024K, 30 young (30720K), 4 survivors (4096K)
 Metaspace       used 86143K, committed 88192K, reserved 552960K
  class space    used 11676K, committed 12736K, reserved 421888K
}
Event: 325.167 GC heap after
{Heap after GC invocations=47 (full 0):
 garbage-first heap   total 142336K, used 82538K [0x0000000080000000, 0x0000000100000000)
  region size 1024K, 4 young (4096K), 4 survivors (4096K)
 Metaspace       used 86143K, committed 88192K, reserved 552960K
  class space    used 11676K, committed 12736K, reserved 421888K
}
Event: 325.193 GC heap before
{Heap before GC invocations=47 (full 0):
 garbage-first heap   total 142336K, used 84586K [0x0000000080000000, 0x0000000100000000)
  region size 1024K, 6 young (6144K), 4 survivors (4096K)
 Metaspace       used 86158K, committed 88192K, reserved 552960K
  class space    used 11676K, committed 12736K, reserved 421888K
}
Event: 325.211 GC heap after
{Heap after GC invocations=48 (full 0):
 garbage-first heap   total 142336K, used 83154K [0x0000000080000000, 0x0000000100000000)
  region size 1024K, 1 young (1024K), 1 survivors (1024K)
 Metaspace       used 86158K, committed 88192K, reserved 552960K
  class space    used 11676K, committed 12736K, reserved 421888K
}
Event: 333.245 GC heap before
{Heap before GC invocations=48 (full 0):
 garbage-first heap   total 142336K, used 118994K [0x0000000080000000, 0x0000000100000000)
  region size 1024K, 33 young (33792K), 1 survivors (1024K)
 Metaspace       used 87656K, committed 89728K, reserved 552960K
  class space    used 11903K, committed 12992K, reserved 421888K
}
Event: 333.262 GC heap after
{Heap after GC invocations=49 (full 0):
 garbage-first heap   total 142336K, used 94599K [0x0000000080000000, 0x0000000100000000)
  region size 1024K, 5 young (5120K), 5 survivors (5120K)
 Metaspace       used 87656K, committed 89728K, reserved 552960K
  class space    used 11903K, committed 12992K, reserved 421888K
}
Event: 338.972 GC heap before
{Heap before GC invocations=49 (full 0):
 garbage-first heap   total 142336K, used 115079K [0x0000000080000000, 0x0000000100000000)
  region size 1024K, 26 young (26624K), 5 survivors (5120K)
 Metaspace       used 89947K, committed 92096K, reserved 552960K
  class space    used 12127K, committed 13248K, reserved 421888K
}
Event: 338.993 GC heap after
{Heap after GC invocations=50 (full 0):
 garbage-first heap   total 142336K, used 98898K [0x0000000080000000, 0x0000000100000000)
  region size 1024K, 4 young (4096K), 4 survivors (4096K)
 Metaspace       used 89947K, committed 92096K, reserved 552960K
  class space    used 12127K, committed 13248K, reserved 421888K
}
Event: 341.002 GC heap before
{Heap before GC invocations=50 (full 0):
 garbage-first heap   total 142336K, used 117330K [0x0000000080000000, 0x0000000100000000)
  region size 1024K, 23 young (23552K), 4 survivors (4096K)
 Metaspace       used 91088K, committed 93248K, reserved 552960K
  class space    used 12309K, committed 13440K, reserved 421888K
}
Event: 341.426 GC heap after
{Heap after GC invocations=51 (full 0):
 garbage-first heap   total 142336K, used 100357K [0x0000000080000000, 0x0000000100000000)
  region size 1024K, 2 young (2048K), 2 survivors (2048K)
 Metaspace       used 91088K, committed 93248K, reserved 552960K
  class space    used 12309K, committed 13440K, reserved 421888K
}

Dll operation events (13 events):
Event: 0.010 Loaded shared library D:\java\bin\java.dll
Event: 0.037 Loaded shared library D:\java\bin\jsvml.dll
Event: 1.068 Loaded shared library D:\java\bin\net.dll
Event: 1.291 Loaded shared library D:\java\bin\nio.dll
Event: 1.303 Loaded shared library D:\java\bin\zip.dll
Event: 2.616 Loaded shared library D:\java\bin\jimage.dll
Event: 3.101 Loaded shared library D:\java\bin\verify.dll
Event: 5.030 Loaded shared library C:\Users\samee\.gradle\native\68d5fa5c4cc2d200863cafc0d521ce42e7d3e7ee720ec0a83991735586a16f82\windows-amd64\native-platform.dll
Event: 5.058 Loaded shared library C:\Users\samee\.gradle\native\e376f236ea51e6404a007f0833ffe2c6e607c4080706a723a18a27aeea778392\windows-amd64\native-platform-file-events.dll
Event: 14.808 Loaded shared library D:\java\bin\management.dll
Event: 14.812 Loaded shared library D:\java\bin\management_ext.dll
Event: 20.150 Loaded shared library D:\java\bin\extnet.dll
Event: 28.991 Loaded shared library D:\java\bin\sunmscapi.dll

Deoptimization events (20 events):
Event: 337.877 Thread 0x0000024d258e1d70 Uncommon trap: trap_request=0xffffff45 fr.pc=0x0000024d134503e4 relative=0x0000000000001384
Event: 337.877 Thread 0x0000024d258e1d70 Uncommon trap: reason=unstable_if action=reinterpret pc=0x0000024d134503e4 method=java.util.concurrent.ConcurrentHashMap.computeIfAbsent(Ljava/lang/Object;Ljava/util/function/Function;)Ljava/lang/Object; @ 123 c2
Event: 337.877 Thread 0x0000024d258e1d70 DEOPT PACKING pc=0x0000024d134503e4 sp=0x0000005e00efad50
Event: 337.877 Thread 0x0000024d258e1d70 DEOPT UNPACKING pc=0x0000024d129f6da3 sp=0x0000005e00eface0 mode 2
Event: 338.966 Thread 0x0000024d291d1f80 DEOPT PACKING pc=0x0000024d0c6765c9 sp=0x0000005e042fa580
Event: 338.966 Thread 0x0000024d291d1f80 DEOPT UNPACKING pc=0x0000024d129f7543 sp=0x0000005e042f9a80 mode 0
Event: 340.497 Thread 0x0000024d291d1f80 Uncommon trap: trap_request=0xfffffff4 fr.pc=0x0000024d134c3c94 relative=0x00000000000000f4
Event: 340.498 Thread 0x0000024d291d1f80 Uncommon trap: reason=null_check action=make_not_entrant pc=0x0000024d134c3c94 method=org.gradle.internal.instantiation.generator.AbstractClassGenerator.isPropertyType(Ljava/lang/Class;)Z @ 3 c2
Event: 340.498 Thread 0x0000024d291d1f80 DEOPT PACKING pc=0x0000024d134c3c94 sp=0x0000005e042f9dd0
Event: 340.498 Thread 0x0000024d291d1f80 DEOPT UNPACKING pc=0x0000024d129f6da3 sp=0x0000005e042f9d60 mode 2
Event: 340.876 Thread 0x0000024d291d1f80 Uncommon trap: trap_request=0xfffffff4 fr.pc=0x0000024d134c9aa4 relative=0x00000000000001c4
Event: 340.876 Thread 0x0000024d291d1f80 Uncommon trap: reason=null_check action=make_not_entrant pc=0x0000024d134c9aa4 method=org.gradle.internal.instantiation.generator.AbstractClassGenerator$DslMixInPropertyType.visitProperty(Lorg/gradle/internal/instantiation/generator/AbstractClassGenerator
Event: 340.876 Thread 0x0000024d291d1f80 DEOPT PACKING pc=0x0000024d134c9aa4 sp=0x0000005e042f9ef0
Event: 340.876 Thread 0x0000024d291d1f80 DEOPT UNPACKING pc=0x0000024d129f6da3 sp=0x0000005e042f9e78 mode 2
Event: 340.903 Thread 0x0000024d291d1f80 Uncommon trap: trap_request=0xfffffff4 fr.pc=0x0000024d134caac4 relative=0x0000000000000344
Event: 340.903 Thread 0x0000024d291d1f80 Uncommon trap: reason=null_check action=make_not_entrant pc=0x0000024d134caac4 method=org.gradle.internal.instantiation.generator.AbstractClassGenerator.isIneligibleForConventionMapping(Lorg/gradle/internal/instantiation/generator/AbstractClassGenerator$P
Event: 340.903 Thread 0x0000024d291d1f80 DEOPT PACKING pc=0x0000024d134caac4 sp=0x0000005e042f9ec0
Event: 340.903 Thread 0x0000024d291d1f80 DEOPT UNPACKING pc=0x0000024d129f6da3 sp=0x0000005e042f9db8 mode 2
Event: 340.935 Thread 0x0000024d291d1f80 DEOPT PACKING pc=0x0000024d0c6cbec0 sp=0x0000005e042f9980
Event: 340.935 Thread 0x0000024d291d1f80 DEOPT UNPACKING pc=0x0000024d129f7543 sp=0x0000005e042f8e68 mode 0

Classes loaded (20 events):
Event: 336.867 Loading class java/io/ObjectInputFilter
Event: 336.867 Loading class java/io/ObjectInputFilter done
Event: 336.869 Loading class java/io/ObjectInputFilter$Config$BuiltinFilterFactory
Event: 336.869 Loading class java/io/ObjectInputFilter$Config$BuiltinFilterFactory done
Event: 336.869 Loading class jdk/internal/access/JavaObjectInputFilterAccess
Event: 336.869 Loading class jdk/internal/access/JavaObjectInputFilterAccess done
Event: 336.870 Loading class jdk/internal/event/DeserializationEvent
Event: 336.870 Loading class jdk/internal/event/DeserializationEvent done
Event: 336.871 Loading class java/io/ObjectInputStream$FieldValues
Event: 336.871 Loading class java/io/ObjectInputStream$GetField
Event: 336.871 Loading class java/io/ObjectInputStream$GetField done
Event: 336.871 Loading class java/io/ObjectInputStream$FieldValues done
Event: 336.873 Loading class java/util/HashMap$UnsafeHolder
Event: 336.874 Loading class java/util/HashMap$UnsafeHolder done
Event: 338.311 Loading class java/util/TreeMap$KeySpliterator
Event: 338.314 Loading class java/util/TreeMap$KeySpliterator done
Event: 339.678 Loading class java/text/MessageFormat
Event: 339.679 Loading class java/text/MessageFormat done
Event: 339.679 Loading class java/text/MessageFormat$Field
Event: 339.679 Loading class java/text/MessageFormat$Field done

Classes unloaded (0 events):
No events

Classes redefined (0 events):
No events

Internal exceptions (20 events):
Event: 330.682 Thread 0x0000024d258e1d70 Exception <a 'java/lang/ClassNotFoundException'{0x0000000087768d40}: org/gradle/api/internal/artifacts/repositories/AbstractResolutionAwareArtifactRepositoryCustomizer> (0x0000000087768d40) 
thrown [s\open\src\hotspot\share\classfile\systemDictionary.cpp, line 255]
Event: 330.684 Thread 0x0000024d258e1d70 Exception <a 'java/lang/ClassNotFoundException'{0x000000008778a0b8}: org/gradle/api/internal/artifacts/repositories/AbstractAuthenticationSupportedRepositoryCustomizer> (0x000000008778a0b8) 
thrown [s\open\src\hotspot\share\classfile\systemDictionary.cpp, line 255]
Event: 330.689 Thread 0x0000024d258e1d70 Exception <a 'java/lang/ClassNotFoundException'{0x00000000877b46c8}: org/gradle/api/internal/artifacts/repositories/DefaultMavenArtifactRepositoryCustomizer> (0x00000000877b46c8) 
thrown [s\open\src\hotspot\share\classfile\systemDictionary.cpp, line 255]
Event: 330.691 Thread 0x0000024d258e1d70 Exception <a 'java/lang/ClassNotFoundException'{0x00000000877e4c68}: org/gradle/api/internal/artifacts/repositories/DefaultMavenArtifactRepository_DecoratedCustomizer> (0x00000000877e4c68) 
thrown [s\open\src\hotspot\share\classfile\systemDictionary.cpp, line 255]
Event: 332.177 Thread 0x0000024d258e1d70 Exception <a 'java/lang/ClassNotFoundException'{0x0000000086ddf010}: com/android/build/gradle/internal/api/LibraryVariantOutputImpl_DecoratedBeanInfo> (0x0000000086ddf010) 
thrown [s\open\src\hotspot\share\classfile\systemDictionary.cpp, line 255]
Event: 332.185 Thread 0x0000024d258e1d70 Exception <a 'java/lang/ClassNotFoundException'{0x0000000086deacf8}: com/android/build/gradle/internal/api/LibraryVariantOutputImplBeanInfo> (0x0000000086deacf8) 
thrown [s\open\src\hotspot\share\classfile\systemDictionary.cpp, line 255]
Event: 332.186 Thread 0x0000024d258e1d70 Exception <a 'java/lang/ClassNotFoundException'{0x0000000086df6a68}: com/android/build/gradle/internal/api/LibraryVariantOutputImplCustomizer> (0x0000000086df6a68) 
thrown [s\open\src\hotspot\share\classfile\systemDictionary.cpp, line 255]
Event: 332.187 Thread 0x0000024d258e1d70 Exception <a 'java/lang/ClassNotFoundException'{0x0000000086c0bb90}: com/android/build/gradle/internal/api/LibraryVariantOutputImpl_DecoratedCustomizer> (0x0000000086c0bb90) 
thrown [s\open\src\hotspot\share\classfile\systemDictionary.cpp, line 255]
Event: 332.189 Thread 0x0000024d258e1d70 Exception <a 'java/lang/NoClassDefFoundError'{0x0000000086c43678}: org/jetbrains/kotlin/gradle/plugin/KotlinBasePluginWrapper> (0x0000000086c43678) 
thrown [s\open\src\hotspot\share\oops\constantPool.cpp, line 837]
Event: 334.992 Thread 0x0000024d258e1d70 Exception <a 'java/lang/NoSuchMethodError'{0x0000000088667210}: 'org.gradle.internal.buildoption.BuildOption$Value org.gradle.api.internal.StartParameterInternal.getIsolatedProjects()'> (0x0000000088667210) 
thrown [s\open\src\hotspot\share\interpreter\linkResolver.cpp, line 774]
Event: 336.220 Thread 0x0000024d258e1d70 Exception <a 'java/lang/NoSuchMethodError'{0x0000000087eb0b88}: 'org.gradle.internal.buildoption.BuildOption$Value org.gradle.api.internal.StartParameterInternal.getConfigurationCache()'> (0x0000000087eb0b88) 
thrown [s\open\src\hotspot\share\interpreter\linkResolver.cpp, line 774]
Event: 336.399 Thread 0x0000024d258e1d70 Exception <a 'java/lang/NoSuchMethodError'{0x0000000087d7c9b0}: static Lcom/android/build/gradle/internal/profile/ProjectData;.<clinit>()V> (0x0000000087d7c9b0) 
thrown [s\open\src\hotspot\share\prims\jni.cpp, line 1107]
Event: 336.403 Thread 0x0000024d258e1d70 Exception <a 'java/lang/NoSuchMethodError'{0x0000000087d82170}: 'long java.lang.invoke.DirectMethodHandle$Holder.invokeSpecial(java.lang.Object, java.lang.Object)'> (0x0000000087d82170) 
thrown [s\open\src\hotspot\share\interpreter\linkResolver.cpp, line 774]
Event: 336.404 Thread 0x0000024d258e1d70 Exception <a 'java/lang/NoSuchMethodError'{0x0000000087d86558}: 'long java.lang.invoke.Invokers$Holder.invokeExact_MT(java.lang.Object, java.lang.Object)'> (0x0000000087d86558) 
thrown [s\open\src\hotspot\share\interpreter\linkResolver.cpp, line 774]
Event: 336.850 Thread 0x0000024d258e1d70 Exception <a 'java/lang/NoSuchMethodError'{0x0000000087dd55c8}: static Lcom/android/build/gradle/internal/profile/TaskMetadata;.<clinit>()V> (0x0000000087dd55c8) 
thrown [s\open\src\hotspot\share\prims\jni.cpp, line 1107]
Event: 337.109 Thread 0x0000024d258e1d70 Exception <a 'sun/nio/fs/WindowsException'{0x0000000087be33c8}> (0x0000000087be33c8) 
thrown [s\open\src\hotspot\share\prims\jni.cpp, line 517]
Event: 338.358 Thread 0x0000024d291d1f80 Exception <a 'java/lang/NoSuchMethodError'{0x0000000087864880}: 'void java.lang.invoke.DirectMethodHandle$Holder.invokeVirtual(java.lang.Object, java.lang.Object)'> (0x0000000087864880) 
thrown [s\open\src\hotspot\share\interpreter\linkResolver.cpp, line 774]
Event: 340.497 Thread 0x0000024d291d1f80 Implicit null exception at 0x0000024d134c3bb0 to 0x0000024d134c3c84
Event: 340.876 Thread 0x0000024d291d1f80 Implicit null exception at 0x0000024d134c9968 to 0x0000024d134c9a98
Event: 340.903 Thread 0x0000024d291d1f80 Implicit null exception at 0x0000024d134ca816 to 0x0000024d134caab8

VM Operations (20 events):
Event: 332.328 Executing VM operation: Cleanup done
Event: 333.245 Executing VM operation: G1CollectForAllocation
Event: 333.262 Executing VM operation: G1CollectForAllocation done
Event: 334.288 Executing VM operation: Cleanup
Event: 334.289 Executing VM operation: Cleanup done
Event: 335.292 Executing VM operation: Cleanup
Event: 335.749 Executing VM operation: Cleanup done
Event: 336.415 Executing VM operation: HandshakeAllThreads
Event: 336.416 Executing VM operation: HandshakeAllThreads done
Event: 337.429 Executing VM operation: Cleanup
Event: 337.549 Executing VM operation: Cleanup done
Event: 338.561 Executing VM operation: Cleanup
Event: 338.678 Executing VM operation: Cleanup done
Event: 338.972 Executing VM operation: G1CollectForAllocation
Event: 338.993 Executing VM operation: G1CollectForAllocation done
Event: 339.997 Executing VM operation: Cleanup
Event: 339.997 Executing VM operation: Cleanup done
Event: 341.002 Executing VM operation: G1CollectForAllocation
Event: 341.428 Executing VM operation: G1CollectForAllocation done
Event: 341.563 Executing VM operation: G1PauseRemark

Events (20 events):
Event: 265.933 Thread 0x0000024d25808070 flushing nmethod 0x0000024d0c564e90
Event: 265.933 Thread 0x0000024d25808070 flushing nmethod 0x0000024d0c565410
Event: 265.933 Thread 0x0000024d25808070 flushing nmethod 0x0000024d0c565810
Event: 265.933 Thread 0x0000024d25808070 flushing nmethod 0x0000024d0c567e10
Event: 265.933 Thread 0x0000024d25808070 flushing nmethod 0x0000024d0c569b10
Event: 265.933 Thread 0x0000024d25808070 flushing nmethod 0x0000024d0c571410
Event: 265.933 Thread 0x0000024d25808070 flushing nmethod 0x0000024d0c571d10
Event: 265.933 Thread 0x0000024d25808070 flushing nmethod 0x0000024d0c572290
Event: 265.933 Thread 0x0000024d25808070 flushing nmethod 0x0000024d0c575690
Event: 265.933 Thread 0x0000024d25808070 flushing nmethod 0x0000024d0c576410
Event: 265.933 Thread 0x0000024d25808070 flushing nmethod 0x0000024d0c576d90
Event: 305.000 Thread 0x0000024d26184bd0 Thread added: 0x0000024d26184bd0
Event: 305.400 Thread 0x0000024d26184bd0 Thread exited: 0x0000024d26184bd0
Event: 305.660 Thread 0x0000024d26184bd0 Thread added: 0x0000024d26184bd0
Event: 305.807 Thread 0x0000024d26184bd0 Thread exited: 0x0000024d26184bd0
Event: 310.561 Thread 0x0000024d291d04f0 Thread exited: 0x0000024d291d04f0
Event: 337.114 Thread 0x0000024d29c57470 Thread added: 0x0000024d29c57470
Event: 337.135 Thread 0x0000024d29c504e0 Thread added: 0x0000024d29c504e0
Event: 337.889 Thread 0x0000024d29c50a30 Thread added: 0x0000024d29c50a30
Event: 338.293 Thread 0x0000024d29c50f80 Thread added: 0x0000024d29c50f80


Dynamic libraries:
0x00007ff6fc4e0000 - 0x00007ff6fc4f0000 	D:\java\bin\java.exe
0x00007fffd3430000 - 0x00007fffd3627000 	C:\WINDOWS\SYSTEM32\ntdll.dll
0x00007fffd1490000 - 0x00007fffd154d000 	C:\WINDOWS\System32\KERNEL32.DLL
0x00007fffd1190000 - 0x00007fffd1486000 	C:\WINDOWS\System32\KERNELBASE.dll
0x00007fffd0dc0000 - 0x00007fffd0ec0000 	C:\WINDOWS\System32\ucrtbase.dll
0x00007fffbcbf0000 - 0x00007fffbcc08000 	D:\java\bin\jli.dll
0x00007fffd18e0000 - 0x00007fffd198e000 	C:\WINDOWS\System32\ADVAPI32.dll
0x00007fffd1840000 - 0x00007fffd18de000 	C:\WINDOWS\System32\msvcrt.dll
0x00007fffd2090000 - 0x00007fffd212c000 	C:\WINDOWS\System32\sechost.dll
0x00007fffd19f0000 - 0x00007fffd1b16000 	C:\WINDOWS\System32\RPCRT4.dll
0x00007fffd2130000 - 0x00007fffd22ce000 	C:\WINDOWS\System32\USER32.dll
0x00007fffd1080000 - 0x00007fffd10a2000 	C:\WINDOWS\System32\win32u.dll
0x00007fffd2bc0000 - 0x00007fffd2bec000 	C:\WINDOWS\System32\GDI32.dll
0x00007fffd0f60000 - 0x00007fffd107a000 	C:\WINDOWS\System32\gdi32full.dll
0x00007fffd0c70000 - 0x00007fffd0d0d000 	C:\WINDOWS\System32\msvcp_win.dll
0x00007fffc6a90000 - 0x00007fffc6aab000 	D:\java\bin\VCRUNTIME140.dll
0x00007fffb3d60000 - 0x00007fffb3ffa000 	C:\WINDOWS\WinSxS\amd64_microsoft.windows.common-controls_6595b64144ccf1df_6.0.19041.3570_none_60bb2a3971f3e41a\COMCTL32.dll
0x00007fffbf0c0000 - 0x00007fffbf0ca000 	C:\WINDOWS\SYSTEM32\VERSION.dll
0x00007fffd1550000 - 0x00007fffd1580000 	C:\WINDOWS\System32\IMM32.DLL
0x00007fffc90d0000 - 0x00007fffc90dc000 	D:\java\bin\vcruntime140_1.dll
0x00007fff9cbb0000 - 0x00007fff9cc3e000 	D:\java\bin\msvcp140.dll
0x00007fff91cf0000 - 0x00007fff929b0000 	D:\java\bin\server\jvm.dll
0x00007fffbdc50000 - 0x00007fffbdc59000 	C:\WINDOWS\SYSTEM32\WSOCK32.dll
0x00007fffd1bd0000 - 0x00007fffd1c3b000 	C:\WINDOWS\System32\WS2_32.dll
0x00007fffb3ce0000 - 0x00007fffb3d07000 	C:\WINDOWS\SYSTEM32\WINMM.dll
0x00007fffcf300000 - 0x00007fffcf312000 	C:\WINDOWS\SYSTEM32\kernel.appcore.dll
0x00007fffc6db0000 - 0x00007fffc6dba000 	D:\java\bin\jimage.dll
0x00007fffcb6d0000 - 0x00007fffcb8b4000 	C:\WINDOWS\SYSTEM32\DBGHELP.DLL
0x00007fffbe850000 - 0x00007fffbe884000 	C:\WINDOWS\SYSTEM32\dbgcore.DLL
0x00007fffd10b0000 - 0x00007fffd1132000 	C:\WINDOWS\System32\bcryptPrimitives.dll
0x00007fffbb080000 - 0x00007fffbb0a6000 	D:\java\bin\java.dll
0x00007fff9ba00000 - 0x00007fff9bad7000 	D:\java\bin\jsvml.dll
0x00007fffd2350000 - 0x00007fffd2a94000 	C:\WINDOWS\System32\SHELL32.dll
0x00007fffceb50000 - 0x00007fffcf2eb000 	C:\WINDOWS\SYSTEM32\windows.storage.dll
0x00007fffd1c40000 - 0x00007fffd1f94000 	C:\WINDOWS\System32\combase.dll
0x00007fffd0400000 - 0x00007fffd042d000 	C:\WINDOWS\SYSTEM32\Wldp.dll
0x00007fffd1660000 - 0x00007fffd170d000 	C:\WINDOWS\System32\SHCORE.dll
0x00007fffd1580000 - 0x00007fffd15d5000 	C:\WINDOWS\System32\shlwapi.dll
0x00007fffd0a40000 - 0x00007fffd0a65000 	C:\WINDOWS\SYSTEM32\profapi.dll
0x00007fffbb700000 - 0x00007fffbb713000 	D:\java\bin\net.dll
0x00007fffc33c0000 - 0x00007fffc34ca000 	C:\WINDOWS\SYSTEM32\WINHTTP.dll
0x00007fffd01e0000 - 0x00007fffd024a000 	C:\WINDOWS\system32\mswsock.dll
0x00007fffba790000 - 0x00007fffba7a6000 	D:\java\bin\nio.dll
0x00007fffb8420000 - 0x00007fffb8438000 	D:\java\bin\zip.dll
0x00007fffbded0000 - 0x00007fffbdee0000 	D:\java\bin\verify.dll
0x00007fffaa590000 - 0x00007fffaa5b7000 	C:\Users\samee\.gradle\native\68d5fa5c4cc2d200863cafc0d521ce42e7d3e7ee720ec0a83991735586a16f82\windows-amd64\native-platform.dll
0x00007fff999d0000 - 0x00007fff99b14000 	C:\Users\samee\.gradle\native\e376f236ea51e6404a007f0833ffe2c6e607c4080706a723a18a27aeea778392\windows-amd64\native-platform-file-events.dll
0x00007fffbdcd0000 - 0x00007fffbdcda000 	D:\java\bin\management.dll
0x00007fffbca10000 - 0x00007fffbca1b000 	D:\java\bin\management_ext.dll
0x00007fffd32f0000 - 0x00007fffd32f8000 	C:\WINDOWS\System32\PSAPI.DLL
0x00007fffd0440000 - 0x00007fffd0458000 	C:\WINDOWS\SYSTEM32\CRYPTSP.dll
0x00007fffcfab0000 - 0x00007fffcfae4000 	C:\WINDOWS\system32\rsaenh.dll
0x00007fffd0ec0000 - 0x00007fffd0ee7000 	C:\WINDOWS\System32\bcrypt.dll
0x00007fffd0a00000 - 0x00007fffd0a2e000 	C:\WINDOWS\SYSTEM32\USERENV.dll
0x00007fffd0370000 - 0x00007fffd037c000 	C:\WINDOWS\SYSTEM32\CRYPTBASE.dll
0x00007fffcfef0000 - 0x00007fffcff2b000 	C:\WINDOWS\SYSTEM32\IPHLPAPI.DLL
0x00007fffd1fa0000 - 0x00007fffd1fa8000 	C:\WINDOWS\System32\NSI.dll
0x00007fffc3ea0000 - 0x00007fffc3eb7000 	C:\WINDOWS\SYSTEM32\dhcpcsvc6.DLL
0x00007fffc3310000 - 0x00007fffc332d000 	C:\WINDOWS\SYSTEM32\dhcpcsvc.DLL
0x00007fffcff30000 - 0x00007fffcfffa000 	C:\WINDOWS\SYSTEM32\DNSAPI.dll
0x00007fffbb900000 - 0x00007fffbb908000 	D:\java\bin\extnet.dll
0x00007fffbb330000 - 0x00007fffbb33e000 	D:\java\bin\sunmscapi.dll
0x00007fffd0b10000 - 0x00007fffd0c6d000 	C:\WINDOWS\System32\CRYPT32.dll
0x00007fffd0550000 - 0x00007fffd0577000 	C:\WINDOWS\SYSTEM32\ncrypt.dll
0x00007fffd0510000 - 0x00007fffd054b000 	C:\WINDOWS\SYSTEM32\NTASN1.dll
0x00007fffad030000 - 0x00007fffad037000 	C:\WINDOWS\system32\wshunix.dll

dbghelp: loaded successfully - version: 4.0.5 - missing functions: none
symbol engine: initialized successfully - sym options: 0x614 - pdb path: .;D:\java\bin;C:\WINDOWS\SYSTEM32;C:\WINDOWS\WinSxS\amd64_microsoft.windows.common-controls_6595b64144ccf1df_6.0.19041.3570_none_60bb2a3971f3e41a;D:\java\bin\server;C:\Users\samee\.gradle\native\68d5fa5c4cc2d200863cafc0d521ce42e7d3e7ee720ec0a83991735586a16f82\windows-amd64;C:\Users\samee\.gradle\native\e376f236ea51e6404a007f0833ffe2c6e607c4080706a723a18a27aeea778392\windows-amd64

VM Arguments:
jvm_args: -XX:MaxMetaspaceSize=512m --add-opens=java.base/java.util=ALL-UNNAMED --add-opens=java.base/java.lang=ALL-UNNAMED --add-opens=java.base/java.lang.invoke=ALL-UNNAMED --add-opens=java.prefs/java.util.prefs=ALL-UNNAMED --add-opens=java.base/java.nio.charset=ALL-UNNAMED --add-opens=java.base/java.net=ALL-UNNAMED --add-opens=java.base/java.util.concurrent.atomic=ALL-UNNAMED -Xmx2048m -Dfile.encoding=UTF-8 -Duser.country=US -Duser.language=en -Duser.variant 
java_command: org.gradle.launcher.daemon.bootstrap.GradleDaemon 8.0.1
java_class_path (initial): C:\Users\samee\.gradle\wrapper\dists\gradle-8.0.1-all\aro4hu1c3oeioove7l0i4i14o\gradle-8.0.1\lib\gradle-launcher-8.0.1.jar
Launcher Type: SUN_STANDARD

[Global flags]
     intx CICompilerCount                          = 3                                         {product} {ergonomic}
   size_t CompressedClassSpaceSize                 = 432013312                                 {product} {ergonomic}
     uint ConcGCThreads                            = 1                                         {product} {ergonomic}
     uint G1ConcRefinementThreads                  = 4                                         {product} {ergonomic}
   size_t G1HeapRegionSize                         = 1048576                                   {product} {ergonomic}
    uintx GCDrainStackTargetSize                   = 64                                        {product} {ergonomic}
   size_t InitialHeapSize                          = 134217728                                 {product} {ergonomic}
   size_t MarkStackSize                            = 4194304                                   {product} {ergonomic}
   size_t MaxHeapSize                              = 2147483648                                {product} {command line}
   size_t MaxMetaspaceSize                         = 536870912                                 {product} {command line}
   size_t MaxNewSize                               = 1287651328                                {product} {ergonomic}
   size_t MinHeapDeltaBytes                        = 1048576                                   {product} {ergonomic}
   size_t MinHeapSize                              = 8388608                                   {product} {ergonomic}
    uintx NonNMethodCodeHeapSize                   = 5832780                                {pd product} {ergonomic}
    uintx NonProfiledCodeHeapSize                  = 122912730                              {pd product} {ergonomic}
    uintx ProfiledCodeHeapSize                     = 122912730                              {pd product} {ergonomic}
    uintx ReservedCodeCacheSize                    = 251658240                              {pd product} {ergonomic}
     bool SegmentedCodeCache                       = true                                      {product} {ergonomic}
   size_t SoftMaxHeapSize                          = 2147483648                             {manageable} {ergonomic}
     bool UseCompressedClassPointers               = true                           {product lp64_product} {ergonomic}
     bool UseCompressedOops                        = true                           {product lp64_product} {ergonomic}
     bool UseG1GC                                  = true                                      {product} {ergonomic}
     bool UseLargePagesIndividualAllocation        = false                                  {pd product} {ergonomic}

Logging:
Log output configuration:
 #0: stdout all=warning uptime,level,tags foldmultilines=false
 #1: stderr all=off uptime,level,tags foldmultilines=false

Environment Variables:
CLASSPATH=D:\projects\React_Native\To_DO_App\android\\gradle\wrapper\gradle-wrapper.jar
PATH=D:\projects\React_Native\To_DO_App\node_modules\.bin;D:\projects\React_Native\To_DO_App\node_modules\.bin;D:\projects\React_Native\node_modules\.bin;D:\projects\node_modules\.bin;D:\node_modules\.bin;D:\nodejs\node_modules\npm\node_modules\@npmcli\run-script\lib\node-gyp-bin;D:\projects\React_Native\To_DO_App\node_modules\.bin;D:\projects\React_Native\node_modules\.bin;D:\projects\node_modules\.bin;D:\node_modules\.bin;D:\nodejs\node_modules\npm\node_modules\@npmcli\run-script\lib\node-gyp-bin;C:\Program Files\Common Files\Oracle\Java\javapath;C:\WINDOWS\system32;C:\WINDOWS;C:\WINDOWS\System32\Wbem;C:\WINDOWS\System32\WindowsPowerShell\v1.0\;C:\WINDOWS\System32\OpenSSH\;D:\java\bin;C:\xampp\php;C:\composer;C:\Program Files (x86)\Intel\Intel(R) Management Engine Components\DAL;C:\Program Files\Intel\Intel(R) Management Engine Components\DAL;C:\Program Files\Git\cmd;C:\Program Files\MongoDB\Server\7.0\bin;D:\mongosh-1.10.6-win32-x64\bin;C:\ProgramData\chocolatey\bin;D:\nodejs\;C:\Users\samee\AppData\Local\Android\Sdk\platform-tools;C:\Program Files (x86)\Microsoft SQL Server\160\Tools\Binn\;D:\Program Files\Microsoft SQL Server\160\Tools\Binn\;D:\Program Files\Microsoft SQL Server\Client SDK\ODBC\170\Tools\Binn\;D:\Program Files\Microsoft SQL Server\160\DTS\Binn\;C:\Program Files (x86)\Microsoft SQL Server\160\DTS\Binn\;C:\Program Files\Azure Data Studio\bin;C:\Users\samee\AppData\Local\Android\Sdk;C:\MinGW\bin;D:\Program Files\Microsoft SQL Server\150\Tools\Binn\;C:\Program Files (x86)\Windows Kits\10\Windows Performance Toolkit\;C:\Users\samee\AppData\Local\Programs\Python\Python310\Scripts\;C:\Users\samee\AppData\Local\Programs\Python\Python310\;C:\Users\samee\AppData\Local\Microsoft\WindowsApps;D:\Microsoft VS Code\bin;D:\Java\bin;C:\Users\samee\AppData\Roaming\Composer\vendor\bin;C:\Program Files\MongoDB\Server\7.0\bin;D:\mongosh-1.10.6-win32-x64\bin;C:\Users\samee\AppData\Roaming\npm;C:\Users\samee\AppData\Local\Android\Sdk\platform-tools;C:\Program Files\Azure Data Studio\bin;C:\Users\samee\AppData\Local\Android\Sdk;
USERNAME=samee
OS=Windows_NT
PROCESSOR_IDENTIFIER=Intel64 Family 6 Model 142 Stepping 9, GenuineIntel
TMP=C:\Users\samee\AppData\Local\Temp
TEMP=C:\Users\samee\AppData\Local\Temp



---------------  S Y S T E M  ---------------

OS:
 Windows 10 , 64 bit Build 19041 (10.0.19041.3570)
OS uptime: 1 days 19:23 hours
Hyper-V role detected

CPU: total 4 (initial active 4) (2 cores per cpu, 2 threads per core) family 6 model 142 stepping 9 microcode 0xf4, cx8, cmov, fxsr, ht, mmx, 3dnowpref, sse, sse2, sse3, ssse3, sse4.1, sse4.2, popcnt, lzcnt, tsc, tscinvbit, avx, avx2, aes, erms, clmul, bmi1, bmi2, rtm, adx, fma, vzeroupper, clflush, clflushopt, hv, rdtscp

Memory: 4k page, system-wide physical 8067M (464M free)
TotalPageFile size 21045M (AvailPageFile size 113M)
current process WorkingSet (physical memory assigned to process): 304M, peak: 322M
current process commit charge ("private bytes"): 410M, peak: 440M

vm_info: Java HotSpot(TM) 64-Bit Server VM (19.0.2+7-44) for windows-amd64 JRE (19.0.2+7-44), built on 2022-11-30T18:02:09Z by "mach5one" with MS VC++ 17.1 (VS2022)

END.
