#
# There is insufficient memory for the Java Runtime Environment to continue.
# Native memory allocation (malloc) failed to allocate 1457648 bytes for Chunk::new
# Possible reasons:
#   The system is out of physical RAM or swap space
#   The process is running with CompressedOops enabled, and the Java Heap may be blocking the growth of the native heap
# Possible solutions:
#   Reduce memory load on the system
#   Increase physical memory or swap space
#   Check if swap backing store is full
#   Decrease Java heap size (-Xmx/-Xms)
#   Decrease number of Java threads
#   Decrease Java thread stack sizes (-Xss)
#   Set larger code cache with -XX:ReservedCodeCacheSize=
#   JVM is running with Unscaled Compressed Oops mode in which the Java heap is
#     placed in the first 4GB address space. The Java Heap base address is the
#     maximum limit for the native heap growth. Please use -XX:HeapBaseMinAddress
#     to set the Java Heap base and to place the Java Heap above 4GB virtual address.
# This output file may be truncated or incomplete.
#
#  Out of Memory Error (arena.cpp:184), pid=21868, tid=21744
#
# JRE version: Java(TM) SE Runtime Environment (19.0.2+7) (build 19.0.2+7-44)
# Java VM: Java HotSpot(TM) 64-Bit Server VM (19.0.2+7-44, mixed mode, sharing, tiered, compressed oops, compressed class ptrs, g1 gc, windows-amd64)
# No core dump will be written. Minidumps are not enabled by default on client versions of Windows
#

---------------  S U M M A R Y ------------

Command Line: -XX:MaxMetaspaceSize=512m --add-opens=java.base/java.util=ALL-UNNAMED --add-opens=java.base/java.lang=ALL-UNNAMED --add-opens=java.base/java.lang.invoke=ALL-UNNAMED --add-opens=java.prefs/java.util.prefs=ALL-UNNAMED --add-opens=java.base/java.nio.charset=ALL-UNNAMED --add-opens=java.base/java.net=ALL-UNNAMED --add-opens=java.base/java.util.concurrent.atomic=ALL-UNNAMED -Xmx2048m -Dfile.encoding=UTF-8 -Duser.country=US -Duser.language=en -Duser.variant org.gradle.launcher.daemon.bootstrap.GradleDaemon 8.0.1

Host: Intel(R) Core(TM) i5-7300U CPU @ 2.60GHz, 4 cores, 7G,  Windows 10 , 64 bit Build 19041 (10.0.19041.3570)
Time: Mon Oct 30 22:56:54 2023 Pakistan Standard Time elapsed time: 285.168312 seconds (0d 0h 4m 45s)

---------------  T H R E A D  ---------------

Current thread (0x000002b7cee4cdd0):  JavaThread "C2 CompilerThread0" daemon [_thread_in_native, id=21744, stack(0x000000c37b800000,0x000000c37b900000)]


Current CompileTask:
C2: 285168 7421       4       org.gradle.internal.instantiation.generator.AbstractClassGenerator::inspectType (560 bytes)

Stack: [0x000000c37b800000,0x000000c37b900000]
Native frames: (J=compiled Java code, j=interpreted, Vv=VM code, C=native code)
V  [jvm.dll+0x6ee21a]
V  [jvm.dll+0x85765e]
V  [jvm.dll+0x85904e]
V  [jvm.dll+0x859703]
V  [jvm.dll+0x28298f]
V  [jvm.dll+0xc9adf]
V  [jvm.dll+0xc9e65]
V  [jvm.dll+0x3bca4c]
V  [jvm.dll+0x1ee29a]
V  [jvm.dll+0x24c52b]
V  [jvm.dll+0x24b781]
V  [jvm.dll+0x1d6ce1]
V  [jvm.dll+0x25b25a]
V  [jvm.dll+0x2596e8]
V  [jvm.dll+0x807588]
V  [jvm.dll+0x80125a]
V  [jvm.dll+0x6ecf0b]
C  [ucrtbase.dll+0x21bb2]
C  [KERNEL32.DLL+0x17344]
C  [ntdll.dll+0x526b1]


---------------  P R O C E S S  ---------------

Threads class SMR info:
_java_thread_list=0x000002b7d5e3dbc0, length=69, elements={
0x000002b7b0e102e0, 0x000002b7cee438f0, 0x000002b7cee44880, 0x000002b7cee485d0,
0x000002b7cee48f00, 0x000002b7cee4b840, 0x000002b7cee4c170, 0x000002b7cee4cdd0,
0x000002b7cee519a0, 0x000002b7ceeaac00, 0x000002b7d305f0d0, 0x000002b7d3063a80,
0x000002b7d3d8ea00, 0x000002b7d4006400, 0x000002b7d3c44cd0, 0x000002b7d40a9870,
0x000002b7d408bf90, 0x000002b7d4106460, 0x000002b7d4101e00, 0x000002b7d3fd0060,
0x000002b7d3fd0b00, 0x000002b7d3fd05b0, 0x000002b7d3fd2ae0, 0x000002b7d3fd3030,
0x000002b7d3fd1050, 0x000002b7d3fd3580, 0x000002b7d3fd1af0, 0x000002b7d3fd2040,
0x000002b7d3fd2590, 0x000002b7d4ba5ad0, 0x000002b7d4ba25b0, 0x000002b7d4ba5030,
0x000002b7d4ba1b10, 0x000002b7d4ba6570, 0x000002b7d4ba4ae0, 0x000002b7d4ba0080,
0x000002b7d4ba1070, 0x000002b7d4ba7560, 0x000002b7d4ba35a0, 0x000002b7d4ba3af0,
0x000002b7d4ba2060, 0x000002b7d4ba7ab0, 0x000002b7d4ba2b00, 0x000002b7d4ba6ac0,
0x000002b7d4ba7010, 0x000002b7d4ba05d0, 0x000002b7d4ba3050, 0x000002b7d4ba4040,
0x000002b7d4ba5580, 0x000002b7d4ba4590, 0x000002b7d3dda520, 0x000002b7d3dd7ff0,
0x000002b7d3dd9fd0, 0x000002b7d3dd7000, 0x000002b7d3dd8540, 0x000002b7d3dd8a90,
0x000002b7d3dd7550, 0x000002b7d3dd8fe0, 0x000002b7d3dd9530, 0x000002b7d3dd7aa0,
0x000002b7d3dd9a80, 0x000002b7d544e580, 0x000002b7d5452fe0, 0x000002b7d544d040,
0x000002b7d5451550, 0x000002b7d5451aa0, 0x000002b7d5453530, 0x000002b7d5451ff0,
0x000002b7d5452a90
}

Java Threads: ( => current thread )
  0x000002b7b0e102e0 JavaThread "main" [_thread_blocked, id=21140, stack(0x000000c37ab00000,0x000000c37ac00000)]
  0x000002b7cee438f0 JavaThread "Reference Handler" daemon [_thread_blocked, id=20428, stack(0x000000c37b200000,0x000000c37b300000)]
  0x000002b7cee44880 JavaThread "Finalizer" daemon [_thread_blocked, id=17836, stack(0x000000c37b300000,0x000000c37b400000)]
  0x000002b7cee485d0 JavaThread "Signal Dispatcher" daemon [_thread_blocked, id=17412, stack(0x000000c37b400000,0x000000c37b500000)]
  0x000002b7cee48f00 JavaThread "Attach Listener" daemon [_thread_blocked, id=20240, stack(0x000000c37b500000,0x000000c37b600000)]
  0x000002b7cee4b840 JavaThread "Service Thread" daemon [_thread_blocked, id=19376, stack(0x000000c37b600000,0x000000c37b700000)]
  0x000002b7cee4c170 JavaThread "Monitor Deflation Thread" daemon [_thread_blocked, id=8036, stack(0x000000c37b700000,0x000000c37b800000)]
=>0x000002b7cee4cdd0 JavaThread "C2 CompilerThread0" daemon [_thread_in_native, id=21744, stack(0x000000c37b800000,0x000000c37b900000)]
  0x000002b7cee519a0 JavaThread "C1 CompilerThread0" daemon [_thread_blocked, id=7016, stack(0x000000c37b900000,0x000000c37ba00000)]
  0x000002b7ceeaac00 JavaThread "Sweeper thread" daemon [_thread_blocked, id=16908, stack(0x000000c37ba00000,0x000000c37bb00000)]
  0x000002b7d305f0d0 JavaThread "Common-Cleaner" daemon [_thread_blocked, id=19844, stack(0x000000c37bb00000,0x000000c37bc00000)]
  0x000002b7d3063a80 JavaThread "Notification Thread" daemon [_thread_blocked, id=19128, stack(0x000000c37bc00000,0x000000c37bd00000)]
  0x000002b7d3d8ea00 JavaThread "Daemon health stats" [_thread_blocked, id=11748, stack(0x000000c37c100000,0x000000c37c200000)]
  0x000002b7d4006400 JavaThread "Incoming local TCP Connector on port 55513" [_thread_in_native, id=22840, stack(0x000000c37c200000,0x000000c37c300000)]
  0x000002b7d3c44cd0 JavaThread "Daemon periodic checks" [_thread_blocked, id=22964, stack(0x000000c37c300000,0x000000c37c400000)]
  0x000002b7d40a9870 JavaThread "Daemon" [_thread_blocked, id=23140, stack(0x000000c37c400000,0x000000c37c500000)]
  0x000002b7d408bf90 JavaThread "Handler for socket connection from /127.0.0.1:55513 to /127.0.0.1:55515" [_thread_in_native, id=23168, stack(0x000000c37c500000,0x000000c37c600000)]
  0x000002b7d4106460 JavaThread "Cancel handler" [_thread_blocked, id=23224, stack(0x000000c37c600000,0x000000c37c700000)]
  0x000002b7d4101e00 JavaThread "Daemon worker" [_thread_blocked, id=23364, stack(0x000000c37c700000,0x000000c37c800000)]
  0x000002b7d3fd0060 JavaThread "Asynchronous log dispatcher for DefaultDaemonConnection: socket connection from /127.0.0.1:55513 to /127.0.0.1:55515" [_thread_blocked, id=23408, stack(0x000000c37c800000,0x000000c37c900000)]
  0x000002b7d3fd0b00 JavaThread "Stdin handler" [_thread_blocked, id=23412, stack(0x000000c37c900000,0x000000c37ca00000)]
  0x000002b7d3fd05b0 JavaThread "Daemon client event forwarder" [_thread_blocked, id=23416, stack(0x000000c37ca00000,0x000000c37cb00000)]
  0x000002b7d3fd2ae0 JavaThread "Cache worker for journal cache (C:\Users\samee\.gradle\caches\journal-1)" [_thread_blocked, id=12568, stack(0x000000c37cb00000,0x000000c37cc00000)]
  0x000002b7d3fd3030 JavaThread "File lock request listener" [_thread_in_native, id=11168, stack(0x000000c37cc00000,0x000000c37cd00000)]
  0x000002b7d3fd1050 JavaThread "File lock release action executor" [_thread_blocked, id=23232, stack(0x000000c37cd00000,0x000000c37ce00000)]
  0x000002b7d3fd3580 JavaThread "Cache worker for file hash cache (C:\Users\samee\.gradle\caches\8.0.1\fileHashes)" [_thread_blocked, id=22808, stack(0x000000c37d000000,0x000000c37d100000)]
  0x000002b7d3fd1af0 JavaThread "File watcher server" daemon [_thread_in_native, id=23096, stack(0x000000c37d100000,0x000000c37d200000)]
  0x000002b7d3fd2040 JavaThread "File watcher consumer" daemon [_thread_blocked, id=2452, stack(0x000000c37d200000,0x000000c37d300000)]
  0x000002b7d3fd2590 JavaThread "Cache worker for checksums cache (D:\projects\React_Native\To_DO_App\android\.gradle\8.0.1\checksums)" [_thread_blocked, id=22216, stack(0x000000c37d300000,0x000000c37d400000)]
  0x000002b7d4ba5ad0 JavaThread "Cache worker for cache directory md-rule (C:\Users\samee\.gradle\caches\8.0.1\md-rule)" [_thread_blocked, id=7584, stack(0x000000c37d400000,0x000000c37d500000)]
  0x000002b7d4ba25b0 JavaThread "Cache worker for file content cache (C:\Users\samee\.gradle\caches\8.0.1\fileContent)" [_thread_blocked, id=22792, stack(0x000000c37d500000,0x000000c37d600000)]
  0x000002b7d4ba5030 JavaThread "Cache worker for file hash cache (D:\projects\React_Native\To_DO_App\android\.gradle\8.0.1\fileHashes)" [_thread_blocked, id=21932, stack(0x000000c37d600000,0x000000c37d700000)]
  0x000002b7d4ba1b10 JavaThread "Cache worker for cache directory md-supplier (C:\Users\samee\.gradle\caches\8.0.1\md-supplier)" [_thread_blocked, id=22992, stack(0x000000c37d700000,0x000000c37d800000)]
  0x000002b7d4ba6570 JavaThread "Cache worker for execution history cache (C:\Users\samee\.gradle\caches\8.0.1\executionHistory)" [_thread_blocked, id=23128, stack(0x000000c37d800000,0x000000c37d900000)]
  0x000002b7d4ba4ae0 JavaThread "jar transforms" [_thread_blocked, id=23640, stack(0x000000c37a900000,0x000000c37aa00000)]
  0x000002b7d4ba0080 JavaThread "jar transforms Thread 2" [_thread_blocked, id=24096, stack(0x000000c37aa00000,0x000000c37ab00000)]
  0x000002b7d4ba1070 JavaThread "jar transforms Thread 3" [_thread_blocked, id=23200, stack(0x000000c37d900000,0x000000c37da00000)]
  0x000002b7d4ba7560 JavaThread "jar transforms Thread 4" [_thread_blocked, id=18720, stack(0x000000c37da00000,0x000000c37db00000)]
  0x000002b7d4ba35a0 JavaThread "Cache worker for kotlin-dsl (C:\Users\samee\.gradle\caches\8.0.1\kotlin-dsl)" [_thread_blocked, id=23560, stack(0x000000c37db00000,0x000000c37dc00000)]
  0x000002b7d4ba3af0 JavaThread "Cache worker for dependencies-accessors (D:\projects\React_Native\To_DO_App\android\.gradle\8.0.1\dependencies-accessors)" [_thread_blocked, id=23664, stack(0x000000c37ce00000,0x000000c37cf00000)]
  0x000002b7d4ba2060 JavaThread "Cache worker for Build Output Cleanup Cache (D:\projects\React_Native\To_DO_App\node_modules\@react-native\gradle-plugin\.gradle\buildOutputCleanup)" [_thread_blocked, id=23544, stack(0x000000c37cf00000,0x000000c37d000000)]
  0x000002b7d4ba7ab0 JavaThread "Unconstrained build operations" [_thread_blocked, id=13640, stack(0x000000c37dc00000,0x000000c37dd00000)]
  0x000002b7d4ba2b00 JavaThread "Unconstrained build operations Thread 2" [_thread_blocked, id=17200, stack(0x000000c37dd00000,0x000000c37de00000)]
  0x000002b7d4ba6ac0 JavaThread "Unconstrained build operations Thread 3" [_thread_blocked, id=24272, stack(0x000000c37de00000,0x000000c37df00000)]
  0x000002b7d4ba7010 JavaThread "Unconstrained build operations Thread 4" [_thread_blocked, id=24088, stack(0x000000c37df00000,0x000000c37e000000)]
  0x000002b7d4ba05d0 JavaThread "Unconstrained build operations Thread 5" [_thread_blocked, id=23108, stack(0x000000c37e000000,0x000000c37e100000)]
  0x000002b7d4ba3050 JavaThread "Unconstrained build operations Thread 6" [_thread_blocked, id=21716, stack(0x000000c37e100000,0x000000c37e200000)]
  0x000002b7d4ba4040 JavaThread "Unconstrained build operations Thread 7" [_thread_blocked, id=23000, stack(0x000000c37e200000,0x000000c37e300000)]
  0x000002b7d4ba5580 JavaThread "Unconstrained build operations Thread 8" [_thread_blocked, id=24252, stack(0x000000c37e300000,0x000000c37e400000)]
  0x000002b7d4ba4590 JavaThread "Unconstrained build operations Thread 9" [_thread_blocked, id=13880, stack(0x000000c37e400000,0x000000c37e500000)]
  0x000002b7d3dda520 JavaThread "Unconstrained build operations Thread 10" [_thread_blocked, id=23388, stack(0x000000c37e500000,0x000000c37e600000)]
  0x000002b7d3dd7ff0 JavaThread "Unconstrained build operations Thread 11" [_thread_blocked, id=20360, stack(0x000000c37e600000,0x000000c37e700000)]
  0x000002b7d3dd9fd0 JavaThread "Unconstrained build operations Thread 12" [_thread_blocked, id=21024, stack(0x000000c37e700000,0x000000c37e800000)]
  0x000002b7d3dd7000 JavaThread "Unconstrained build operations Thread 13" [_thread_blocked, id=24232, stack(0x000000c37e800000,0x000000c37e900000)]
  0x000002b7d3dd8540 JavaThread "Unconstrained build operations Thread 14" [_thread_blocked, id=14884, stack(0x000000c37e900000,0x000000c37ea00000)]
  0x000002b7d3dd8a90 JavaThread "Unconstrained build operations Thread 15" [_thread_blocked, id=17624, stack(0x000000c37ea00000,0x000000c37eb00000)]
  0x000002b7d3dd7550 JavaThread "Unconstrained build operations Thread 16" [_thread_blocked, id=10184, stack(0x000000c37eb00000,0x000000c37ec00000)]
  0x000002b7d3dd8fe0 JavaThread "Unconstrained build operations Thread 17" [_thread_blocked, id=20880, stack(0x000000c37ec00000,0x000000c37ed00000)]
  0x000002b7d3dd9530 JavaThread "Unconstrained build operations Thread 18" [_thread_blocked, id=9280, stack(0x000000c37ed00000,0x000000c37ee00000)]
  0x000002b7d3dd7aa0 JavaThread "Unconstrained build operations Thread 19" [_thread_blocked, id=5104, stack(0x000000c37ee00000,0x000000c37ef00000)]
  0x000002b7d3dd9a80 JavaThread "Unconstrained build operations Thread 20" [_thread_blocked, id=23972, stack(0x000000c37ef00000,0x000000c37f000000)]
  0x000002b7d544e580 JavaThread "Unconstrained build operations Thread 21" [_thread_blocked, id=21288, stack(0x000000c37f000000,0x000000c37f100000)]
  0x000002b7d5452fe0 JavaThread "Unconstrained build operations Thread 22" [_thread_blocked, id=24580, stack(0x000000c37f100000,0x000000c37f200000)]
  0x000002b7d544d040 JavaThread "Unconstrained build operations Thread 23" [_thread_blocked, id=24584, stack(0x000000c37f200000,0x000000c37f300000)]
  0x000002b7d5451550 JavaThread "Unconstrained build operations Thread 24" [_thread_blocked, id=24588, stack(0x000000c37f300000,0x000000c37f400000)]
  0x000002b7d5451aa0 JavaThread "Unconstrained build operations Thread 25" [_thread_blocked, id=24592, stack(0x000000c37f400000,0x000000c37f500000)]
  0x000002b7d5453530 JavaThread "Unconstrained build operations Thread 26" [_thread_blocked, id=24596, stack(0x000000c37f500000,0x000000c37f600000)]
  0x000002b7d5451ff0 JavaThread "Memory manager" [_thread_blocked, id=24872, stack(0x000000c37f600000,0x000000c37f700000)]
  0x000002b7d5452a90 JavaThread "Cache worker for Build Output Cleanup Cache (D:\projects\React_Native\To_DO_App\android\.gradle\buildOutputCleanup)" [_thread_blocked, id=19488, stack(0x000000c37f700000,0x000000c37f800000)]

Other Threads:
  0x000002b7cee2adb0 VMThread "VM Thread" [stack: 0x000000c37b100000,0x000000c37b200000] [id=17664]
  0x000002b7d306bfe0 WatcherThread "VM Periodic Task Thread" [stack: 0x000000c37bd00000,0x000000c37be00000] [id=11288]
  0x000002b7b0e6fa60 WorkerThread "GC Thread#0" [stack: 0x000000c37ac00000,0x000000c37ad00000] [id=21380]
  0x000002b7d33c01a0 WorkerThread "GC Thread#1" [stack: 0x000000c37be00000,0x000000c37bf00000] [id=22296]
  0x000002b7d3449540 WorkerThread "GC Thread#2" [stack: 0x000000c37bf00000,0x000000c37c000000] [id=22308]
  0x000002b7d398c580 WorkerThread "GC Thread#3" [stack: 0x000000c37c000000,0x000000c37c100000] [id=20904]
  0x000002b7b0e818e0 ConcurrentGCThread "G1 Main Marker" [stack: 0x000000c37ad00000,0x000000c37ae00000] [id=21384]
  0x000002b7b0e82220 WorkerThread "G1 Conc#0" [stack: 0x000000c37ae00000,0x000000c37af00000] [id=21476]
  0x000002b7b0edd5e0 ConcurrentGCThread "G1 Refine#0" [stack: 0x000000c37af00000,0x000000c37b000000] [id=11712]
  0x000002b7b0ede030 ConcurrentGCThread "G1 Service" [stack: 0x000000c37b000000,0x000000c37b100000] [id=14724]

Threads with active compile tasks:
C2 CompilerThread0   285242 7421       4       org.gradle.internal.instantiation.generator.AbstractClassGenerator::inspectType (560 bytes)

VM state: not at safepoint (normal execution)

VM Mutex/Monitor currently owned by a thread: None

Heap address: 0x0000000080000000, size: 2048 MB, Compressed Oops mode: 32-bit

CDS archive(s) mapped at: [0x0000000800000000-0x0000000800c40000-0x0000000800c40000), size 12845056, SharedBaseAddress: 0x0000000800000000, ArchiveRelocationMode: 0.
Compressed class space mapped at: 0x0000000801000000-0x000000081ac00000, reserved size: 432013312
Narrow klass base: 0x0000000800000000, Narrow klass shift: 0, Narrow klass range: 0x100000000

GC Precious Log:
 CardTable entry size: 512
 Card Set container configuration: InlinePtr #cards 5 size 8 Array Of Cards #cards 12 size 40 Howl #buckets 4 coarsen threshold 1843 Howl Bitmap #cards 512 size 80 coarsen threshold 460 Card regions per heap region 1 cards per card region 2048
 CPUs: 4 total, 4 available
 Memory: 8067M
 Large Page Support: Disabled
 NUMA Support: Disabled
 Compressed Oops: Enabled (32-bit)
 Heap Region Size: 1M
 Heap Min Capacity: 8M
 Heap Initial Capacity: 128M
 Heap Max Capacity: 2G
 Pre-touch: Disabled
 Parallel Workers: 4
 Concurrent Workers: 1
 Concurrent Refinement Workers: 4
 Periodic GC: Disabled

Heap:
 garbage-first heap   total 87040K, used 55951K [0x0000000080000000, 0x0000000100000000)
  region size 1024K, 7 young (7168K), 3 survivors (3072K)
 Metaspace       used 62153K, committed 64000K, reserved 487424K
  class space    used 8530K, committed 9472K, reserved 421888K

Heap Regions: E=young(eden), S=young(survivor), O=old, HS=humongous(starts), HC=humongous(continues), CS=collection set, F=free, OA=open archive, CA=closed archive, TAMS=top-at-mark-start (previous, next)
|   0|0x0000000080000000, 0x0000000080100000, 0x0000000080100000|100%| O|  |TAMS 0x0000000080100000, 0x0000000080000000| Untracked 
|   1|0x0000000080100000, 0x0000000080200000, 0x0000000080200000|100%| O|  |TAMS 0x0000000080200000, 0x0000000080100000| Untracked 
|   2|0x0000000080200000, 0x0000000080300000, 0x0000000080300000|100%|HS|  |TAMS 0x0000000080300000, 0x0000000080200000| Complete 
|   3|0x0000000080300000, 0x0000000080400000, 0x0000000080400000|100%|HC|  |TAMS 0x0000000080400000, 0x0000000080300000| Complete 
|   4|0x0000000080400000, 0x0000000080500000, 0x0000000080500000|100%|HC|  |TAMS 0x0000000080500000, 0x0000000080400000| Complete 
|   5|0x0000000080500000, 0x0000000080600000, 0x0000000080600000|100%|HC|  |TAMS 0x0000000080600000, 0x0000000080500000| Complete 
|   6|0x0000000080600000, 0x0000000080700000, 0x0000000080700000|100%| O|  |TAMS 0x0000000080700000, 0x0000000080600000| Untracked 
|   7|0x0000000080700000, 0x0000000080800000, 0x0000000080800000|100%| O|  |TAMS 0x0000000080800000, 0x0000000080700000| Untracked 
|   8|0x0000000080800000, 0x0000000080900000, 0x0000000080900000|100%| O|  |TAMS 0x0000000080900000, 0x0000000080800000| Untracked 
|   9|0x0000000080900000, 0x0000000080a00000, 0x0000000080a00000|100%| O|  |TAMS 0x0000000080a00000, 0x0000000080900000| Untracked 
|  10|0x0000000080a00000, 0x0000000080b00000, 0x0000000080b00000|100%| O|  |TAMS 0x0000000080b00000, 0x0000000080a00000| Untracked 
|  11|0x0000000080b00000, 0x0000000080c00000, 0x0000000080c00000|100%| O|  |TAMS 0x0000000080c00000, 0x0000000080b00000| Untracked 
|  12|0x0000000080c00000, 0x0000000080d00000, 0x0000000080d00000|100%| O|  |TAMS 0x0000000080d00000, 0x0000000080c00000| Untracked 
|  13|0x0000000080d00000, 0x0000000080e00000, 0x0000000080e00000|100%| O|  |TAMS 0x0000000080e00000, 0x0000000080d00000| Untracked 
|  14|0x0000000080e00000, 0x0000000080f00000, 0x0000000080f00000|100%| O|  |TAMS 0x0000000080f00000, 0x0000000080e00000| Untracked 
|  15|0x0000000080f00000, 0x0000000081000000, 0x0000000081000000|100%| O|  |TAMS 0x0000000081000000, 0x0000000080f00000| Untracked 
|  16|0x0000000081000000, 0x0000000081100000, 0x0000000081100000|100%| O|  |TAMS 0x0000000081100000, 0x0000000081000000| Untracked 
|  17|0x0000000081100000, 0x0000000081200000, 0x0000000081200000|100%| O|  |TAMS 0x0000000081200000, 0x0000000081100000| Untracked 
|  18|0x0000000081200000, 0x0000000081300000, 0x0000000081300000|100%| O|  |TAMS 0x0000000081300000, 0x0000000081200000| Untracked 
|  19|0x0000000081300000, 0x0000000081400000, 0x0000000081400000|100%| O|  |TAMS 0x0000000081400000, 0x0000000081300000| Untracked 
|  20|0x0000000081400000, 0x0000000081500000, 0x0000000081500000|100%| O|  |TAMS 0x0000000081500000, 0x0000000081400000| Untracked 
|  21|0x0000000081500000, 0x0000000081600000, 0x0000000081600000|100%| O|  |TAMS 0x0000000081600000, 0x0000000081500000| Untracked 
|  22|0x0000000081600000, 0x0000000081700000, 0x0000000081700000|100%| O|  |TAMS 0x0000000081700000, 0x0000000081600000| Untracked 
|  23|0x0000000081700000, 0x0000000081800000, 0x0000000081800000|100%| O|  |TAMS 0x0000000081800000, 0x0000000081700000| Untracked 
|  24|0x0000000081800000, 0x0000000081900000, 0x0000000081900000|100%| O|  |TAMS 0x0000000081900000, 0x0000000081800000| Untracked 
|  25|0x0000000081900000, 0x0000000081a00000, 0x0000000081a00000|100%| O|  |TAMS 0x0000000081a00000, 0x0000000081900000| Untracked 
|  26|0x0000000081a00000, 0x0000000081b00000, 0x0000000081b00000|100%| O|  |TAMS 0x0000000081b00000, 0x0000000081a00000| Untracked 
|  27|0x0000000081b00000, 0x0000000081c00000, 0x0000000081c00000|100%| O|  |TAMS 0x0000000081c00000, 0x0000000081b00000| Untracked 
|  28|0x0000000081c00000, 0x0000000081d00000, 0x0000000081d00000|100%| O|  |TAMS 0x0000000081d00000, 0x0000000081c00000| Untracked 
|  29|0x0000000081d00000, 0x0000000081e00000, 0x0000000081e00000|100%| O|  |TAMS 0x0000000081e00000, 0x0000000081d00000| Untracked 
|  30|0x0000000081e00000, 0x0000000081f00000, 0x0000000081f00000|100%| O|  |TAMS 0x0000000081f00000, 0x0000000081e00000| Untracked 
|  31|0x0000000081f00000, 0x0000000081f00000, 0x0000000082000000|  0%| F|  |TAMS 0x0000000081f00000, 0x0000000081f00000| Untracked 
|  32|0x0000000082000000, 0x0000000082100000, 0x0000000082100000|100%| O|  |TAMS 0x0000000082100000, 0x0000000082000000| Untracked 
|  33|0x0000000082100000, 0x0000000082200000, 0x0000000082200000|100%| O|  |TAMS 0x0000000082100000, 0x0000000082100000| Untracked 
|  34|0x0000000082200000, 0x0000000082300000, 0x0000000082300000|100%| O|  |TAMS 0x0000000082300000, 0x0000000082200000| Untracked 
|  35|0x0000000082300000, 0x0000000082400000, 0x0000000082400000|100%|HS|  |TAMS 0x0000000082400000, 0x0000000082300000| Complete 
|  36|0x0000000082400000, 0x0000000082500000, 0x0000000082500000|100%|HC|  |TAMS 0x0000000082500000, 0x0000000082400000| Complete 
|  37|0x0000000082500000, 0x0000000082600000, 0x0000000082600000|100%|HS|  |TAMS 0x0000000082600000, 0x0000000082500000| Complete 
|  38|0x0000000082600000, 0x0000000082700000, 0x0000000082700000|100%|HC|  |TAMS 0x0000000082700000, 0x0000000082600000| Complete 
|  39|0x0000000082700000, 0x0000000082800000, 0x0000000082800000|100%|HC|  |TAMS 0x0000000082800000, 0x0000000082700000| Complete 
|  40|0x0000000082800000, 0x0000000082900000, 0x0000000082900000|100%|HC|  |TAMS 0x0000000082900000, 0x0000000082800000| Complete 
|  41|0x0000000082900000, 0x0000000082a00000, 0x0000000082a00000|100%| O|  |TAMS 0x0000000082a00000, 0x0000000082900000| Untracked 
|  42|0x0000000082a00000, 0x0000000082b00000, 0x0000000082b00000|100%| O|  |TAMS 0x0000000082b00000, 0x0000000082a00000| Untracked 
|  43|0x0000000082b00000, 0x0000000082c00000, 0x0000000082c00000|100%| O|  |TAMS 0x0000000082c00000, 0x0000000082b00000| Untracked 
|  44|0x0000000082c00000, 0x0000000082d00000, 0x0000000082d00000|100%| O|  |TAMS 0x0000000082d00000, 0x0000000082c00000| Untracked 
|  45|0x0000000082d00000, 0x0000000082e00000, 0x0000000082e00000|100%| O|  |TAMS 0x0000000082e00000, 0x0000000082d00000| Untracked 
|  46|0x0000000082e00000, 0x0000000082f00000, 0x0000000082f00000|100%| O|  |TAMS 0x0000000082f00000, 0x0000000082e00000| Untracked 
|  47|0x0000000082f00000, 0x0000000083000000, 0x0000000083000000|100%| O|  |TAMS 0x0000000082fcda00, 0x0000000082f00000| Untracked 
|  48|0x0000000083000000, 0x0000000083100000, 0x0000000083100000|100%| O|  |TAMS 0x0000000083000000, 0x0000000083000000| Untracked 
|  49|0x0000000083100000, 0x0000000083200000, 0x0000000083200000|100%| O|  |TAMS 0x0000000083100000, 0x0000000083100000| Untracked 
|  50|0x0000000083200000, 0x000000008320b000, 0x0000000083300000|  4%| O|  |TAMS 0x0000000083200000, 0x0000000083200000| Untracked 
|  51|0x0000000083300000, 0x0000000083300000, 0x0000000083400000|  0%| F|  |TAMS 0x0000000083300000, 0x0000000083300000| Untracked 
|  52|0x0000000083400000, 0x0000000083400000, 0x0000000083500000|  0%| F|  |TAMS 0x0000000083400000, 0x0000000083400000| Untracked 
|  53|0x0000000083500000, 0x0000000083500000, 0x0000000083600000|  0%| F|  |TAMS 0x0000000083500000, 0x0000000083500000| Untracked 
|  54|0x0000000083600000, 0x0000000083600000, 0x0000000083700000|  0%| F|  |TAMS 0x0000000083600000, 0x0000000083600000| Untracked 
|  55|0x0000000083700000, 0x0000000083700000, 0x0000000083800000|  0%| F|  |TAMS 0x0000000083700000, 0x0000000083700000| Untracked 
|  56|0x0000000083800000, 0x0000000083800000, 0x0000000083900000|  0%| F|  |TAMS 0x0000000083800000, 0x0000000083800000| Untracked 
|  57|0x0000000083900000, 0x0000000083900000, 0x0000000083a00000|  0%| F|  |TAMS 0x0000000083900000, 0x0000000083900000| Untracked 
|  58|0x0000000083a00000, 0x0000000083a00000, 0x0000000083b00000|  0%| F|  |TAMS 0x0000000083a00000, 0x0000000083a00000| Untracked 
|  59|0x0000000083b00000, 0x0000000083b00000, 0x0000000083c00000|  0%| F|  |TAMS 0x0000000083b00000, 0x0000000083b00000| Untracked 
|  60|0x0000000083c00000, 0x0000000083c00000, 0x0000000083d00000|  0%| F|  |TAMS 0x0000000083c00000, 0x0000000083c00000| Untracked 
|  61|0x0000000083d00000, 0x0000000083d98ee0, 0x0000000083e00000| 59%| S|CS|TAMS 0x0000000083d00000, 0x0000000083d00000| Complete 
|  62|0x0000000083e00000, 0x0000000083e00000, 0x0000000083f00000|  0%| F|  |TAMS 0x0000000083e00000, 0x0000000083e00000| Untracked 
|  63|0x0000000083f00000, 0x0000000083f00000, 0x0000000084000000|  0%| F|  |TAMS 0x0000000083f00000, 0x0000000083f00000| Untracked 
|  64|0x0000000084000000, 0x0000000084100000, 0x0000000084100000|100%| S|CS|TAMS 0x0000000084000000, 0x0000000084000000| Complete 
|  65|0x0000000084100000, 0x0000000084200000, 0x0000000084200000|100%| S|CS|TAMS 0x0000000084100000, 0x0000000084100000| Complete 
|  66|0x0000000084200000, 0x0000000084200000, 0x0000000084300000|  0%| F|  |TAMS 0x0000000084200000, 0x0000000084200000| Untracked 
|  67|0x0000000084300000, 0x0000000084300000, 0x0000000084400000|  0%| F|  |TAMS 0x0000000084300000, 0x0000000084300000| Untracked 
|  68|0x0000000084400000, 0x0000000084400000, 0x0000000084500000|  0%| F|  |TAMS 0x0000000084400000, 0x0000000084400000| Untracked 
|  69|0x0000000084500000, 0x0000000084500000, 0x0000000084600000|  0%| F|  |TAMS 0x0000000084500000, 0x0000000084500000| Untracked 
|  70|0x0000000084600000, 0x0000000084600000, 0x0000000084700000|  0%| F|  |TAMS 0x0000000084600000, 0x0000000084600000| Untracked 
|  71|0x0000000084700000, 0x0000000084700000, 0x0000000084800000|  0%| F|  |TAMS 0x0000000084700000, 0x0000000084700000| Untracked 
|  72|0x0000000084800000, 0x0000000084800000, 0x0000000084900000|  0%| F|  |TAMS 0x0000000084800000, 0x0000000084800000| Untracked 
|  73|0x0000000084900000, 0x0000000084900000, 0x0000000084a00000|  0%| F|  |TAMS 0x0000000084900000, 0x0000000084900000| Untracked 
|  74|0x0000000084a00000, 0x0000000084a00000, 0x0000000084b00000|  0%| F|  |TAMS 0x0000000084a00000, 0x0000000084a00000| Untracked 
|  75|0x0000000084b00000, 0x0000000084b00000, 0x0000000084c00000|  0%| F|  |TAMS 0x0000000084b00000, 0x0000000084b00000| Untracked 
|  76|0x0000000084c00000, 0x0000000084c00000, 0x0000000084d00000|  0%| F|  |TAMS 0x0000000084c00000, 0x0000000084c00000| Untracked 
|  77|0x0000000084d00000, 0x0000000084d00000, 0x0000000084e00000|  0%| F|  |TAMS 0x0000000084d00000, 0x0000000084d00000| Untracked 
|  78|0x0000000084e00000, 0x0000000084e00000, 0x0000000084f00000|  0%| F|  |TAMS 0x0000000084e00000, 0x0000000084e00000| Untracked 
|  79|0x0000000084f00000, 0x0000000084f00000, 0x0000000085000000|  0%| F|  |TAMS 0x0000000084f00000, 0x0000000084f00000| Untracked 
|  80|0x0000000085000000, 0x0000000085000000, 0x0000000085100000|  0%| F|  |TAMS 0x0000000085000000, 0x0000000085000000| Untracked 
|  81|0x0000000085100000, 0x00000000851aead0, 0x0000000085200000| 68%| E|  |TAMS 0x0000000085100000, 0x0000000085100000| Complete 
| 111|0x0000000086f00000, 0x0000000087000000, 0x0000000087000000|100%| E|CS|TAMS 0x0000000086f00000, 0x0000000086f00000| Complete 
| 112|0x0000000087000000, 0x0000000087100000, 0x0000000087100000|100%| E|CS|TAMS 0x0000000087000000, 0x0000000087000000| Complete 
| 127|0x0000000087f00000, 0x0000000088000000, 0x0000000088000000|100%| E|CS|TAMS 0x0000000087f00000, 0x0000000087f00000| Complete 

Card table byte_map: [0x000002b7c8180000,0x000002b7c8580000] _byte_map_base: 0x000002b7c7d80000

Marking Bits (Prev, Next): (CMBitMap*) 0x000002b7b0e70fb0, (CMBitMap*) 0x000002b7b0e70ff0
 Prev Bits: [0x000002b7c8980000, 0x000002b7ca980000)
 Next Bits: [0x000002b7ca980000, 0x000002b7cc980000)

Polling page: 0x000002b7aedc0000

Metaspace:

Usage:
  Non-class:     52.37 MB used.
      Class:      8.33 MB used.
       Both:     60.70 MB used.

Virtual space:
  Non-class space:       64.00 MB reserved,      53.25 MB ( 83%) committed,  1 nodes.
      Class space:      412.00 MB reserved,       9.25 MB (  2%) committed,  1 nodes.
             Both:      476.00 MB reserved,      62.50 MB ( 13%) committed. 

Chunk freelists:
   Non-Class:  2.80 MB
       Class:  2.67 MB
        Both:  5.47 MB

MaxMetaspaceSize: 512.00 MB
CompressedClassSpaceSize: 412.00 MB
Initial GC threshold: 21.00 MB
Current GC threshold: 96.56 MB
CDS: on
MetaspaceReclaimPolicy: balanced
 - commit_granule_bytes: 65536.
 - commit_granule_words: 8192.
 - virtual_space_node_default_size: 8388608.
 - enlarge_chunks_in_place: 1.
 - new_chunks_are_fully_committed: 0.
 - uncommit_free_chunks: 1.
 - use_allocation_guard: 0.


Internal statistics:

num_allocs_failed_limit: 6.
num_arena_births: 3238.
num_arena_deaths: 0.
num_vsnodes_births: 2.
num_vsnodes_deaths: 0.
num_space_committed: 1000.
num_space_uncommitted: 0.
num_chunks_returned_to_freelist: 6.
num_chunks_taken_from_freelist: 6194.
num_chunk_merges: 6.
num_chunk_splits: 3986.
num_chunks_enlarged: 2404.
num_inconsistent_stats: 0.

CodeHeap 'non-profiled nmethods': size=120000Kb used=3601Kb max_used=3601Kb free=116399Kb
 bounds [0x000002b7c0850000, 0x000002b7c0be0000, 0x000002b7c7d80000]
CodeHeap 'profiled nmethods': size=120000Kb used=13104Kb max_used=13104Kb free=106895Kb
 bounds [0x000002b7b8d80000, 0x000002b7b9a50000, 0x000002b7c02b0000]
CodeHeap 'non-nmethods': size=5760Kb used=2447Kb max_used=2514Kb free=3312Kb
 bounds [0x000002b7c02b0000, 0x000002b7c0530000, 0x000002b7c0850000]
 total_blobs=7451 nmethods=6559 adapters=802
 compilation: enabled
              stopped_count=0, restarted_count=0
 full_count=0

Compilation events (20 events):
Event: 284.923 Thread 0x000002b7cee519a0 7452       3       org.gradle.api.internal.artifacts.configurations.DefaultConfiguration_Decorated::getAttributes (39 bytes)
Event: 284.924 Thread 0x000002b7cee519a0 nmethod 7452 0x000002b7b9a47c10 code [0x000002b7b9a47de0, 0x000002b7b9a48178]
Event: 284.924 Thread 0x000002b7cee519a0 7453       3       org.gradle.api.internal.collections.AbstractIterationOrderRetainingElementSource::realizePending (54 bytes)
Event: 284.924 Thread 0x000002b7cee519a0 nmethod 7453 0x000002b7b9a48290 code [0x000002b7b9a48480, 0x000002b7b9a48a38]
Event: 284.925 Thread 0x000002b7cee519a0 7454       3       org.gradle.api.internal.provider.AbstractProperty::attachOwner (6 bytes)
Event: 284.925 Thread 0x000002b7cee519a0 nmethod 7454 0x000002b7b9a48c10 code [0x000002b7b9a48da0, 0x000002b7b9a48ef8]
Event: 284.926 Thread 0x000002b7cee519a0 7455       3       org.gradle.api.internal.collections.IterationOrderRetainingSetElementSource::iterator (21 bytes)
Event: 284.926 Thread 0x000002b7cee519a0 nmethod 7455 0x000002b7b9a48f90 code [0x000002b7b9a49140, 0x000002b7b9a49458]
Event: 284.927 Thread 0x000002b7cee519a0 7456       3       java.util.LinkedList::checkElementIndex (22 bytes)
Event: 284.928 Thread 0x000002b7cee519a0 nmethod 7456 0x000002b7b9a49510 code [0x000002b7b9a49780, 0x000002b7b9a4a048]
Event: 284.928 Thread 0x000002b7cee519a0 7457       3       java.util.LinkedList::isElementIndex (18 bytes)
Event: 284.928 Thread 0x000002b7cee519a0 nmethod 7457 0x000002b7b9a4a390 code [0x000002b7b9a4a520, 0x000002b7b9a4a6b8]
Event: 284.928 Thread 0x000002b7cee519a0 7458       3       org.gradle.internal.resources.AbstractResourceLockRegistry::detailsForCurrentThread (54 bytes)
Event: 284.929 Thread 0x000002b7cee519a0 nmethod 7458 0x000002b7b9a4a790 code [0x000002b7b9a4a9c0, 0x000002b7b9a4b398]
Event: 284.934 Thread 0x000002b7cee519a0 7459       3       org.gradle.internal.model.CalculatedValueContainer::finalizeIfNotAlready (6 bytes)
Event: 284.934 Thread 0x000002b7cee519a0 nmethod 7459 0x000002b7b9a4b690 code [0x000002b7b9a4b840, 0x000002b7b9a4ba48]
Event: 284.934 Thread 0x000002b7cee519a0 7460       1       org.gradle.internal.component.local.model.DefaultLocalComponentMetadata::access$1800 (5 bytes)
Event: 284.935 Thread 0x000002b7cee519a0 nmethod 7460 0x000002b7c0bd4110 code [0x000002b7c0bd42a0, 0x000002b7c0bd4358]
Event: 284.936 Thread 0x000002b7cee519a0 7461   !   3       org.gradle.internal.resources.DefaultResourceLockCoordinationService::getCurrent (33 bytes)
Event: 284.936 Thread 0x000002b7cee519a0 nmethod 7461 0x000002b7b9a4bb90 code [0x000002b7b9a4bd40, 0x000002b7b9a4bfd8]

GC Heap History (20 events):
Event: 245.729 GC heap before
{Heap before GC invocations=15 (full 0):
 garbage-first heap   total 81920K, used 56358K [0x0000000080000000, 0x0000000100000000)
  region size 1024K, 23 young (23552K), 3 survivors (3072K)
 Metaspace       used 45625K, committed 47168K, reserved 487424K
  class space    used 6257K, committed 7040K, reserved 421888K
}
Event: 245.741 GC heap after
{Heap after GC invocations=16 (full 0):
 garbage-first heap   total 81920K, used 39742K [0x0000000080000000, 0x0000000100000000)
  region size 1024K, 4 young (4096K), 4 survivors (4096K)
 Metaspace       used 45625K, committed 47168K, reserved 487424K
  class space    used 6257K, committed 7040K, reserved 421888K
}
Event: 248.313 GC heap before
{Heap before GC invocations=16 (full 0):
 garbage-first heap   total 81920K, used 69438K [0x0000000080000000, 0x0000000100000000)
  region size 1024K, 30 young (30720K), 4 survivors (4096K)
 Metaspace       used 49846K, committed 51520K, reserved 487424K
  class space    used 6800K, committed 7680K, reserved 421888K
}
Event: 248.321 GC heap after
{Heap after GC invocations=17 (full 0):
 garbage-first heap   total 81920K, used 45970K [0x0000000080000000, 0x0000000100000000)
  region size 1024K, 4 young (4096K), 4 survivors (4096K)
 Metaspace       used 49846K, committed 51520K, reserved 487424K
  class space    used 6800K, committed 7680K, reserved 421888K
}
Event: 250.417 GC heap before
{Heap before GC invocations=17 (full 0):
 garbage-first heap   total 81920K, used 67474K [0x0000000080000000, 0x0000000100000000)
  region size 1024K, 25 young (25600K), 4 survivors (4096K)
 Metaspace       used 52225K, committed 53952K, reserved 487424K
  class space    used 7184K, committed 8064K, reserved 421888K
}
Event: 250.618 GC heap after
{Heap after GC invocations=18 (full 0):
 garbage-first heap   total 81920K, used 47507K [0x0000000080000000, 0x0000000100000000)
  region size 1024K, 2 young (2048K), 2 survivors (2048K)
 Metaspace       used 52225K, committed 53952K, reserved 487424K
  class space    used 7184K, committed 8064K, reserved 421888K
}
Event: 251.656 GC heap before
{Heap before GC invocations=19 (full 0):
 garbage-first heap   total 83968K, used 66963K [0x0000000080000000, 0x0000000100000000)
  region size 1024K, 21 young (21504K), 2 survivors (2048K)
 Metaspace       used 54264K, committed 56000K, reserved 487424K
  class space    used 7472K, committed 8384K, reserved 421888K
}
Event: 251.660 GC heap after
{Heap after GC invocations=20 (full 0):
 garbage-first heap   total 83968K, used 48469K [0x0000000080000000, 0x0000000100000000)
  region size 1024K, 3 young (3072K), 3 survivors (3072K)
 Metaspace       used 54264K, committed 56000K, reserved 487424K
  class space    used 7472K, committed 8384K, reserved 421888K
}
Event: 251.715 GC heap before
{Heap before GC invocations=20 (full 0):
 garbage-first heap   total 83968K, used 49493K [0x0000000080000000, 0x0000000100000000)
  region size 1024K, 4 young (4096K), 3 survivors (3072K)
 Metaspace       used 54437K, committed 56128K, reserved 487424K
  class space    used 7494K, committed 8384K, reserved 421888K
}
Event: 251.720 GC heap after
{Heap after GC invocations=21 (full 0):
 garbage-first heap   total 83968K, used 48353K [0x0000000080000000, 0x0000000100000000)
  region size 1024K, 1 young (1024K), 1 survivors (1024K)
 Metaspace       used 54437K, committed 56128K, reserved 487424K
  class space    used 7494K, committed 8384K, reserved 421888K
}
Event: 253.332 GC heap before
{Heap before GC invocations=21 (full 0):
 garbage-first heap   total 83968K, used 67809K [0x0000000080000000, 0x0000000100000000)
  region size 1024K, 21 young (21504K), 1 survivors (1024K)
 Metaspace       used 57428K, committed 59136K, reserved 487424K
  class space    used 7869K, committed 8768K, reserved 421888K
}
Event: 253.335 GC heap after
{Heap after GC invocations=22 (full 0):
 garbage-first heap   total 83968K, used 49352K [0x0000000080000000, 0x0000000100000000)
  region size 1024K, 2 young (2048K), 2 survivors (2048K)
 Metaspace       used 57428K, committed 59136K, reserved 487424K
  class space    used 7869K, committed 8768K, reserved 421888K
}
Event: 266.477 GC heap before
{Heap before GC invocations=23 (full 0):
 garbage-first heap   total 87040K, used 67784K [0x0000000080000000, 0x0000000100000000)
  region size 1024K, 21 young (21504K), 2 survivors (2048K)
 Metaspace       used 58595K, committed 60288K, reserved 487424K
  class space    used 7994K, committed 8896K, reserved 421888K
}
Event: 266.483 GC heap after
{Heap after GC invocations=24 (full 0):
 garbage-first heap   total 87040K, used 50657K [0x0000000080000000, 0x0000000100000000)
  region size 1024K, 3 young (3072K), 3 survivors (3072K)
 Metaspace       used 58595K, committed 60288K, reserved 487424K
  class space    used 7994K, committed 8896K, reserved 421888K
}
Event: 266.609 GC heap before
{Heap before GC invocations=24 (full 0):
 garbage-first heap   total 87040K, used 51681K [0x0000000080000000, 0x0000000100000000)
  region size 1024K, 4 young (4096K), 3 survivors (3072K)
 Metaspace       used 58659K, committed 60352K, reserved 487424K
  class space    used 8006K, committed 8896K, reserved 421888K
}
Event: 266.615 GC heap after
{Heap after GC invocations=25 (full 0):
 garbage-first heap   total 87040K, used 50548K [0x0000000080000000, 0x0000000100000000)
  region size 1024K, 1 young (1024K), 1 survivors (1024K)
 Metaspace       used 58659K, committed 60352K, reserved 487424K
  class space    used 8006K, committed 8896K, reserved 421888K
}
Event: 279.108 GC heap before
{Heap before GC invocations=25 (full 0):
 garbage-first heap   total 87040K, used 71028K [0x0000000080000000, 0x0000000100000000)
  region size 1024K, 21 young (21504K), 1 survivors (1024K)
 Metaspace       used 60698K, committed 62464K, reserved 487424K
  class space    used 8293K, committed 9216K, reserved 421888K
}
Event: 279.114 GC heap after
{Heap after GC invocations=26 (full 0):
 garbage-first heap   total 87040K, used 51704K [0x0000000080000000, 0x0000000100000000)
  region size 1024K, 2 young (2048K), 2 survivors (2048K)
 Metaspace       used 60698K, committed 62464K, reserved 487424K
  class space    used 8293K, committed 9216K, reserved 421888K
}
Event: 283.791 GC heap before
{Heap before GC invocations=26 (full 0):
 garbage-first heap   total 87040K, used 70136K [0x0000000080000000, 0x0000000100000000)
  region size 1024K, 21 young (21504K), 2 survivors (2048K)
 Metaspace       used 61847K, committed 63680K, reserved 487424K
  class space    used 8487K, committed 9408K, reserved 421888K
}
Event: 283.797 GC heap after
{Heap after GC invocations=27 (full 0):
 garbage-first heap   total 87040K, used 52879K [0x0000000080000000, 0x0000000100000000)
  region size 1024K, 3 young (3072K), 3 survivors (3072K)
 Metaspace       used 61847K, committed 63680K, reserved 487424K
  class space    used 8487K, committed 9408K, reserved 421888K
}

Dll operation events (13 events):
Event: 0.030 Loaded shared library D:\java\bin\java.dll
Event: 0.473 Loaded shared library D:\java\bin\jsvml.dll
Event: 5.842 Loaded shared library D:\java\bin\net.dll
Event: 5.845 Loaded shared library D:\java\bin\nio.dll
Event: 5.854 Loaded shared library D:\java\bin\zip.dll
Event: 12.536 Loaded shared library D:\java\bin\jimage.dll
Event: 14.399 Loaded shared library D:\java\bin\verify.dll
Event: 18.406 Loaded shared library C:\Users\samee\.gradle\native\68d5fa5c4cc2d200863cafc0d521ce42e7d3e7ee720ec0a83991735586a16f82\windows-amd64\native-platform.dll
Event: 18.414 Loaded shared library C:\Users\samee\.gradle\native\e376f236ea51e6404a007f0833ffe2c6e607c4080706a723a18a27aeea778392\windows-amd64\native-platform-file-events.dll
Event: 31.475 Loaded shared library D:\java\bin\management.dll
Event: 31.480 Loaded shared library D:\java\bin\management_ext.dll
Event: 38.091 Loaded shared library D:\java\bin\extnet.dll
Event: 48.984 Loaded shared library D:\java\bin\sunmscapi.dll

Deoptimization events (20 events):
Event: 281.432 Thread 0x000002b7d4101e00 DEOPT PACKING pc=0x000002b7c0a1fed8 sp=0x000000c37c7f5bf0
Event: 281.432 Thread 0x000002b7d4101e00 DEOPT UNPACKING pc=0x000002b7c0316da3 sp=0x000000c37c7f5ba8 mode 2
Event: 283.446 Thread 0x000002b7d4101e00 Uncommon trap: trap_request=0xffffff45 fr.pc=0x000002b7c0a38c28 relative=0x0000000000000528
Event: 283.446 Thread 0x000002b7d4101e00 Uncommon trap: reason=unstable_if action=reinterpret pc=0x000002b7c0a38c28 method=org.objectweb.asm.Type.getArgumentsAndReturnSizes(Ljava/lang/String;)I @ 117 c2
Event: 283.446 Thread 0x000002b7d4101e00 DEOPT PACKING pc=0x000002b7c0a38c28 sp=0x000000c37c7f5f70
Event: 283.446 Thread 0x000002b7d4101e00 DEOPT UNPACKING pc=0x000002b7c0316da3 sp=0x000000c37c7f5ef0 mode 2
Event: 283.447 Thread 0x000002b7d4101e00 Uncommon trap: trap_request=0xffffff45 fr.pc=0x000002b7c08cca98 relative=0x0000000000000658
Event: 283.447 Thread 0x000002b7d4101e00 Uncommon trap: reason=unstable_if action=reinterpret pc=0x000002b7c08cca98 method=org.objectweb.asm.Type.getArgumentsAndReturnSizes(Ljava/lang/String;)I @ 117 c2
Event: 283.447 Thread 0x000002b7d4101e00 DEOPT PACKING pc=0x000002b7c08cca98 sp=0x000000c37c7f5c60
Event: 283.447 Thread 0x000002b7d4101e00 DEOPT UNPACKING pc=0x000002b7c0316da3 sp=0x000000c37c7f5b78 mode 2
Event: 283.447 Thread 0x000002b7d4101e00 Uncommon trap: trap_request=0xffffff45 fr.pc=0x000002b7c09f94f0 relative=0x0000000000000ab0
Event: 283.447 Thread 0x000002b7d4101e00 Uncommon trap: reason=unstable_if action=reinterpret pc=0x000002b7c09f94f0 method=org.objectweb.asm.Frame.getAbstractTypeFromDescriptor(Lorg/objectweb/asm/SymbolTable;Ljava/lang/String;I)I @ 5 c2
Event: 283.447 Thread 0x000002b7d4101e00 DEOPT PACKING pc=0x000002b7c09f94f0 sp=0x000000c37c7f5bb0
Event: 283.447 Thread 0x000002b7d4101e00 DEOPT UNPACKING pc=0x000002b7c0316da3 sp=0x000000c37c7f5b70 mode 2
Event: 283.447 Thread 0x000002b7d4101e00 Uncommon trap: trap_request=0xffffff45 fr.pc=0x000002b7c08bc0dc relative=0x00000000000008bc
Event: 283.447 Thread 0x000002b7d4101e00 Uncommon trap: reason=unstable_if action=reinterpret pc=0x000002b7c08bc0dc method=org.objectweb.asm.Frame.push(Lorg/objectweb/asm/SymbolTable;Ljava/lang/String;)V @ 42 c2
Event: 283.447 Thread 0x000002b7d4101e00 DEOPT PACKING pc=0x000002b7c08bc0dc sp=0x000000c37c7f5c30
Event: 283.447 Thread 0x000002b7d4101e00 DEOPT UNPACKING pc=0x000002b7c0316da3 sp=0x000000c37c7f5bf0 mode 2
Event: 283.780 Thread 0x000002b7d4101e00 DEOPT PACKING pc=0x000002b7b8e84056 sp=0x000000c37c7f5b10
Event: 283.780 Thread 0x000002b7d4101e00 DEOPT UNPACKING pc=0x000002b7c0317543 sp=0x000000c37c7f50e8 mode 0

Classes loaded (20 events):
Event: 249.000 Loading class java/lang/Byte$ByteCache
Event: 249.000 Loading class java/lang/Byte$ByteCache done
Event: 249.349 Loading class java/util/regex/Pattern$SliceI
Event: 249.349 Loading class java/util/regex/Pattern$SliceI done
Event: 253.479 Loading class java/util/ArrayList$SubList$1
Event: 253.485 Loading class java/util/ArrayList$SubList$1 done
Event: 266.388 Loading class jdk/internal/loader/URLClassPath$FileLoader
Event: 266.388 Loading class jdk/internal/loader/URLClassPath$FileLoader done
Event: 266.400 Loading class jdk/internal/loader/URLClassPath$FileLoader$1
Event: 266.400 Loading class jdk/internal/loader/URLClassPath$FileLoader$1 done
Event: 269.310 Loading class java/lang/AbstractMethodError
Event: 269.310 Loading class java/lang/AbstractMethodError done
Event: 269.461 Loading class java/time/temporal/WeekFields
Event: 269.461 Loading class java/time/temporal/WeekFields done
Event: 269.482 Loading class java/time/temporal/WeekFields$ComputedDayOfField
Event: 269.482 Loading class java/time/temporal/WeekFields$ComputedDayOfField done
Event: 269.487 Loading class java/time/Month$1
Event: 269.487 Loading class java/time/Month$1 done
Event: 269.488 Loading class sun/nio/ch/ChannelOutputStream
Event: 269.488 Loading class sun/nio/ch/ChannelOutputStream done

Classes unloaded (0 events):
No events

Classes redefined (0 events):
No events

Internal exceptions (20 events):
Event: 278.968 Thread 0x000002b7d4101e00 Exception <a 'java/lang/ClassNotFoundException'{0x00000000842d7600}: org/gradle/internal/metaobject/ConfigureDelegateBeanInfo> (0x00000000842d7600) 
thrown [s\open\src\hotspot\share\classfile\systemDictionary.cpp, line 255]
Event: 278.969 Thread 0x000002b7d4101e00 Exception <a 'java/lang/ClassNotFoundException'{0x00000000842e7450}: org/gradle/internal/metaobject/ConfigureDelegateCustomizer> (0x00000000842e7450) 
thrown [s\open\src\hotspot\share\classfile\systemDictionary.cpp, line 255]
Event: 278.974 Thread 0x000002b7d4101e00 Exception <a 'java/lang/ClassNotFoundException'{0x00000000841258a8}: org/gradle/api/internal/initialization/DefaultScriptHandlerBeanInfo> (0x00000000841258a8) 
thrown [s\open\src\hotspot\share\classfile\systemDictionary.cpp, line 255]
Event: 278.976 Thread 0x000002b7d4101e00 Exception <a 'java/lang/ClassNotFoundException'{0x0000000084135828}: org/gradle/api/internal/initialization/DefaultScriptHandlerCustomizer> (0x0000000084135828) 
thrown [s\open\src\hotspot\share\classfile\systemDictionary.cpp, line 255]
Event: 279.120 Thread 0x000002b7d4101e00 Exception <a 'java/lang/ClassNotFoundException'{0x0000000086f594c8}: org/gradle/api/internal/artifacts/dsl/DefaultRepositoryHandler_DecoratedBeanInfo> (0x0000000086f594c8) 
thrown [s\open\src\hotspot\share\classfile\systemDictionary.cpp, line 255]
Event: 279.122 Thread 0x000002b7d4101e00 Exception <a 'java/lang/ClassNotFoundException'{0x0000000086f6dee0}: org/gradle/api/internal/artifacts/dsl/DefaultRepositoryHandlerBeanInfo> (0x0000000086f6dee0) 
thrown [s\open\src\hotspot\share\classfile\systemDictionary.cpp, line 255]
Event: 279.124 Thread 0x000002b7d4101e00 Exception <a 'java/lang/ClassNotFoundException'{0x0000000086f83648}: org/gradle/api/internal/artifacts/DefaultArtifactRepositoryContainerBeanInfo> (0x0000000086f83648) 
thrown [s\open\src\hotspot\share\classfile\systemDictionary.cpp, line 255]
Event: 279.126 Thread 0x000002b7d4101e00 Exception <a 'java/lang/ClassNotFoundException'{0x0000000086f96510}: org/gradle/api/internal/DefaultNamedDomainObjectListBeanInfo> (0x0000000086f96510) 
thrown [s\open\src\hotspot\share\classfile\systemDictionary.cpp, line 255]
Event: 279.128 Thread 0x000002b7d4101e00 Exception <a 'java/lang/ClassNotFoundException'{0x0000000086fa9838}: org/gradle/api/internal/DefaultNamedDomainObjectCollectionBeanInfo> (0x0000000086fa9838) 
thrown [s\open\src\hotspot\share\classfile\systemDictionary.cpp, line 255]
Event: 279.129 Thread 0x000002b7d4101e00 Exception <a 'java/lang/ClassNotFoundException'{0x0000000086fbcee8}: org/gradle/api/internal/DefaultDomainObjectCollectionBeanInfo> (0x0000000086fbcee8) 
thrown [s\open\src\hotspot\share\classfile\systemDictionary.cpp, line 255]
Event: 279.131 Thread 0x000002b7d4101e00 Exception <a 'java/lang/ClassNotFoundException'{0x0000000086fd0448}: org/gradle/api/internal/DefaultDomainObjectCollectionCustomizer> (0x0000000086fd0448) 
thrown [s\open\src\hotspot\share\classfile\systemDictionary.cpp, line 255]
Event: 279.240 Thread 0x000002b7d4101e00 Exception <a 'java/lang/ClassNotFoundException'{0x00000000851065d8}: org/gradle/api/internal/DefaultNamedDomainObjectCollectionCustomizer> (0x00000000851065d8) 
thrown [s\open\src\hotspot\share\classfile\systemDictionary.cpp, line 255]
Event: 279.253 Thread 0x000002b7d4101e00 Exception <a 'java/lang/ClassNotFoundException'{0x0000000085140458}: org/gradle/api/internal/DefaultNamedDomainObjectListCustomizer> (0x0000000085140458) 
thrown [s\open\src\hotspot\share\classfile\systemDictionary.cpp, line 255]
Event: 279.255 Thread 0x000002b7d4101e00 Exception <a 'java/lang/ClassNotFoundException'{0x000000008516ffe8}: org/gradle/api/internal/artifacts/DefaultArtifactRepositoryContainerCustomizer> (0x000000008516ffe8) 
thrown [s\open\src\hotspot\share\classfile\systemDictionary.cpp, line 255]
Event: 279.257 Thread 0x000002b7d4101e00 Exception <a 'java/lang/ClassNotFoundException'{0x0000000085196f08}: org/gradle/api/internal/artifacts/dsl/DefaultRepositoryHandlerCustomizer> (0x0000000085196f08) 
thrown [s\open\src\hotspot\share\classfile\systemDictionary.cpp, line 255]
Event: 279.261 Thread 0x000002b7d4101e00 Exception <a 'java/lang/ClassNotFoundException'{0x00000000851cbe28}: org/gradle/api/internal/artifacts/dsl/DefaultRepositoryHandler_DecoratedCustomizer> (0x00000000851cbe28) 
thrown [s\open\src\hotspot\share\classfile\systemDictionary.cpp, line 255]
Event: 279.272 Thread 0x000002b7d4101e00 Exception <a 'java/lang/ClassNotFoundException'{0x000000008505df48}: org/gradle/api/internal/artifacts/dsl/dependencies/DefaultDependencyHandler_DecoratedBeanInfo> (0x000000008505df48) 
thrown [s\open\src\hotspot\share\classfile\systemDictionary.cpp, line 255]
Event: 279.274 Thread 0x000002b7d4101e00 Exception <a 'java/lang/ClassNotFoundException'{0x00000000850729b0}: org/gradle/api/internal/artifacts/dsl/dependencies/DefaultDependencyHandlerBeanInfo> (0x00000000850729b0) 
thrown [s\open\src\hotspot\share\classfile\systemDictionary.cpp, line 255]
Event: 279.275 Thread 0x000002b7d4101e00 Exception <a 'java/lang/ClassNotFoundException'{0x00000000850873d8}: org/gradle/api/internal/artifacts/dsl/dependencies/DefaultDependencyHandlerCustomizer> (0x00000000850873d8) 
thrown [s\open\src\hotspot\share\classfile\systemDictionary.cpp, line 255]
Event: 279.278 Thread 0x000002b7d4101e00 Exception <a 'java/lang/ClassNotFoundException'{0x00000000850c36b0}: org/gradle/api/internal/artifacts/dsl/dependencies/DefaultDependencyHandler_DecoratedCustomizer> (0x00000000850c36b0) 
thrown [s\open\src\hotspot\share\classfile\systemDictionary.cpp, line 255]

VM Operations (20 events):
Event: 269.403 Executing VM operation: Cleanup
Event: 269.421 Executing VM operation: Cleanup done
Event: 270.431 Executing VM operation: Cleanup
Event: 270.431 Executing VM operation: Cleanup done
Event: 278.494 Executing VM operation: Cleanup
Event: 278.494 Executing VM operation: Cleanup done
Event: 279.108 Executing VM operation: G1CollectForAllocation
Event: 279.114 Executing VM operation: G1CollectForAllocation done
Event: 280.127 Executing VM operation: Cleanup
Event: 280.127 Executing VM operation: Cleanup done
Event: 281.130 Executing VM operation: Cleanup
Event: 281.148 Executing VM operation: Cleanup done
Event: 282.153 Executing VM operation: Cleanup
Event: 282.173 Executing VM operation: Cleanup done
Event: 283.188 Executing VM operation: Cleanup
Event: 283.425 Executing VM operation: Cleanup done
Event: 283.791 Executing VM operation: G1CollectForAllocation
Event: 283.797 Executing VM operation: G1CollectForAllocation done
Event: 284.805 Executing VM operation: Cleanup
Event: 284.915 Executing VM operation: Cleanup done

Events (20 events):
Event: 233.014 Thread 0x000002b7d3dd7000 Thread added: 0x000002b7d3dd7000
Event: 233.014 Thread 0x000002b7d3dd8540 Thread added: 0x000002b7d3dd8540
Event: 233.014 Thread 0x000002b7d3dd8a90 Thread added: 0x000002b7d3dd8a90
Event: 233.015 Thread 0x000002b7d3dd7550 Thread added: 0x000002b7d3dd7550
Event: 233.015 Thread 0x000002b7d3dd8fe0 Thread added: 0x000002b7d3dd8fe0
Event: 233.015 Thread 0x000002b7d3dd9530 Thread added: 0x000002b7d3dd9530
Event: 233.015 Thread 0x000002b7d3dd7aa0 Thread added: 0x000002b7d3dd7aa0
Event: 233.016 Thread 0x000002b7d3dd9a80 Thread added: 0x000002b7d3dd9a80
Event: 233.016 Thread 0x000002b7d544e580 Thread added: 0x000002b7d544e580
Event: 233.016 Thread 0x000002b7d5452fe0 Thread added: 0x000002b7d5452fe0
Event: 233.016 Thread 0x000002b7d544d040 Thread added: 0x000002b7d544d040
Event: 233.017 Thread 0x000002b7d5451550 Thread added: 0x000002b7d5451550
Event: 233.017 Thread 0x000002b7d5451aa0 Thread added: 0x000002b7d5451aa0
Event: 233.017 Thread 0x000002b7d5453530 Thread added: 0x000002b7d5453530
Event: 248.991 Thread 0x000002b7d5451ff0 Thread added: 0x000002b7d5451ff0
Event: 268.391 Thread 0x000002b7ceeaac00 flushing nmethod 0x000002b7b9302f90
Event: 268.391 Thread 0x000002b7ceeaac00 flushing nmethod 0x000002b7b9307790
Event: 268.391 Thread 0x000002b7ceeaac00 flushing nmethod 0x000002b7b9308190
Event: 268.391 Thread 0x000002b7ceeaac00 flushing nmethod 0x000002b7b930da90
Event: 279.690 Thread 0x000002b7d5452a90 Thread added: 0x000002b7d5452a90


Dynamic libraries:
0x00007ff6fc4e0000 - 0x00007ff6fc4f0000 	D:\java\bin\java.exe
0x00007fffd3430000 - 0x00007fffd3627000 	C:\WINDOWS\SYSTEM32\ntdll.dll
0x00007fffd1490000 - 0x00007fffd154d000 	C:\WINDOWS\System32\KERNEL32.DLL
0x00007fffd1190000 - 0x00007fffd1486000 	C:\WINDOWS\System32\KERNELBASE.dll
0x00007fffd0dc0000 - 0x00007fffd0ec0000 	C:\WINDOWS\System32\ucrtbase.dll
0x00007fffbcbf0000 - 0x00007fffbcc08000 	D:\java\bin\jli.dll
0x00007fffd18e0000 - 0x00007fffd198e000 	C:\WINDOWS\System32\ADVAPI32.dll
0x00007fffd1840000 - 0x00007fffd18de000 	C:\WINDOWS\System32\msvcrt.dll
0x00007fffd2090000 - 0x00007fffd212c000 	C:\WINDOWS\System32\sechost.dll
0x00007fffd19f0000 - 0x00007fffd1b16000 	C:\WINDOWS\System32\RPCRT4.dll
0x00007fffd2130000 - 0x00007fffd22ce000 	C:\WINDOWS\System32\USER32.dll
0x00007fffd1080000 - 0x00007fffd10a2000 	C:\WINDOWS\System32\win32u.dll
0x00007fffd2bc0000 - 0x00007fffd2bec000 	C:\WINDOWS\System32\GDI32.dll
0x00007fffd0f60000 - 0x00007fffd107a000 	C:\WINDOWS\System32\gdi32full.dll
0x00007fffd0c70000 - 0x00007fffd0d0d000 	C:\WINDOWS\System32\msvcp_win.dll
0x00007fffc6a90000 - 0x00007fffc6aab000 	D:\java\bin\VCRUNTIME140.dll
0x00007fffb3d60000 - 0x00007fffb3ffa000 	C:\WINDOWS\WinSxS\amd64_microsoft.windows.common-controls_6595b64144ccf1df_6.0.19041.3570_none_60bb2a3971f3e41a\COMCTL32.dll
0x00007fffbf0c0000 - 0x00007fffbf0ca000 	C:\WINDOWS\SYSTEM32\VERSION.dll
0x00007fffd1550000 - 0x00007fffd1580000 	C:\WINDOWS\System32\IMM32.DLL
0x00007fffc90d0000 - 0x00007fffc90dc000 	D:\java\bin\vcruntime140_1.dll
0x00007fff9cbb0000 - 0x00007fff9cc3e000 	D:\java\bin\msvcp140.dll
0x00007fff91cf0000 - 0x00007fff929b0000 	D:\java\bin\server\jvm.dll
0x00007fffbdc50000 - 0x00007fffbdc59000 	C:\WINDOWS\SYSTEM32\WSOCK32.dll
0x00007fffd1bd0000 - 0x00007fffd1c3b000 	C:\WINDOWS\System32\WS2_32.dll
0x00007fffb3ce0000 - 0x00007fffb3d07000 	C:\WINDOWS\SYSTEM32\WINMM.dll
0x00007fffcf300000 - 0x00007fffcf312000 	C:\WINDOWS\SYSTEM32\kernel.appcore.dll
0x00007fffc6db0000 - 0x00007fffc6dba000 	D:\java\bin\jimage.dll
0x00007fffcb6d0000 - 0x00007fffcb8b4000 	C:\WINDOWS\SYSTEM32\DBGHELP.DLL
0x00007fffbe850000 - 0x00007fffbe884000 	C:\WINDOWS\SYSTEM32\dbgcore.DLL
0x00007fffd10b0000 - 0x00007fffd1132000 	C:\WINDOWS\System32\bcryptPrimitives.dll
0x00007fffbb080000 - 0x00007fffbb0a6000 	D:\java\bin\java.dll
0x00007fff9ba00000 - 0x00007fff9bad7000 	D:\java\bin\jsvml.dll
0x00007fffd2350000 - 0x00007fffd2a94000 	C:\WINDOWS\System32\SHELL32.dll
0x00007fffceb50000 - 0x00007fffcf2eb000 	C:\WINDOWS\SYSTEM32\windows.storage.dll
0x00007fffd1c40000 - 0x00007fffd1f94000 	C:\WINDOWS\System32\combase.dll
0x00007fffd0400000 - 0x00007fffd042d000 	C:\WINDOWS\SYSTEM32\Wldp.dll
0x00007fffd1660000 - 0x00007fffd170d000 	C:\WINDOWS\System32\SHCORE.dll
0x00007fffd1580000 - 0x00007fffd15d5000 	C:\WINDOWS\System32\shlwapi.dll
0x00007fffd0a40000 - 0x00007fffd0a65000 	C:\WINDOWS\SYSTEM32\profapi.dll
0x00007fffbb700000 - 0x00007fffbb713000 	D:\java\bin\net.dll
0x00007fffc33c0000 - 0x00007fffc34ca000 	C:\WINDOWS\SYSTEM32\WINHTTP.dll
0x00007fffd01e0000 - 0x00007fffd024a000 	C:\WINDOWS\system32\mswsock.dll
0x00007fffba790000 - 0x00007fffba7a6000 	D:\java\bin\nio.dll
0x00007fffb8420000 - 0x00007fffb8438000 	D:\java\bin\zip.dll
0x00007fffbded0000 - 0x00007fffbdee0000 	D:\java\bin\verify.dll
0x00007fffaa590000 - 0x00007fffaa5b7000 	C:\Users\samee\.gradle\native\68d5fa5c4cc2d200863cafc0d521ce42e7d3e7ee720ec0a83991735586a16f82\windows-amd64\native-platform.dll
0x00007fff999d0000 - 0x00007fff99b14000 	C:\Users\samee\.gradle\native\e376f236ea51e6404a007f0833ffe2c6e607c4080706a723a18a27aeea778392\windows-amd64\native-platform-file-events.dll
0x00007fffbdcd0000 - 0x00007fffbdcda000 	D:\java\bin\management.dll
0x00007fffbca10000 - 0x00007fffbca1b000 	D:\java\bin\management_ext.dll
0x00007fffd32f0000 - 0x00007fffd32f8000 	C:\WINDOWS\System32\PSAPI.DLL
0x00007fffd0440000 - 0x00007fffd0458000 	C:\WINDOWS\SYSTEM32\CRYPTSP.dll
0x00007fffcfab0000 - 0x00007fffcfae4000 	C:\WINDOWS\system32\rsaenh.dll
0x00007fffd0ec0000 - 0x00007fffd0ee7000 	C:\WINDOWS\System32\bcrypt.dll
0x00007fffd0a00000 - 0x00007fffd0a2e000 	C:\WINDOWS\SYSTEM32\USERENV.dll
0x00007fffd0370000 - 0x00007fffd037c000 	C:\WINDOWS\SYSTEM32\CRYPTBASE.dll
0x00007fffcfef0000 - 0x00007fffcff2b000 	C:\WINDOWS\SYSTEM32\IPHLPAPI.DLL
0x00007fffd1fa0000 - 0x00007fffd1fa8000 	C:\WINDOWS\System32\NSI.dll
0x00007fffc3ea0000 - 0x00007fffc3eb7000 	C:\WINDOWS\SYSTEM32\dhcpcsvc6.DLL
0x00007fffc3310000 - 0x00007fffc332d000 	C:\WINDOWS\SYSTEM32\dhcpcsvc.DLL
0x00007fffcff30000 - 0x00007fffcfffa000 	C:\WINDOWS\SYSTEM32\DNSAPI.dll
0x00007fffbb900000 - 0x00007fffbb908000 	D:\java\bin\extnet.dll
0x00007fffbb330000 - 0x00007fffbb33e000 	D:\java\bin\sunmscapi.dll
0x00007fffd0b10000 - 0x00007fffd0c6d000 	C:\WINDOWS\System32\CRYPT32.dll
0x00007fffd0550000 - 0x00007fffd0577000 	C:\WINDOWS\SYSTEM32\ncrypt.dll
0x00007fffd0510000 - 0x00007fffd054b000 	C:\WINDOWS\SYSTEM32\NTASN1.dll
0x00007fffad030000 - 0x00007fffad037000 	C:\WINDOWS\system32\wshunix.dll

dbghelp: loaded successfully - version: 4.0.5 - missing functions: none
symbol engine: initialized successfully - sym options: 0x614 - pdb path: .;D:\java\bin;C:\WINDOWS\SYSTEM32;C:\WINDOWS\WinSxS\amd64_microsoft.windows.common-controls_6595b64144ccf1df_6.0.19041.3570_none_60bb2a3971f3e41a;D:\java\bin\server;C:\Users\samee\.gradle\native\68d5fa5c4cc2d200863cafc0d521ce42e7d3e7ee720ec0a83991735586a16f82\windows-amd64;C:\Users\samee\.gradle\native\e376f236ea51e6404a007f0833ffe2c6e607c4080706a723a18a27aeea778392\windows-amd64

VM Arguments:
jvm_args: -XX:MaxMetaspaceSize=512m --add-opens=java.base/java.util=ALL-UNNAMED --add-opens=java.base/java.lang=ALL-UNNAMED --add-opens=java.base/java.lang.invoke=ALL-UNNAMED --add-opens=java.prefs/java.util.prefs=ALL-UNNAMED --add-opens=java.base/java.nio.charset=ALL-UNNAMED --add-opens=java.base/java.net=ALL-UNNAMED --add-opens=java.base/java.util.concurrent.atomic=ALL-UNNAMED -Xmx2048m -Dfile.encoding=UTF-8 -Duser.country=US -Duser.language=en -Duser.variant 
java_command: org.gradle.launcher.daemon.bootstrap.GradleDaemon 8.0.1
java_class_path (initial): C:\Users\samee\.gradle\wrapper\dists\gradle-8.0.1-all\aro4hu1c3oeioove7l0i4i14o\gradle-8.0.1\lib\gradle-launcher-8.0.1.jar
Launcher Type: SUN_STANDARD

[Global flags]
     intx CICompilerCount                          = 3                                         {product} {ergonomic}
   size_t CompressedClassSpaceSize                 = 432013312                                 {product} {ergonomic}
     uint ConcGCThreads                            = 1                                         {product} {ergonomic}
     uint G1ConcRefinementThreads                  = 4                                         {product} {ergonomic}
   size_t G1HeapRegionSize                         = 1048576                                   {product} {ergonomic}
    uintx GCDrainStackTargetSize                   = 64                                        {product} {ergonomic}
   size_t InitialHeapSize                          = 134217728                                 {product} {ergonomic}
   size_t MarkStackSize                            = 4194304                                   {product} {ergonomic}
   size_t MaxHeapSize                              = 2147483648                                {product} {command line}
   size_t MaxMetaspaceSize                         = 536870912                                 {product} {command line}
   size_t MaxNewSize                               = 1287651328                                {product} {ergonomic}
   size_t MinHeapDeltaBytes                        = 1048576                                   {product} {ergonomic}
   size_t MinHeapSize                              = 8388608                                   {product} {ergonomic}
    uintx NonNMethodCodeHeapSize                   = 5832780                                {pd product} {ergonomic}
    uintx NonProfiledCodeHeapSize                  = 122912730                              {pd product} {ergonomic}
    uintx ProfiledCodeHeapSize                     = 122912730                              {pd product} {ergonomic}
    uintx ReservedCodeCacheSize                    = 251658240                              {pd product} {ergonomic}
     bool SegmentedCodeCache                       = true                                      {product} {ergonomic}
   size_t SoftMaxHeapSize                          = 2147483648                             {manageable} {ergonomic}
     bool UseCompressedClassPointers               = true                           {product lp64_product} {ergonomic}
     bool UseCompressedOops                        = true                           {product lp64_product} {ergonomic}
     bool UseG1GC                                  = true                                      {product} {ergonomic}
     bool UseLargePagesIndividualAllocation        = false                                  {pd product} {ergonomic}

Logging:
Log output configuration:
 #0: stdout all=warning uptime,level,tags foldmultilines=false
 #1: stderr all=off uptime,level,tags foldmultilines=false

Environment Variables:
CLASSPATH=D:\projects\React_Native\To_DO_App\android\\gradle\wrapper\gradle-wrapper.jar
PATH=D:\projects\React_Native\To_DO_App\node_modules\.bin;D:\projects\React_Native\To_DO_App\node_modules\.bin;D:\projects\React_Native\node_modules\.bin;D:\projects\node_modules\.bin;D:\node_modules\.bin;D:\nodejs\node_modules\npm\node_modules\@npmcli\run-script\lib\node-gyp-bin;D:\projects\React_Native\To_DO_App\node_modules\.bin;D:\projects\React_Native\node_modules\.bin;D:\projects\node_modules\.bin;D:\node_modules\.bin;D:\nodejs\node_modules\npm\node_modules\@npmcli\run-script\lib\node-gyp-bin;C:\Program Files\Common Files\Oracle\Java\javapath;C:\WINDOWS\system32;C:\WINDOWS;C:\WINDOWS\System32\Wbem;C:\WINDOWS\System32\WindowsPowerShell\v1.0\;C:\WINDOWS\System32\OpenSSH\;D:\java\bin;C:\xampp\php;C:\composer;C:\Program Files (x86)\Intel\Intel(R) Management Engine Components\DAL;C:\Program Files\Intel\Intel(R) Management Engine Components\DAL;C:\Program Files\Git\cmd;C:\Program Files\MongoDB\Server\7.0\bin;D:\mongosh-1.10.6-win32-x64\bin;C:\ProgramData\chocolatey\bin;D:\nodejs\;C:\Users\samee\AppData\Local\Android\Sdk\platform-tools;C:\Program Files (x86)\Microsoft SQL Server\160\Tools\Binn\;D:\Program Files\Microsoft SQL Server\160\Tools\Binn\;D:\Program Files\Microsoft SQL Server\Client SDK\ODBC\170\Tools\Binn\;D:\Program Files\Microsoft SQL Server\160\DTS\Binn\;C:\Program Files (x86)\Microsoft SQL Server\160\DTS\Binn\;C:\Program Files\Azure Data Studio\bin;C:\Users\samee\AppData\Local\Android\Sdk;C:\MinGW\bin;D:\Program Files\Microsoft SQL Server\150\Tools\Binn\;C:\Program Files (x86)\Windows Kits\10\Windows Performance Toolkit\;C:\Users\samee\AppData\Local\Programs\Python\Python310\Scripts\;C:\Users\samee\AppData\Local\Programs\Python\Python310\;C:\Users\samee\AppData\Local\Microsoft\WindowsApps;D:\Microsoft VS Code\bin;D:\Java\bin;C:\Users\samee\AppData\Roaming\Composer\vendor\bin;C:\Program Files\MongoDB\Server\7.0\bin;D:\mongosh-1.10.6-win32-x64\bin;C:\Users\samee\AppData\Roaming\npm;C:\Users\samee\AppData\Local\Android\Sdk\platform-tools;C:\Program Files\Azure Data Studio\bin;C:\Users\samee\AppData\Local\Android\Sdk;
USERNAME=samee
OS=Windows_NT
PROCESSOR_IDENTIFIER=Intel64 Family 6 Model 142 Stepping 9, GenuineIntel
TMP=C:\Users\samee\AppData\Local\Temp
TEMP=C:\Users\samee\AppData\Local\Temp



---------------  S Y S T E M  ---------------

OS:
 Windows 10 , 64 bit Build 19041 (10.0.19041.3570)
OS uptime: 1 days 19:23 hours
Hyper-V role detected

CPU: total 4 (initial active 4) (2 cores per cpu, 2 threads per core) family 6 model 142 stepping 9 microcode 0xf4, cx8, cmov, fxsr, ht, mmx, 3dnowpref, sse, sse2, sse3, ssse3, sse4.1, sse4.2, popcnt, lzcnt, tsc, tscinvbit, avx, avx2, aes, erms, clmul, bmi1, bmi2, rtm, adx, fma, vzeroupper, clflush, clflushopt, hv, rdtscp

Memory: 4k page, system-wide physical 8067M (271M free)
TotalPageFile size 21045M (AvailPageFile size 4M)
current process WorkingSet (physical memory assigned to process): 227M, peak: 231M
current process commit charge ("private bytes"): 301M, peak: 304M

vm_info: Java HotSpot(TM) 64-Bit Server VM (19.0.2+7-44) for windows-amd64 JRE (19.0.2+7-44), built on 2022-11-30T18:02:09Z by "mach5one" with MS VC++ 17.1 (VS2022)

END.
