#
# There is insufficient memory for the Java Runtime Environment to continue.
# Native memory allocation (malloc) failed to allocate 947952 bytes for Chunk::new
# Possible reasons:
#   The system is out of physical RAM or swap space
#   The process is running with CompressedOops enabled, and the Java Heap may be blocking the growth of the native heap
# Possible solutions:
#   Reduce memory load on the system
#   Increase physical memory or swap space
#   Check if swap backing store is full
#   Decrease Java heap size (-Xmx/-Xms)
#   Decrease number of Java threads
#   Decrease Java thread stack sizes (-Xss)
#   Set larger code cache with -XX:ReservedCodeCacheSize=
#   JVM is running with Unscaled Compressed Oops mode in which the Java heap is
#     placed in the first 4GB address space. The Java Heap base address is the
#     maximum limit for the native heap growth. Please use -XX:HeapBaseMinAddress
#     to set the Java Heap base and to place the Java Heap above 4GB virtual address.
# This output file may be truncated or incomplete.
#
#  Out of Memory Error (arena.cpp:184), pid=19984, tid=20608
#
# JRE version: Java(TM) SE Runtime Environment (19.0.2+7) (build 19.0.2+7-44)
# Java VM: Java HotSpot(TM) 64-Bit Server VM (19.0.2+7-44, mixed mode, sharing, tiered, compressed oops, compressed class ptrs, g1 gc, windows-amd64)
# No core dump will be written. Minidumps are not enabled by default on client versions of Windows
#

---------------  S U M M A R Y ------------

Command Line: -XX:MaxMetaspaceSize=512m --add-opens=java.base/java.util=ALL-UNNAMED --add-opens=java.base/java.lang=ALL-UNNAMED --add-opens=java.base/java.lang.invoke=ALL-UNNAMED --add-opens=java.prefs/java.util.prefs=ALL-UNNAMED --add-opens=java.base/java.nio.charset=ALL-UNNAMED --add-opens=java.base/java.net=ALL-UNNAMED --add-opens=java.base/java.util.concurrent.atomic=ALL-UNNAMED -Xmx2048m -Dfile.encoding=UTF-8 -Duser.country=US -Duser.language=en -Duser.variant org.gradle.launcher.daemon.bootstrap.GradleDaemon 8.0.1

Host: Intel(R) Core(TM) i5-7300U CPU @ 2.60GHz, 4 cores, 7G,  Windows 10 , 64 bit Build 19041 (10.0.19041.3570)
Time: Mon Oct 30 22:56:55 2023 Pakistan Standard Time elapsed time: 310.466442 seconds (0d 0h 5m 10s)

---------------  T H R E A D  ---------------

Current thread (0x000002665ddbf210):  JavaThread "C2 CompilerThread0" daemon [_thread_in_native, id=20608, stack(0x000000f3b9900000,0x000000f3b9a00000)]


Current CompileTask:
C2: 310466 9440       4       java.lang.reflect.Constructor::newInstanceWithCaller (51 bytes)

Stack: [0x000000f3b9900000,0x000000f3b9a00000]
Native frames: (J=compiled Java code, j=interpreted, Vv=VM code, C=native code)
V  [jvm.dll+0x6ee21a]
V  [jvm.dll+0x85765e]
V  [jvm.dll+0x85904e]
V  [jvm.dll+0x859703]
V  [jvm.dll+0x28298f]
V  [jvm.dll+0xc9adf]
V  [jvm.dll+0xc9e65]
V  [jvm.dll+0x3bca4c]
V  [jvm.dll+0x3860e1]
V  [jvm.dll+0x38555a]
V  [jvm.dll+0x24c3d9]
V  [jvm.dll+0x24b781]
V  [jvm.dll+0x1d6ce1]
V  [jvm.dll+0x25b25a]
V  [jvm.dll+0x2596e8]
V  [jvm.dll+0x807588]
V  [jvm.dll+0x80125a]
V  [jvm.dll+0x6ecf0b]
C  [ucrtbase.dll+0x21bb2]
C  [KERNEL32.DLL+0x17344]
C  [ntdll.dll+0x526b1]


---------------  P R O C E S S  ---------------

Threads class SMR info:
_java_thread_list=0x000002666616c7f0, length=87, elements={
0x000002663de62c40, 0x000002665ddb4b20, 0x000002665ddb5ab0, 0x000002665ddb8900,
0x000002665ddbb340, 0x000002665ddbdc80, 0x000002665ddbe5b0, 0x000002665ddbf210,
0x000002665ddc0f00, 0x0000026662008070, 0x000002666206a6f0, 0x000002666206ee80,
0x00000266637d27c0, 0x00000266630827e0, 0x0000026662903030, 0x0000026662bcd9a0,
0x0000026662a451e0, 0x000002666381de70, 0x0000026662a45720, 0x0000026662af7ed0,
0x0000026662afa950, 0x0000026662afb3f0, 0x0000026662af8970, 0x0000026662af9410,
0x0000026662af8420, 0x0000026662afa400, 0x0000026662af9960, 0x0000026662afaea0,
0x0000026663017030, 0x0000026663015050, 0x0000026663015af0, 0x0000026663014b00,
0x00000266630155a0, 0x0000026663014060, 0x0000026663016040, 0x00000266630145b0,
0x0000026663016590, 0x0000026662af8ec0, 0x0000026664766950, 0x00000266647673f0,
0x0000026664764ec0, 0x00000266647609b0, 0x0000026664760460, 0x000002666475ff10,
0x0000026664765410, 0x0000026664762440, 0x0000026664766ea0, 0x0000026664765eb0,
0x0000026664760f00, 0x0000026664764420, 0x0000026664767940, 0x0000026664762ee0,
0x0000026664761450, 0x00000266647619a0, 0x0000026664762990, 0x0000026664761ef0,
0x0000026664766400, 0x0000026664763430, 0x0000026664763980, 0x0000026664763ed0,
0x0000026664764970, 0x0000026664765960, 0x00000266627636f0, 0x0000026662764190,
0x0000026662763c40, 0x00000266627646e0, 0x0000026662767c00, 0x000002666276a130,
0x00000266627686a0, 0x0000026662768bf0, 0x0000026662769690, 0x0000026662769be0,
0x0000026662767160, 0x0000026662765180, 0x000002666276a680, 0x0000026662765c20,
0x0000026662762c50, 0x00000266627631a0, 0x0000026662766170, 0x00000266627666c0,
0x0000026662766c10, 0x00000266627676b0, 0x0000026662db09f0, 0x0000026662daef60,
0x0000026662db1f30, 0x0000026662db19e0, 0x0000026662db39c0
}

Java Threads: ( => current thread )
  0x000002663de62c40 JavaThread "main" [_thread_blocked, id=13128, stack(0x000000f3b8c00000,0x000000f3b8d00000)]
  0x000002665ddb4b20 JavaThread "Reference Handler" daemon [_thread_blocked, id=20584, stack(0x000000f3b9300000,0x000000f3b9400000)]
  0x000002665ddb5ab0 JavaThread "Finalizer" daemon [_thread_blocked, id=20588, stack(0x000000f3b9400000,0x000000f3b9500000)]
  0x000002665ddb8900 JavaThread "Signal Dispatcher" daemon [_thread_blocked, id=20592, stack(0x000000f3b9500000,0x000000f3b9600000)]
  0x000002665ddbb340 JavaThread "Attach Listener" daemon [_thread_blocked, id=20596, stack(0x000000f3b9600000,0x000000f3b9700000)]
  0x000002665ddbdc80 JavaThread "Service Thread" daemon [_thread_blocked, id=20600, stack(0x000000f3b9700000,0x000000f3b9800000)]
  0x000002665ddbe5b0 JavaThread "Monitor Deflation Thread" daemon [_thread_blocked, id=20604, stack(0x000000f3b9800000,0x000000f3b9900000)]
=>0x000002665ddbf210 JavaThread "C2 CompilerThread0" daemon [_thread_in_native, id=20608, stack(0x000000f3b9900000,0x000000f3b9a00000)]
  0x000002665ddc0f00 JavaThread "C1 CompilerThread0" daemon [_thread_blocked, id=20644, stack(0x000000f3b9a00000,0x000000f3b9b00000)]
  0x0000026662008070 JavaThread "Sweeper thread" daemon [_thread_blocked, id=20668, stack(0x000000f3b9b00000,0x000000f3b9c00000)]
  0x000002666206a6f0 JavaThread "Common-Cleaner" daemon [_thread_blocked, id=20708, stack(0x000000f3b9c00000,0x000000f3b9d00000)]
  0x000002666206ee80 JavaThread "Notification Thread" daemon [_thread_blocked, id=20720, stack(0x000000f3b9d00000,0x000000f3b9e00000)]
  0x00000266637d27c0 JavaThread "Daemon health stats" [_thread_blocked, id=21156, stack(0x000000f3ba200000,0x000000f3ba300000)]
  0x00000266630827e0 JavaThread "Incoming local TCP Connector on port 55484" [_thread_in_native, id=22204, stack(0x000000f3ba300000,0x000000f3ba400000)]
  0x0000026662903030 JavaThread "Daemon periodic checks" [_thread_blocked, id=14616, stack(0x000000f3ba400000,0x000000f3ba500000)]
  0x0000026662bcd9a0 JavaThread "Daemon" [_thread_blocked, id=21928, stack(0x000000f3ba500000,0x000000f3ba600000)]
  0x0000026662a451e0 JavaThread "Handler for socket connection from /127.0.0.1:55484 to /127.0.0.1:55486" [_thread_in_native, id=13480, stack(0x000000f3ba600000,0x000000f3ba700000)]
  0x000002666381de70 JavaThread "Cancel handler" [_thread_blocked, id=21568, stack(0x000000f3ba700000,0x000000f3ba800000)]
  0x0000026662a45720 JavaThread "Daemon worker" [_thread_in_Java, id=15460, stack(0x000000f3ba800000,0x000000f3ba900000)]
  0x0000026662af7ed0 JavaThread "Asynchronous log dispatcher for DefaultDaemonConnection: socket connection from /127.0.0.1:55484 to /127.0.0.1:55486" [_thread_blocked, id=21924, stack(0x000000f3ba900000,0x000000f3baa00000)]
  0x0000026662afa950 JavaThread "Daemon client event forwarder" [_thread_blocked, id=21116, stack(0x000000f3bab00000,0x000000f3bac00000)]
  0x0000026662afb3f0 JavaThread "Cache worker for journal cache (C:\Users\samee\.gradle\caches\journal-1)" [_thread_blocked, id=19964, stack(0x000000f3bac00000,0x000000f3bad00000)]
  0x0000026662af8970 JavaThread "File lock request listener" [_thread_in_native, id=22300, stack(0x000000f3bad00000,0x000000f3bae00000)]
  0x0000026662af9410 JavaThread "File lock release action executor" [_thread_blocked, id=19260, stack(0x000000f3bae00000,0x000000f3baf00000)]
  0x0000026662af8420 JavaThread "Cache worker for file hash cache (C:\Users\samee\.gradle\caches\8.0.1\fileHashes)" [_thread_blocked, id=20888, stack(0x000000f3baf00000,0x000000f3bb000000)]
  0x0000026662afa400 JavaThread "File watcher server" daemon [_thread_in_native, id=21236, stack(0x000000f3bb200000,0x000000f3bb300000)]
  0x0000026662af9960 JavaThread "File watcher consumer" daemon [_thread_blocked, id=4976, stack(0x000000f3bb300000,0x000000f3bb400000)]
  0x0000026662afaea0 JavaThread "Cache worker for checksums cache (D:\projects\React_Native\To_DO_App\android\.gradle\8.0.1\checksums)" [_thread_blocked, id=16708, stack(0x000000f3bb400000,0x000000f3bb500000)]
  0x0000026663017030 JavaThread "Cache worker for cache directory md-rule (C:\Users\samee\.gradle\caches\8.0.1\md-rule)" [_thread_blocked, id=7528, stack(0x000000f3bb500000,0x000000f3bb600000)]
  0x0000026663015050 JavaThread "Cache worker for file content cache (C:\Users\samee\.gradle\caches\8.0.1\fileContent)" [_thread_blocked, id=22620, stack(0x000000f3bb600000,0x000000f3bb700000)]
  0x0000026663015af0 JavaThread "Cache worker for file hash cache (D:\projects\React_Native\To_DO_App\android\.gradle\8.0.1\fileHashes)" [_thread_blocked, id=22924, stack(0x000000f3bb700000,0x000000f3bb800000)]
  0x0000026663014b00 JavaThread "Cache worker for cache directory md-supplier (C:\Users\samee\.gradle\caches\8.0.1\md-supplier)" [_thread_blocked, id=22952, stack(0x000000f3bb800000,0x000000f3bb900000)]
  0x00000266630155a0 JavaThread "Cache worker for execution history cache (C:\Users\samee\.gradle\caches\8.0.1\executionHistory)" [_thread_blocked, id=23164, stack(0x000000f3bb900000,0x000000f3bba00000)]
  0x0000026663014060 JavaThread "jar transforms" [_thread_blocked, id=12496, stack(0x000000f3b8a00000,0x000000f3b8b00000)]
  0x0000026663016040 JavaThread "jar transforms Thread 2" [_thread_blocked, id=23372, stack(0x000000f3b8b00000,0x000000f3b8c00000)]
  0x00000266630145b0 JavaThread "jar transforms Thread 3" [_thread_blocked, id=16616, stack(0x000000f3baa00000,0x000000f3bab00000)]
  0x0000026663016590 JavaThread "jar transforms Thread 4" [_thread_blocked, id=23132, stack(0x000000f3bba00000,0x000000f3bbb00000)]
  0x0000026662af8ec0 JavaThread "Cache worker for kotlin-dsl (C:\Users\samee\.gradle\caches\8.0.1\kotlin-dsl)" [_thread_blocked, id=7220, stack(0x000000f3bb000000,0x000000f3bb100000)]
  0x0000026664766950 JavaThread "Cache worker for dependencies-accessors (D:\projects\React_Native\To_DO_App\android\.gradle\8.0.1\dependencies-accessors)" [_thread_blocked, id=15556, stack(0x000000f3bbb00000,0x000000f3bbc00000)]
  0x00000266647673f0 JavaThread "Cache worker for Build Output Cleanup Cache (D:\projects\React_Native\To_DO_App\node_modules\@react-native\gradle-plugin\.gradle\buildOutputCleanup)" [_thread_blocked, id=24004, stack(0x000000f3bbc00000,0x000000f3bbd00000)]
  0x0000026664764ec0 JavaThread "Unconstrained build operations" [_thread_blocked, id=22776, stack(0x000000f3bb100000,0x000000f3bb200000)]
  0x00000266647609b0 JavaThread "Unconstrained build operations Thread 2" [_thread_blocked, id=22708, stack(0x000000f3bbd00000,0x000000f3bbe00000)]
  0x0000026664760460 JavaThread "Unconstrained build operations Thread 3" [_thread_blocked, id=24408, stack(0x000000f3bbe00000,0x000000f3bbf00000)]
  0x000002666475ff10 JavaThread "Unconstrained build operations Thread 4" [_thread_blocked, id=22656, stack(0x000000f3bbf00000,0x000000f3bc000000)]
  0x0000026664765410 JavaThread "Unconstrained build operations Thread 5" [_thread_blocked, id=24516, stack(0x000000f3bc000000,0x000000f3bc100000)]
  0x0000026664762440 JavaThread "Unconstrained build operations Thread 6" [_thread_blocked, id=24552, stack(0x000000f3bc100000,0x000000f3bc200000)]
  0x0000026664766ea0 JavaThread "Unconstrained build operations Thread 7" [_thread_blocked, id=24108, stack(0x000000f3bc200000,0x000000f3bc300000)]
  0x0000026664765eb0 JavaThread "Unconstrained build operations Thread 8" [_thread_blocked, id=11944, stack(0x000000f3bc300000,0x000000f3bc400000)]
  0x0000026664760f00 JavaThread "Unconstrained build operations Thread 9" [_thread_blocked, id=4680, stack(0x000000f3bc400000,0x000000f3bc500000)]
  0x0000026664764420 JavaThread "Unconstrained build operations Thread 10" [_thread_blocked, id=18868, stack(0x000000f3bc500000,0x000000f3bc600000)]
  0x0000026664767940 JavaThread "Unconstrained build operations Thread 11" [_thread_blocked, id=12736, stack(0x000000f3bc600000,0x000000f3bc700000)]
  0x0000026664762ee0 JavaThread "Unconstrained build operations Thread 12" [_thread_blocked, id=16604, stack(0x000000f3bc700000,0x000000f3bc800000)]
  0x0000026664761450 JavaThread "Unconstrained build operations Thread 13" [_thread_blocked, id=24208, stack(0x000000f3bc800000,0x000000f3bc900000)]
  0x00000266647619a0 JavaThread "Unconstrained build operations Thread 14" [_thread_blocked, id=24224, stack(0x000000f3bc900000,0x000000f3bca00000)]
  0x0000026664762990 JavaThread "Unconstrained build operations Thread 15" [_thread_blocked, id=20984, stack(0x000000f3bca00000,0x000000f3bcb00000)]
  0x0000026664761ef0 JavaThread "Unconstrained build operations Thread 16" [_thread_blocked, id=23620, stack(0x000000f3bcb00000,0x000000f3bcc00000)]
  0x0000026664766400 JavaThread "Unconstrained build operations Thread 17" [_thread_blocked, id=21044, stack(0x000000f3bcc00000,0x000000f3bcd00000)]
  0x0000026664763430 JavaThread "Unconstrained build operations Thread 18" [_thread_blocked, id=24368, stack(0x000000f3bcd00000,0x000000f3bce00000)]
  0x0000026664763980 JavaThread "Unconstrained build operations Thread 19" [_thread_blocked, id=15592, stack(0x000000f3bce00000,0x000000f3bcf00000)]
  0x0000026664763ed0 JavaThread "Unconstrained build operations Thread 20" [_thread_blocked, id=17060, stack(0x000000f3bcf00000,0x000000f3bd000000)]
  0x0000026664764970 JavaThread "Unconstrained build operations Thread 21" [_thread_blocked, id=22900, stack(0x000000f3bd000000,0x000000f3bd100000)]
  0x0000026664765960 JavaThread "Unconstrained build operations Thread 22" [_thread_blocked, id=22996, stack(0x000000f3bd100000,0x000000f3bd200000)]
  0x00000266627636f0 JavaThread "Unconstrained build operations Thread 23" [_thread_blocked, id=23152, stack(0x000000f3bd200000,0x000000f3bd300000)]
  0x0000026662764190 JavaThread "Unconstrained build operations Thread 24" [_thread_blocked, id=22780, stack(0x000000f3bd300000,0x000000f3bd400000)]
  0x0000026662763c40 JavaThread "Unconstrained build operations Thread 25" [_thread_blocked, id=6536, stack(0x000000f3bd400000,0x000000f3bd500000)]
  0x00000266627646e0 JavaThread "Unconstrained build operations Thread 26" [_thread_blocked, id=23492, stack(0x000000f3bd500000,0x000000f3bd600000)]
  0x0000026662767c00 JavaThread "Memory manager" [_thread_blocked, id=24196, stack(0x000000f3bd600000,0x000000f3bd700000)]
  0x000002666276a130 JavaThread "Cache worker for Build Output Cleanup Cache (D:\projects\React_Native\To_DO_App\android\.gradle\buildOutputCleanup)" [_thread_blocked, id=16136, stack(0x000000f3bd700000,0x000000f3bd800000)]
  0x00000266627686a0 JavaThread "included builds" [_thread_blocked, id=11468, stack(0x000000f3bd800000,0x000000f3bd900000)]
  0x0000026662768bf0 JavaThread "Execution worker" [_thread_blocked, id=18176, stack(0x000000f3bd900000,0x000000f3bda00000)]
  0x0000026662769690 JavaThread "Execution worker Thread 2" [_thread_blocked, id=22544, stack(0x000000f3bda00000,0x000000f3bdb00000)]
  0x0000026662769be0 JavaThread "Execution worker Thread 3" [_thread_blocked, id=18344, stack(0x000000f3bdb00000,0x000000f3bdc00000)]
  0x0000026662767160 JavaThread "Cache worker for execution history cache (D:\projects\React_Native\To_DO_App\node_modules\@react-native\gradle-plugin\.gradle\8.0.1\executionHistory)" [_thread_blocked, id=14648, stack(0x000000f3bdc00000,0x000000f3bdd00000)]
  0x0000026662765180 JavaThread "Unconstrained build operations Thread 27" [_thread_blocked, id=4516, stack(0x000000f3bdd00000,0x000000f3bde00000)]
  0x000002666276a680 JavaThread "Unconstrained build operations Thread 28" [_thread_blocked, id=20352, stack(0x000000f3bde00000,0x000000f3bdf00000)]
  0x0000026662765c20 JavaThread "Unconstrained build operations Thread 29" [_thread_blocked, id=21960, stack(0x000000f3bdf00000,0x000000f3be000000)]
  0x0000026662762c50 JavaThread "Unconstrained build operations Thread 30" [_thread_blocked, id=24176, stack(0x000000f3be000000,0x000000f3be100000)]
  0x00000266627631a0 JavaThread "Unconstrained build operations Thread 31" [_thread_blocked, id=24548, stack(0x000000f3be100000,0x000000f3be200000)]
  0x0000026662766170 JavaThread "Unconstrained build operations Thread 32" [_thread_blocked, id=21652, stack(0x000000f3be200000,0x000000f3be300000)]
  0x00000266627666c0 JavaThread "Unconstrained build operations Thread 33" [_thread_blocked, id=18916, stack(0x000000f3be300000,0x000000f3be400000)]
  0x0000026662766c10 JavaThread "Unconstrained build operations Thread 34" [_thread_blocked, id=19416, stack(0x000000f3be400000,0x000000f3be500000)]
  0x00000266627676b0 JavaThread "Unconstrained build operations Thread 35" [_thread_blocked, id=19716, stack(0x000000f3be500000,0x000000f3be600000)]
  0x0000026662db09f0 JavaThread "Unconstrained build operations Thread 36" [_thread_blocked, id=22304, stack(0x000000f3be600000,0x000000f3be700000)]
  0x0000026662daef60 JavaThread "Unconstrained build operations Thread 37" [_thread_blocked, id=24344, stack(0x000000f3be700000,0x000000f3be800000)]
  0x0000026662db1f30 JavaThread "Unconstrained build operations Thread 38" [_thread_blocked, id=23548, stack(0x000000f3be800000,0x000000f3be900000)]
  0x0000026662db19e0 JavaThread "Unconstrained build operations Thread 39" [_thread_blocked, id=19700, stack(0x000000f3be900000,0x000000f3bea00000)]
  0x0000026662db39c0 JavaThread "Unconstrained build operations Thread 40" [_thread_blocked, id=17468, stack(0x000000f3bea00000,0x000000f3beb00000)]

Other Threads:
  0x000002665dd9a850 VMThread "VM Thread" [stack: 0x000000f3b9200000,0x000000f3b9300000] [id=20484]
  0x000002666206f3c0 WatcherThread "VM Periodic Task Thread" [stack: 0x000000f3b9e00000,0x000000f3b9f00000] [id=20724]
  0x000002663debfb40 WorkerThread "GC Thread#0" [stack: 0x000000f3b8d00000,0x000000f3b8e00000] [id=10832]
  0x000002666225a1f0 WorkerThread "GC Thread#1" [stack: 0x000000f3b9f00000,0x000000f3ba000000] [id=20736]
  0x000002666225a4c0 WorkerThread "GC Thread#2" [stack: 0x000000f3ba000000,0x000000f3ba100000] [id=20728]
  0x000002666288c030 WorkerThread "GC Thread#3" [stack: 0x000000f3ba100000,0x000000f3ba200000] [id=21956]
  0x000002663ded19c0 ConcurrentGCThread "G1 Main Marker" [stack: 0x000000f3b8e00000,0x000000f3b8f00000] [id=9092]
  0x000002663ded2300 WorkerThread "G1 Conc#0" [stack: 0x000000f3b8f00000,0x000000f3b9000000] [id=19800]
  0x000002663df2e6e0 ConcurrentGCThread "G1 Refine#0" [stack: 0x000000f3b9000000,0x000000f3b9100000] [id=19604]
  0x000002665dc54220 ConcurrentGCThread "G1 Service" [stack: 0x000000f3b9100000,0x000000f3b9200000] [id=19676]

Threads with active compile tasks:
C2 CompilerThread0   310519 9440       4       java.lang.reflect.Constructor::newInstanceWithCaller (51 bytes)

VM state: not at safepoint (normal execution)

VM Mutex/Monitor currently owned by a thread: None

Heap address: 0x0000000080000000, size: 2048 MB, Compressed Oops mode: 32-bit

CDS archive(s) mapped at: [0x0000000800000000-0x0000000800c40000-0x0000000800c40000), size 12845056, SharedBaseAddress: 0x0000000800000000, ArchiveRelocationMode: 0.
Compressed class space mapped at: 0x0000000801000000-0x000000081ac00000, reserved size: 432013312
Narrow klass base: 0x0000000800000000, Narrow klass shift: 0, Narrow klass range: 0x100000000

GC Precious Log:
 CardTable entry size: 512
 Card Set container configuration: InlinePtr #cards 5 size 8 Array Of Cards #cards 12 size 40 Howl #buckets 4 coarsen threshold 1843 Howl Bitmap #cards 512 size 80 coarsen threshold 460 Card regions per heap region 1 cards per card region 2048
 CPUs: 4 total, 4 available
 Memory: 8067M
 Large Page Support: Disabled
 NUMA Support: Disabled
 Compressed Oops: Enabled (32-bit)
 Heap Region Size: 1M
 Heap Min Capacity: 8M
 Heap Initial Capacity: 128M
 Heap Max Capacity: 2G
 Pre-touch: Disabled
 Parallel Workers: 4
 Concurrent Workers: 1
 Concurrent Refinement Workers: 4
 Periodic GC: Disabled

Heap:
 garbage-first heap   total 99328K, used 72136K [0x0000000080000000, 0x0000000100000000)
  region size 1024K, 11 young (11264K), 2 survivors (2048K)
 Metaspace       used 71010K, committed 72960K, reserved 487424K
  class space    used 9580K, committed 10560K, reserved 421888K

Heap Regions: E=young(eden), S=young(survivor), O=old, HS=humongous(starts), HC=humongous(continues), CS=collection set, F=free, OA=open archive, CA=closed archive, TAMS=top-at-mark-start (previous, next)
|   0|0x0000000080000000, 0x0000000080100000, 0x0000000080100000|100%| O|  |TAMS 0x0000000080100000, 0x0000000080000000| Untracked 
|   1|0x0000000080100000, 0x0000000080200000, 0x0000000080200000|100%| O|  |TAMS 0x0000000080200000, 0x0000000080100000| Untracked 
|   2|0x0000000080200000, 0x0000000080300000, 0x0000000080300000|100%|HS|  |TAMS 0x0000000080300000, 0x0000000080200000| Complete 
|   3|0x0000000080300000, 0x0000000080400000, 0x0000000080400000|100%|HC|  |TAMS 0x0000000080400000, 0x0000000080300000| Complete 
|   4|0x0000000080400000, 0x0000000080500000, 0x0000000080500000|100%|HC|  |TAMS 0x0000000080500000, 0x0000000080400000| Complete 
|   5|0x0000000080500000, 0x0000000080600000, 0x0000000080600000|100%|HC|  |TAMS 0x0000000080600000, 0x0000000080500000| Complete 
|   6|0x0000000080600000, 0x0000000080700000, 0x0000000080700000|100%| O|  |TAMS 0x0000000080700000, 0x0000000080600000| Untracked 
|   7|0x0000000080700000, 0x0000000080800000, 0x0000000080800000|100%| O|  |TAMS 0x0000000080800000, 0x0000000080700000| Untracked 
|   8|0x0000000080800000, 0x0000000080900000, 0x0000000080900000|100%| O|  |TAMS 0x0000000080900000, 0x0000000080800000| Untracked 
|   9|0x0000000080900000, 0x0000000080a00000, 0x0000000080a00000|100%| O|  |TAMS 0x0000000080a00000, 0x0000000080900000| Untracked 
|  10|0x0000000080a00000, 0x0000000080b00000, 0x0000000080b00000|100%| O|  |TAMS 0x0000000080b00000, 0x0000000080a00000| Untracked 
|  11|0x0000000080b00000, 0x0000000080c00000, 0x0000000080c00000|100%|HS|  |TAMS 0x0000000080b00000, 0x0000000080b00000| Complete 
|  12|0x0000000080c00000, 0x0000000080d00000, 0x0000000080d00000|100%| O|  |TAMS 0x0000000080d00000, 0x0000000080c00000| Untracked 
|  13|0x0000000080d00000, 0x0000000080e00000, 0x0000000080e00000|100%| O|  |TAMS 0x0000000080e00000, 0x0000000080d00000| Untracked 
|  14|0x0000000080e00000, 0x0000000080f00000, 0x0000000080f00000|100%| O|  |TAMS 0x0000000080f00000, 0x0000000080e00000| Untracked 
|  15|0x0000000080f00000, 0x0000000081000000, 0x0000000081000000|100%| O|  |TAMS 0x0000000081000000, 0x0000000080f00000| Untracked 
|  16|0x0000000081000000, 0x0000000081100000, 0x0000000081100000|100%| O|  |TAMS 0x0000000081100000, 0x0000000081000000| Untracked 
|  17|0x0000000081100000, 0x0000000081200000, 0x0000000081200000|100%| O|  |TAMS 0x0000000081200000, 0x0000000081100000| Untracked 
|  18|0x0000000081200000, 0x0000000081300000, 0x0000000081300000|100%| O|  |TAMS 0x0000000081300000, 0x0000000081200000| Untracked 
|  19|0x0000000081300000, 0x0000000081400000, 0x0000000081400000|100%| O|  |TAMS 0x0000000081400000, 0x0000000081300000| Untracked 
|  20|0x0000000081400000, 0x0000000081500000, 0x0000000081500000|100%| O|  |TAMS 0x0000000081500000, 0x0000000081400000| Untracked 
|  21|0x0000000081500000, 0x0000000081600000, 0x0000000081600000|100%| O|  |TAMS 0x0000000081600000, 0x0000000081500000| Untracked 
|  22|0x0000000081600000, 0x0000000081700000, 0x0000000081700000|100%| O|  |TAMS 0x0000000081700000, 0x0000000081600000| Untracked 
|  23|0x0000000081700000, 0x0000000081800000, 0x0000000081800000|100%| O|  |TAMS 0x0000000081800000, 0x0000000081700000| Untracked 
|  24|0x0000000081800000, 0x0000000081900000, 0x0000000081900000|100%| O|  |TAMS 0x0000000081900000, 0x0000000081800000| Untracked 
|  25|0x0000000081900000, 0x0000000081a00000, 0x0000000081a00000|100%| O|  |TAMS 0x0000000081a00000, 0x0000000081900000| Untracked 
|  26|0x0000000081a00000, 0x0000000081b00000, 0x0000000081b00000|100%| O|  |TAMS 0x0000000081b00000, 0x0000000081a00000| Untracked 
|  27|0x0000000081b00000, 0x0000000081c00000, 0x0000000081c00000|100%| O|  |TAMS 0x0000000081c00000, 0x0000000081b00000| Untracked 
|  28|0x0000000081c00000, 0x0000000081d00000, 0x0000000081d00000|100%| O|  |TAMS 0x0000000081d00000, 0x0000000081c00000| Untracked 
|  29|0x0000000081d00000, 0x0000000081e00000, 0x0000000081e00000|100%| O|  |TAMS 0x0000000081e00000, 0x0000000081d00000| Untracked 
|  30|0x0000000081e00000, 0x0000000081f00000, 0x0000000081f00000|100%| O|  |TAMS 0x0000000081f00000, 0x0000000081e00000| Untracked 
|  31|0x0000000081f00000, 0x0000000082000000, 0x0000000082000000|100%| O|  |TAMS 0x0000000081f5ce00, 0x0000000081f00000| Untracked 
|  32|0x0000000082000000, 0x0000000082100000, 0x0000000082100000|100%| O|  |TAMS 0x0000000082100000, 0x0000000082000000| Untracked 
|  33|0x0000000082100000, 0x0000000082200000, 0x0000000082200000|100%|HS|  |TAMS 0x0000000082200000, 0x0000000082100000| Complete 
|  34|0x0000000082200000, 0x0000000082300000, 0x0000000082300000|100%|HC|  |TAMS 0x0000000082300000, 0x0000000082200000| Complete 
|  35|0x0000000082300000, 0x0000000082400000, 0x0000000082400000|100%|HS|  |TAMS 0x0000000082400000, 0x0000000082300000| Complete 
|  36|0x0000000082400000, 0x0000000082500000, 0x0000000082500000|100%|HC|  |TAMS 0x0000000082500000, 0x0000000082400000| Complete 
|  37|0x0000000082500000, 0x0000000082600000, 0x0000000082600000|100%|HC|  |TAMS 0x0000000082600000, 0x0000000082500000| Complete 
|  38|0x0000000082600000, 0x0000000082700000, 0x0000000082700000|100%|HC|  |TAMS 0x0000000082700000, 0x0000000082600000| Complete 
|  39|0x0000000082700000, 0x0000000082800000, 0x0000000082800000|100%| O|  |TAMS 0x0000000082800000, 0x0000000082700000| Untracked 
|  40|0x0000000082800000, 0x0000000082900000, 0x0000000082900000|100%| O|  |TAMS 0x0000000082900000, 0x0000000082800000| Untracked 
|  41|0x0000000082900000, 0x0000000082a00000, 0x0000000082a00000|100%| O|  |TAMS 0x0000000082a00000, 0x0000000082900000| Untracked 
|  42|0x0000000082a00000, 0x0000000082b00000, 0x0000000082b00000|100%| O|  |TAMS 0x0000000082b00000, 0x0000000082a00000| Untracked 
|  43|0x0000000082b00000, 0x0000000082c00000, 0x0000000082c00000|100%| O|  |TAMS 0x0000000082c00000, 0x0000000082b00000| Untracked 
|  44|0x0000000082c00000, 0x0000000082d00000, 0x0000000082d00000|100%| O|  |TAMS 0x0000000082d00000, 0x0000000082c00000| Untracked 
|  45|0x0000000082d00000, 0x0000000082e00000, 0x0000000082e00000|100%| O|  |TAMS 0x0000000082e00000, 0x0000000082d00000| Untracked 
|  46|0x0000000082e00000, 0x0000000082f00000, 0x0000000082f00000|100%| O|  |TAMS 0x0000000082f00000, 0x0000000082e00000| Untracked 
|  47|0x0000000082f00000, 0x0000000083000000, 0x0000000083000000|100%| O|  |TAMS 0x0000000083000000, 0x0000000082f00000| Untracked 
|  48|0x0000000083000000, 0x0000000083100000, 0x0000000083100000|100%| O|  |TAMS 0x0000000083100000, 0x0000000083000000| Untracked 
|  49|0x0000000083100000, 0x0000000083200000, 0x0000000083200000|100%| O|  |TAMS 0x0000000083200000, 0x0000000083100000| Untracked 
|  50|0x0000000083200000, 0x0000000083300000, 0x0000000083300000|100%| O|  |TAMS 0x0000000083200000, 0x0000000083200000| Untracked 
|  51|0x0000000083300000, 0x0000000083400000, 0x0000000083400000|100%| O|  |TAMS 0x0000000083300000, 0x0000000083300000| Untracked 
|  52|0x0000000083400000, 0x0000000083500000, 0x0000000083500000|100%| O|  |TAMS 0x0000000083400000, 0x0000000083400000| Untracked 
|  53|0x0000000083500000, 0x0000000083600000, 0x0000000083600000|100%| O|  |TAMS 0x0000000083500000, 0x0000000083500000| Untracked 
|  54|0x0000000083600000, 0x0000000083700000, 0x0000000083700000|100%| O|  |TAMS 0x0000000083600000, 0x0000000083600000| Untracked 
|  55|0x0000000083700000, 0x0000000083800000, 0x0000000083800000|100%| O|  |TAMS 0x0000000083700000, 0x0000000083700000| Untracked 
|  56|0x0000000083800000, 0x0000000083900000, 0x0000000083900000|100%| O|  |TAMS 0x0000000083800000, 0x0000000083800000| Untracked 
|  57|0x0000000083900000, 0x0000000083a00000, 0x0000000083a00000|100%| O|  |TAMS 0x0000000083900000, 0x0000000083900000| Untracked 
|  58|0x0000000083a00000, 0x0000000083b00000, 0x0000000083b00000|100%| O|  |TAMS 0x0000000083a00000, 0x0000000083a00000| Untracked 
|  59|0x0000000083b00000, 0x0000000083c00000, 0x0000000083c00000|100%|HS|  |TAMS 0x0000000083b00000, 0x0000000083b00000| Complete 
|  60|0x0000000083c00000, 0x0000000083d00000, 0x0000000083d00000|100%| O|  |TAMS 0x0000000083c00000, 0x0000000083c00000| Untracked 
|  61|0x0000000083d00000, 0x0000000083dcb800, 0x0000000083e00000| 79%| O|  |TAMS 0x0000000083d00000, 0x0000000083d00000| Untracked 
|  62|0x0000000083e00000, 0x0000000083e00000, 0x0000000083f00000|  0%| F|  |TAMS 0x0000000083e00000, 0x0000000083e00000| Untracked 
|  63|0x0000000083f00000, 0x0000000083f00000, 0x0000000084000000|  0%| F|  |TAMS 0x0000000083f00000, 0x0000000083f00000| Untracked 
|  64|0x0000000084000000, 0x0000000084000000, 0x0000000084100000|  0%| F|  |TAMS 0x0000000084000000, 0x0000000084000000| Untracked 
|  65|0x0000000084100000, 0x0000000084100000, 0x0000000084200000|  0%| F|  |TAMS 0x0000000084100000, 0x0000000084100000| Untracked 
|  66|0x0000000084200000, 0x0000000084200000, 0x0000000084300000|  0%| F|  |TAMS 0x0000000084200000, 0x0000000084200000| Untracked 
|  67|0x0000000084300000, 0x0000000084300000, 0x0000000084400000|  0%| F|  |TAMS 0x0000000084300000, 0x0000000084300000| Untracked 
|  68|0x0000000084400000, 0x0000000084400000, 0x0000000084500000|  0%| F|  |TAMS 0x0000000084400000, 0x0000000084400000| Untracked 
|  69|0x0000000084500000, 0x0000000084500000, 0x0000000084600000|  0%| F|  |TAMS 0x0000000084500000, 0x0000000084500000| Untracked 
|  70|0x0000000084600000, 0x0000000084600000, 0x0000000084700000|  0%| F|  |TAMS 0x0000000084600000, 0x0000000084600000| Untracked 
|  71|0x0000000084700000, 0x0000000084700000, 0x0000000084800000|  0%| F|  |TAMS 0x0000000084700000, 0x0000000084700000| Untracked 
|  72|0x0000000084800000, 0x0000000084800000, 0x0000000084900000|  0%| F|  |TAMS 0x0000000084800000, 0x0000000084800000| Untracked 
|  73|0x0000000084900000, 0x0000000084900000, 0x0000000084a00000|  0%| F|  |TAMS 0x0000000084900000, 0x0000000084900000| Untracked 
|  74|0x0000000084a00000, 0x0000000084a00000, 0x0000000084b00000|  0%| F|  |TAMS 0x0000000084a00000, 0x0000000084a00000| Untracked 
|  75|0x0000000084b00000, 0x0000000084b00000, 0x0000000084c00000|  0%| F|  |TAMS 0x0000000084b00000, 0x0000000084b00000| Untracked 
|  76|0x0000000084c00000, 0x0000000084c00000, 0x0000000084d00000|  0%| F|  |TAMS 0x0000000084c00000, 0x0000000084c00000| Untracked 
|  77|0x0000000084d00000, 0x0000000084da6b60, 0x0000000084e00000| 65%| S|CS|TAMS 0x0000000084d00000, 0x0000000084d00000| Complete 
|  78|0x0000000084e00000, 0x0000000084f00000, 0x0000000084f00000|100%| S|CS|TAMS 0x0000000084e00000, 0x0000000084e00000| Complete 
|  79|0x0000000084f00000, 0x0000000084f00000, 0x0000000085000000|  0%| F|  |TAMS 0x0000000084f00000, 0x0000000084f00000| Untracked 
|  80|0x0000000085000000, 0x0000000085000000, 0x0000000085100000|  0%| F|  |TAMS 0x0000000085000000, 0x0000000085000000| Untracked 
|  81|0x0000000085100000, 0x0000000085100000, 0x0000000085200000|  0%| F|  |TAMS 0x0000000085100000, 0x0000000085100000| Untracked 
|  82|0x0000000085200000, 0x0000000085200000, 0x0000000085300000|  0%| F|  |TAMS 0x0000000085200000, 0x0000000085200000| Untracked 
|  83|0x0000000085300000, 0x0000000085300000, 0x0000000085400000|  0%| F|  |TAMS 0x0000000085300000, 0x0000000085300000| Untracked 
|  84|0x0000000085400000, 0x0000000085400000, 0x0000000085500000|  0%| F|  |TAMS 0x0000000085400000, 0x0000000085400000| Untracked 
|  85|0x0000000085500000, 0x0000000085500000, 0x0000000085600000|  0%| F|  |TAMS 0x0000000085500000, 0x0000000085500000| Untracked 
|  86|0x0000000085600000, 0x0000000085600000, 0x0000000085700000|  0%| F|  |TAMS 0x0000000085600000, 0x0000000085600000| Untracked 
|  87|0x0000000085700000, 0x0000000085700000, 0x0000000085800000|  0%| F|  |TAMS 0x0000000085700000, 0x0000000085700000| Untracked 
|  88|0x0000000085800000, 0x00000000858b97b8, 0x0000000085900000| 72%| E|  |TAMS 0x0000000085800000, 0x0000000085800000| Complete 
|  89|0x0000000085900000, 0x0000000085a00000, 0x0000000085a00000|100%| E|CS|TAMS 0x0000000085900000, 0x0000000085900000| Complete 
|  90|0x0000000085a00000, 0x0000000085b00000, 0x0000000085b00000|100%| E|CS|TAMS 0x0000000085a00000, 0x0000000085a00000| Complete 
|  91|0x0000000085b00000, 0x0000000085c00000, 0x0000000085c00000|100%| E|  |TAMS 0x0000000085b00000, 0x0000000085b00000| Complete 
|  92|0x0000000085c00000, 0x0000000085d00000, 0x0000000085d00000|100%| E|CS|TAMS 0x0000000085c00000, 0x0000000085c00000| Complete 
| 110|0x0000000086e00000, 0x0000000086f00000, 0x0000000086f00000|100%| E|CS|TAMS 0x0000000086e00000, 0x0000000086e00000| Complete 
| 111|0x0000000086f00000, 0x0000000087000000, 0x0000000087000000|100%| E|CS|TAMS 0x0000000086f00000, 0x0000000086f00000| Complete 
| 126|0x0000000087e00000, 0x0000000087f00000, 0x0000000087f00000|100%| E|CS|TAMS 0x0000000087e00000, 0x0000000087e00000| Complete 
| 127|0x0000000087f00000, 0x0000000088000000, 0x0000000088000000|100%| E|CS|TAMS 0x0000000087f00000, 0x0000000087f00000| Complete 

Card table byte_map: [0x0000026656ff0000,0x00000266573f0000] _byte_map_base: 0x0000026656bf0000

Marking Bits (Prev, Next): (CMBitMap*) 0x000002663dec10d0, (CMBitMap*) 0x000002663dec1090
 Prev Bits: [0x00000266597f0000, 0x000002665b7f0000)
 Next Bits: [0x00000266577f0000, 0x00000266597f0000)

Polling page: 0x000002663dcf0000

Metaspace:

Usage:
  Non-class:     59.99 MB used.
      Class:      9.36 MB used.
       Both:     69.35 MB used.

Virtual space:
  Non-class space:       64.00 MB reserved,      60.94 MB ( 95%) committed,  1 nodes.
      Class space:      412.00 MB reserved,      10.31 MB (  3%) committed,  1 nodes.
             Both:      476.00 MB reserved,      71.25 MB ( 15%) committed. 

Chunk freelists:
   Non-Class:  2.91 MB
       Class:  1.66 MB
        Both:  4.56 MB

MaxMetaspaceSize: 512.00 MB
CompressedClassSpaceSize: 412.00 MB
Initial GC threshold: 21.00 MB
Current GC threshold: 109.06 MB
CDS: on
MetaspaceReclaimPolicy: balanced
 - commit_granule_bytes: 65536.
 - commit_granule_words: 8192.
 - virtual_space_node_default_size: 8388608.
 - enlarge_chunks_in_place: 1.
 - new_chunks_are_fully_committed: 0.
 - uncommit_free_chunks: 1.
 - use_allocation_guard: 0.


Internal statistics:

num_allocs_failed_limit: 6.
num_arena_births: 3388.
num_arena_deaths: 0.
num_vsnodes_births: 2.
num_vsnodes_deaths: 0.
num_space_committed: 1140.
num_space_uncommitted: 0.
num_chunks_returned_to_freelist: 6.
num_chunks_taken_from_freelist: 6738.
num_chunk_merges: 6.
num_chunk_splits: 4376.
num_chunks_enlarged: 2688.
num_inconsistent_stats: 0.

CodeHeap 'non-profiled nmethods': size=120000Kb used=4668Kb max_used=4668Kb free=115331Kb
 bounds [0x000002664f0a0000, 0x000002664f530000, 0x00000266565d0000]
CodeHeap 'profiled nmethods': size=120000Kb used=17103Kb max_used=17103Kb free=102896Kb
 bounds [0x00000266475d0000, 0x0000026648690000, 0x000002664eb00000]
CodeHeap 'non-nmethods': size=5760Kb used=2465Kb max_used=2543Kb free=3294Kb
 bounds [0x000002664eb00000, 0x000002664eda0000, 0x000002664f0a0000]
 total_blobs=9499 nmethods=8586 adapters=823
 compilation: enabled
              stopped_count=0, restarted_count=0
 full_count=0

Compilation events (20 events):
Event: 310.380 Thread 0x000002665ddc0f00 nmethod 9439 0x000002664867f710 code [0x000002664867f8c0, 0x000002664867fb58]
Event: 310.380 Thread 0x000002665ddbf210 9440       4       java.lang.reflect.Constructor::newInstanceWithCaller (51 bytes)
Event: 310.381 Thread 0x000002665ddc0f00 9442       3       org.gradle.api.internal.provider.ValueSupplier$Value::ofNullable (23 bytes)
Event: 310.382 Thread 0x000002665ddc0f00 nmethod 9442 0x000002664867fc90 code [0x000002664867fe60, 0x0000026648680258]
Event: 310.382 Thread 0x000002665ddc0f00 9443       3       org.gradle.internal.service.DefaultServiceRegistry::add (23 bytes)
Event: 310.383 Thread 0x000002665ddc0f00 nmethod 9443 0x0000026648680410 code [0x0000026648680680, 0x0000026648681218]
Event: 310.384 Thread 0x000002665ddc0f00 9444       3       com.google.common.collect.RegularImmutableList::internalArrayEnd (6 bytes)
Event: 310.384 Thread 0x000002665ddc0f00 nmethod 9444 0x0000026648681690 code [0x0000026648681820, 0x0000026648681938]
Event: 310.385 Thread 0x000002665ddc0f00 9445       3       com.google.common.reflect.TypeToken::of (9 bytes)
Event: 310.385 Thread 0x000002665ddc0f00 nmethod 9445 0x0000026648681a10 code [0x0000026648681c00, 0x0000026648682208]
Event: 310.386 Thread 0x000002665ddc0f00 9446       3       org.gradle.internal.event.ListenerBroadcast::getSource (35 bytes)
Event: 310.386 Thread 0x000002665ddc0f00 nmethod 9446 0x0000026648682410 code [0x00000266486825c0, 0x00000266486828e8]
Event: 310.388 Thread 0x000002665ddc0f00 9447       3       java.lang.Class::isMemberClass (20 bytes)
Event: 310.388 Thread 0x000002665ddc0f00 nmethod 9447 0x0000026648682a10 code [0x0000026648682be0, 0x0000026648682f28]
Event: 310.389 Thread 0x000002665ddc0f00 9448       3       org.gradle.api.internal.provider.ValueSupplier$Present::get (9 bytes)
Event: 310.389 Thread 0x000002665ddc0f00 nmethod 9448 0x0000026648683090 code [0x0000026648683240, 0x00000266486834c8]
Event: 310.391 Thread 0x000002665ddc0f00 9449       1       org.gradle.api.internal.provider.ValueSupplier$Missing::orNull (2 bytes)
Event: 310.391 Thread 0x000002665ddc0f00 nmethod 9449 0x000002664f52f090 code [0x000002664f52f220, 0x000002664f52f2f8]
Event: 310.391 Thread 0x000002665ddc0f00 9450       3       java.lang.Class::isLocalClass (27 bytes)
Event: 310.391 Thread 0x000002665ddc0f00 nmethod 9450 0x0000026648683610 code [0x0000026648683800, 0x0000026648683bb8]

GC Heap History (20 events):
Event: 228.938 GC heap before
{Heap before GC invocations=20 (full 0):
 garbage-first heap   total 86016K, used 69711K [0x0000000080000000, 0x0000000100000000)
  region size 1024K, 23 young (23552K), 1 survivors (1024K)
 Metaspace       used 58378K, committed 60160K, reserved 487424K
  class space    used 7993K, committed 8896K, reserved 421888K
}
Event: 228.942 GC heap after
{Heap after GC invocations=21 (full 0):
 garbage-first heap   total 86016K, used 50236K [0x0000000080000000, 0x0000000100000000)
  region size 1024K, 3 young (3072K), 3 survivors (3072K)
 Metaspace       used 58378K, committed 60160K, reserved 487424K
  class space    used 7993K, committed 8896K, reserved 421888K
}
Event: 242.274 GC heap before
{Heap before GC invocations=22 (full 0):
 garbage-first heap   total 92160K, used 68668K [0x0000000080000000, 0x0000000100000000)
  region size 1024K, 22 young (22528K), 3 survivors (3072K)
 Metaspace       used 59585K, committed 61376K, reserved 487424K
  class space    used 8145K, committed 9088K, reserved 421888K
}
Event: 242.279 GC heap after
{Heap after GC invocations=23 (full 0):
 garbage-first heap   total 92160K, used 50513K [0x0000000080000000, 0x0000000100000000)
  region size 1024K, 1 young (1024K), 1 survivors (1024K)
 Metaspace       used 59585K, committed 61376K, reserved 487424K
  class space    used 8145K, committed 9088K, reserved 421888K
}
Event: 242.863 GC heap before
{Heap before GC invocations=23 (full 0):
 garbage-first heap   total 92160K, used 53585K [0x0000000080000000, 0x0000000100000000)
  region size 1024K, 4 young (4096K), 1 survivors (1024K)
 Metaspace       used 59949K, committed 61824K, reserved 487424K
  class space    used 8197K, committed 9152K, reserved 421888K
}
Event: 242.869 GC heap after
{Heap after GC invocations=24 (full 0):
 garbage-first heap   total 92160K, used 50408K [0x0000000080000000, 0x0000000100000000)
  region size 1024K, 1 young (1024K), 1 survivors (1024K)
 Metaspace       used 59949K, committed 61824K, reserved 487424K
  class space    used 8197K, committed 9152K, reserved 421888K
}
Event: 250.516 GC heap before
{Heap before GC invocations=24 (full 0):
 garbage-first heap   total 92160K, used 76008K [0x0000000080000000, 0x0000000100000000)
  region size 1024K, 26 young (26624K), 1 survivors (1024K)
 Metaspace       used 61639K, committed 63488K, reserved 487424K
  class space    used 8465K, committed 9408K, reserved 421888K
}
Event: 250.520 GC heap after
{Heap after GC invocations=25 (full 0):
 garbage-first heap   total 92160K, used 52295K [0x0000000080000000, 0x0000000100000000)
  region size 1024K, 3 young (3072K), 3 survivors (3072K)
 Metaspace       used 61639K, committed 63488K, reserved 487424K
  class space    used 8465K, committed 9408K, reserved 421888K
}
Event: 253.317 GC heap before
{Heap before GC invocations=25 (full 0):
 garbage-first heap   total 92160K, used 75847K [0x0000000080000000, 0x0000000100000000)
  region size 1024K, 26 young (26624K), 3 survivors (3072K)
 Metaspace       used 62992K, committed 64832K, reserved 487424K
  class space    used 8626K, committed 9600K, reserved 421888K
}
Event: 253.327 GC heap after
{Heap after GC invocations=26 (full 0):
 garbage-first heap   total 92160K, used 54643K [0x0000000080000000, 0x0000000100000000)
  region size 1024K, 4 young (4096K), 4 survivors (4096K)
 Metaspace       used 62992K, committed 64832K, reserved 487424K
  class space    used 8626K, committed 9600K, reserved 421888K
}
Event: 255.924 GC heap before
{Heap before GC invocations=26 (full 0):
 garbage-first heap   total 92160K, used 76147K [0x0000000080000000, 0x0000000100000000)
  region size 1024K, 25 young (25600K), 4 survivors (4096K)
 Metaspace       used 65109K, committed 67008K, reserved 487424K
  class space    used 8961K, committed 9920K, reserved 421888K
}
Event: 255.935 GC heap after
{Heap after GC invocations=27 (full 0):
 garbage-first heap   total 92160K, used 56910K [0x0000000080000000, 0x0000000100000000)
  region size 1024K, 3 young (3072K), 3 survivors (3072K)
 Metaspace       used 65109K, committed 67008K, reserved 487424K
  class space    used 8961K, committed 9920K, reserved 421888K
}
Event: 261.890 GC heap before
{Heap before GC invocations=28 (full 0):
 garbage-first heap   total 99328K, used 75342K [0x0000000080000000, 0x0000000100000000)
  region size 1024K, 21 young (21504K), 3 survivors (3072K)
 Metaspace       used 66683K, committed 68544K, reserved 487424K
  class space    used 9132K, committed 10112K, reserved 421888K
}
Event: 261.896 GC heap after
{Heap after GC invocations=29 (full 0):
 garbage-first heap   total 99328K, used 58952K [0x0000000080000000, 0x0000000100000000)
  region size 1024K, 3 young (3072K), 3 survivors (3072K)
 Metaspace       used 66683K, committed 68544K, reserved 487424K
  class space    used 9132K, committed 10112K, reserved 421888K
}
Event: 261.908 GC heap before
{Heap before GC invocations=29 (full 0):
 garbage-first heap   total 99328K, used 59976K [0x0000000080000000, 0x0000000100000000)
  region size 1024K, 4 young (4096K), 3 survivors (3072K)
 Metaspace       used 66691K, committed 68608K, reserved 487424K
  class space    used 9132K, committed 10112K, reserved 421888K
}
Event: 261.915 GC heap after
{Heap after GC invocations=30 (full 0):
 garbage-first heap   total 99328K, used 59200K [0x0000000080000000, 0x0000000100000000)
  region size 1024K, 1 young (1024K), 1 survivors (1024K)
 Metaspace       used 66691K, committed 68608K, reserved 487424K
  class space    used 9132K, committed 10112K, reserved 421888K
}
Event: 303.400 GC heap before
{Heap before GC invocations=30 (full 0):
 garbage-first heap   total 99328K, used 82752K [0x0000000080000000, 0x0000000100000000)
  region size 1024K, 23 young (23552K), 1 survivors (1024K)
 Metaspace       used 66962K, committed 68800K, reserved 487424K
  class space    used 9159K, committed 10112K, reserved 421888K
}
Event: 303.403 GC heap after
{Heap after GC invocations=31 (full 0):
 garbage-first heap   total 99328K, used 63076K [0x0000000080000000, 0x0000000100000000)
  region size 1024K, 3 young (3072K), 3 survivors (3072K)
 Metaspace       used 66962K, committed 68800K, reserved 487424K
  class space    used 9159K, committed 10112K, reserved 421888K
}
Event: 308.162 GC heap before
{Heap before GC invocations=31 (full 0):
 garbage-first heap   total 99328K, used 80484K [0x0000000080000000, 0x0000000100000000)
  region size 1024K, 21 young (21504K), 3 survivors (3072K)
 Metaspace       used 69474K, committed 71296K, reserved 487424K
  class space    used 9424K, committed 10368K, reserved 421888K
}
Event: 308.166 GC heap after
{Heap after GC invocations=32 (full 0):
 garbage-first heap   total 99328K, used 64968K [0x0000000080000000, 0x0000000100000000)
  region size 1024K, 2 young (2048K), 2 survivors (2048K)
 Metaspace       used 69474K, committed 71296K, reserved 487424K
  class space    used 9424K, committed 10368K, reserved 421888K
}

Dll operation events (13 events):
Event: 0.022 Loaded shared library D:\java\bin\java.dll
Event: 0.367 Loaded shared library D:\java\bin\jsvml.dll
Event: 3.584 Loaded shared library D:\java\bin\net.dll
Event: 3.865 Loaded shared library D:\java\bin\nio.dll
Event: 3.875 Loaded shared library D:\java\bin\zip.dll
Event: 7.285 Loaded shared library D:\java\bin\jimage.dll
Event: 8.018 Loaded shared library D:\java\bin\verify.dll
Event: 11.457 Loaded shared library C:\Users\samee\.gradle\native\68d5fa5c4cc2d200863cafc0d521ce42e7d3e7ee720ec0a83991735586a16f82\windows-amd64\native-platform.dll
Event: 11.773 Loaded shared library C:\Users\samee\.gradle\native\e376f236ea51e6404a007f0833ffe2c6e607c4080706a723a18a27aeea778392\windows-amd64\native-platform-file-events.dll
Event: 23.375 Loaded shared library D:\java\bin\management.dll
Event: 23.665 Loaded shared library D:\java\bin\management_ext.dll
Event: 28.569 Loaded shared library D:\java\bin\extnet.dll
Event: 39.812 Loaded shared library D:\java\bin\sunmscapi.dll

Deoptimization events (20 events):
Event: 307.555 Thread 0x0000026662a45720 Uncommon trap: trap_request=0xffffffde fr.pc=0x000002664f134be0 relative=0x0000000000000700
Event: 307.555 Thread 0x0000026662a45720 Uncommon trap: reason=class_check action=maybe_recompile pc=0x000002664f134be0 method=org.gradle.internal.instantiation.generator.AbstractClassGenerator$InjectionAnnotationValidator.validateMethod(Ljava/lang/reflect/Method;Lorg/gradle/internal/reflect/Pro
Event: 307.555 Thread 0x0000026662a45720 DEOPT PACKING pc=0x000002664f134be0 sp=0x000000f3ba8f71f0
Event: 307.555 Thread 0x0000026662a45720 DEOPT UNPACKING pc=0x000002664eb66da3 sp=0x000000f3ba8f71b8 mode 2
Event: 307.556 Thread 0x0000026662a45720 Uncommon trap: trap_request=0xffffffde fr.pc=0x000002664f37d384 relative=0x0000000000005744
Event: 307.556 Thread 0x0000026662a45720 Uncommon trap: reason=class_check action=maybe_recompile pc=0x000002664f37d384 method=com.google.common.reflect.TypeVisitor.visit([Ljava/lang/reflect/Type;)V @ 99 c2
Event: 307.556 Thread 0x0000026662a45720 DEOPT PACKING pc=0x000002664f37d384 sp=0x000000f3ba8f6ef0
Event: 307.556 Thread 0x0000026662a45720 DEOPT UNPACKING pc=0x000002664eb66da3 sp=0x000000f3ba8f6f30 mode 2
Event: 309.742 Thread 0x0000026662a45720 Uncommon trap: trap_request=0xffffffd6 fr.pc=0x000002664f3c7788 relative=0x0000000000000568
Event: 309.742 Thread 0x0000026662a45720 Uncommon trap: reason=array_check action=maybe_recompile pc=0x000002664f3c7788 method=java.util.LinkedHashMap.keysToArray([Ljava/lang/Object;)[Ljava/lang/Object; @ 25 c2
Event: 309.742 Thread 0x0000026662a45720 DEOPT PACKING pc=0x000002664f3c7788 sp=0x000000f3ba8f62d0
Event: 309.742 Thread 0x0000026662a45720 DEOPT UNPACKING pc=0x000002664eb66da3 sp=0x000000f3ba8f6278 mode 2
Event: 310.360 Thread 0x0000026662a45720 Uncommon trap: trap_request=0xffffffc6 fr.pc=0x000002664f40eb20 relative=0x0000000000000060
Event: 310.360 Thread 0x0000026662a45720 Uncommon trap: reason=bimorphic_or_optimized_type_check action=maybe_recompile pc=0x000002664f40eb20 method=java.util.AbstractQueue.add(Ljava/lang/Object;)Z @ 2 c2
Event: 310.360 Thread 0x0000026662a45720 DEOPT PACKING pc=0x000002664f40eb20 sp=0x000000f3ba8f7b40
Event: 310.360 Thread 0x0000026662a45720 DEOPT UNPACKING pc=0x000002664eb66da3 sp=0x000000f3ba8f7b08 mode 2
Event: 310.360 Thread 0x0000026662a45720 Uncommon trap: trap_request=0xffffffc6 fr.pc=0x000002664f40eb20 relative=0x0000000000000060
Event: 310.360 Thread 0x0000026662a45720 Uncommon trap: reason=bimorphic_or_optimized_type_check action=maybe_recompile pc=0x000002664f40eb20 method=java.util.AbstractQueue.add(Ljava/lang/Object;)Z @ 2 c2
Event: 310.360 Thread 0x0000026662a45720 DEOPT PACKING pc=0x000002664f40eb20 sp=0x000000f3ba8f7b40
Event: 310.360 Thread 0x0000026662a45720 DEOPT UNPACKING pc=0x000002664eb66da3 sp=0x000000f3ba8f7b08 mode 2

Classes loaded (20 events):
Event: 243.519 Loading class java/time/temporal/WeekFields
Event: 243.520 Loading class java/time/temporal/WeekFields done
Event: 243.520 Loading class java/time/temporal/WeekFields$ComputedDayOfField
Event: 243.520 Loading class java/time/temporal/WeekFields$ComputedDayOfField done
Event: 243.521 Loading class java/time/Month$1
Event: 243.521 Loading class java/time/Month$1 done
Event: 243.523 Loading class sun/nio/ch/ChannelOutputStream
Event: 243.523 Loading class sun/nio/ch/ChannelOutputStream done
Event: 256.135 Loading class java/io/NotSerializableException
Event: 256.136 Loading class java/io/NotSerializableException done
Event: 259.871 Loading class sun/nio/fs/WindowsException
Event: 259.871 Loading class sun/nio/fs/WindowsException done
Event: 260.606 Loading class java/util/concurrent/ConcurrentLinkedQueue$Itr
Event: 260.606 Loading class java/util/concurrent/ConcurrentLinkedQueue$Itr done
Event: 309.739 Loading class java/util/Collections$SynchronizedRandomAccessList
Event: 309.740 Loading class java/util/Collections$SynchronizedList
Event: 309.740 Loading class java/util/Collections$SynchronizedList done
Event: 309.740 Loading class java/util/Collections$SynchronizedRandomAccessList done
Event: 309.746 Loading class java/util/concurrent/Executors$DefaultThreadFactory
Event: 309.746 Loading class java/util/concurrent/Executors$DefaultThreadFactory done

Classes unloaded (0 events):
No events

Classes redefined (0 events):
No events

Internal exceptions (20 events):
Event: 249.565 Thread 0x0000026662a45720 Exception <a 'java/lang/ClassNotFoundException'{0x0000000084ee7750}: org/gradle/api/internal/DefaultDomainObjectCollectionCustomizer> (0x0000000084ee7750) 
thrown [s\open\src\hotspot\share\classfile\systemDictionary.cpp, line 255]
Event: 249.569 Thread 0x0000026662a45720 Exception <a 'java/lang/ClassNotFoundException'{0x0000000084d1bbc0}: org/gradle/api/internal/DefaultNamedDomainObjectCollectionCustomizer> (0x0000000084d1bbc0) 
thrown [s\open\src\hotspot\share\classfile\systemDictionary.cpp, line 255]
Event: 249.572 Thread 0x0000026662a45720 Exception <a 'java/lang/ClassNotFoundException'{0x0000000084d565f0}: org/gradle/api/internal/DefaultNamedDomainObjectListCustomizer> (0x0000000084d565f0) 
thrown [s\open\src\hotspot\share\classfile\systemDictionary.cpp, line 255]
Event: 249.612 Thread 0x0000026662a45720 Exception <a 'java/lang/ClassNotFoundException'{0x0000000084d86610}: org/gradle/api/internal/artifacts/DefaultArtifactRepositoryContainerCustomizer> (0x0000000084d86610) 
thrown [s\open\src\hotspot\share\classfile\systemDictionary.cpp, line 255]
Event: 249.615 Thread 0x0000026662a45720 Exception <a 'java/lang/ClassNotFoundException'{0x0000000084dadca0}: org/gradle/api/internal/artifacts/dsl/DefaultRepositoryHandlerCustomizer> (0x0000000084dadca0) 
thrown [s\open\src\hotspot\share\classfile\systemDictionary.cpp, line 255]
Event: 249.618 Thread 0x0000026662a45720 Exception <a 'java/lang/ClassNotFoundException'{0x0000000084de3388}: org/gradle/api/internal/artifacts/dsl/DefaultRepositoryHandler_DecoratedCustomizer> (0x0000000084de3388) 
thrown [s\open\src\hotspot\share\classfile\systemDictionary.cpp, line 255]
Event: 249.628 Thread 0x0000026662a45720 Exception <a 'java/lang/ClassNotFoundException'{0x0000000084c767e8}: org/gradle/api/internal/artifacts/dsl/dependencies/DefaultDependencyHandler_DecoratedBeanInfo> (0x0000000084c767e8) 
thrown [s\open\src\hotspot\share\classfile\systemDictionary.cpp, line 255]
Event: 249.630 Thread 0x0000026662a45720 Exception <a 'java/lang/ClassNotFoundException'{0x0000000084c8b800}: org/gradle/api/internal/artifacts/dsl/dependencies/DefaultDependencyHandlerBeanInfo> (0x0000000084c8b800) 
thrown [s\open\src\hotspot\share\classfile\systemDictionary.cpp, line 255]
Event: 249.631 Thread 0x0000026662a45720 Exception <a 'java/lang/ClassNotFoundException'{0x0000000084ca04c0}: org/gradle/api/internal/artifacts/dsl/dependencies/DefaultDependencyHandlerCustomizer> (0x0000000084ca04c0) 
thrown [s\open\src\hotspot\share\classfile\systemDictionary.cpp, line 255]
Event: 249.634 Thread 0x0000026662a45720 Exception <a 'java/lang/ClassNotFoundException'{0x0000000084cdd100}: org/gradle/api/internal/artifacts/dsl/dependencies/DefaultDependencyHandler_DecoratedCustomizer> (0x0000000084cdd100) 
thrown [s\open\src\hotspot\share\classfile\systemDictionary.cpp, line 255]
Event: 253.547 Thread 0x00000266627686a0 Exception <a 'java/lang/NoSuchMethodError'{0x0000000086ea28d0}: 'java.lang.Object java.lang.invoke.DirectMethodHandle$Holder.newInvokeSpecial(java.lang.Object, java.lang.Object, java.lang.Object, java.lang.Object, int, java.lang.Object)'> (0x0000000086ea28d0) 
thrown [s\open\src\hotspot\share\interpreter\linkResolver.cpp, line 774]
Event: 253.548 Thread 0x00000266627686a0 Exception <a 'java/lang/NoSuchMethodError'{0x0000000086ea6dd0}: 'java.lang.Object java.lang.invoke.Invokers$Holder.linkToTargetMethod(java.lang.Object, java.lang.Object, java.lang.Object, int, java.lang.Object, java.lang.Object)'> (0x0000000086ea6dd0) 
thrown [s\open\src\hotspot\share\interpreter\linkResolver.cpp, line 774]
Event: 253.865 Thread 0x00000266627686a0 Exception <a 'java/lang/NoSuchMethodError'{0x0000000085399b98}: 'int java.lang.invoke.DirectMethodHandle$Holder.invokeSpecial(java.lang.Object, java.lang.Object, java.lang.Object, java.lang.Object, java.lang.Object)'> (0x0000000085399b98) 
thrown [s\open\src\hotspot\share\interpreter\linkResolver.cpp, line 774]
Event: 255.471 Thread 0x00000266627686a0 Exception <a 'java/lang/NoSuchMethodError'{0x0000000084828b48}: method resolution failed> (0x0000000084828b48) 
thrown [s\open\src\hotspot\share\prims\methodHandles.cpp, line 1268]
Event: 259.871 Thread 0x00000266627686a0 Exception <a 'sun/nio/fs/WindowsException'{0x00000000853e4390}> (0x00000000853e4390) 
thrown [s\open\src\hotspot\share\prims\jni.cpp, line 517]
Event: 259.873 Thread 0x00000266627686a0 Exception <a 'sun/nio/fs/WindowsException'{0x00000000853e6920}> (0x00000000853e6920) 
thrown [s\open\src\hotspot\share\prims\jni.cpp, line 517]
Event: 259.874 Thread 0x00000266627686a0 Exception <a 'sun/nio/fs/WindowsException'{0x00000000853e8c28}> (0x00000000853e8c28) 
thrown [s\open\src\hotspot\share\prims\jni.cpp, line 517]
Event: 259.875 Thread 0x00000266627686a0 Exception <a 'sun/nio/fs/WindowsException'{0x00000000853eac28}> (0x00000000853eac28) 
thrown [s\open\src\hotspot\share\prims\jni.cpp, line 517]
Event: 302.632 Thread 0x0000026662a45720 Exception <a 'java/lang/ClassNotFoundException'{0x0000000084d89d48}: build_6q9pwmb9nv850ob0wax11k8czBeanInfo> (0x0000000084d89d48) 
thrown [s\open\src\hotspot\share\classfile\systemDictionary.cpp, line 255]
Event: 302.633 Thread 0x0000026662a45720 Exception <a 'java/lang/ClassNotFoundException'{0x0000000084d906f8}: build_6q9pwmb9nv850ob0wax11k8czCustomizer> (0x0000000084d906f8) 
thrown [s\open\src\hotspot\share\classfile\systemDictionary.cpp, line 255]

VM Operations (20 events):
Event: 292.197 Executing VM operation: Cleanup
Event: 292.197 Executing VM operation: Cleanup done
Event: 297.250 Executing VM operation: Cleanup
Event: 297.250 Executing VM operation: Cleanup done
Event: 302.285 Executing VM operation: Cleanup
Event: 302.285 Executing VM operation: Cleanup done
Event: 303.300 Executing VM operation: Cleanup
Event: 303.395 Executing VM operation: Cleanup done
Event: 303.400 Executing VM operation: G1CollectForAllocation
Event: 303.403 Executing VM operation: G1CollectForAllocation done
Event: 305.422 Executing VM operation: Cleanup
Event: 305.470 Executing VM operation: Cleanup done
Event: 306.475 Executing VM operation: Cleanup
Event: 306.616 Executing VM operation: Cleanup done
Event: 307.622 Executing VM operation: Cleanup
Event: 307.791 Executing VM operation: Cleanup done
Event: 308.162 Executing VM operation: G1CollectForAllocation
Event: 308.166 Executing VM operation: G1CollectForAllocation done
Event: 310.189 Executing VM operation: Cleanup
Event: 310.191 Executing VM operation: Cleanup done

Events (20 events):
Event: 249.657 Thread 0x000002666276a130 Thread added: 0x000002666276a130
Event: 253.405 Thread 0x00000266627686a0 Thread added: 0x00000266627686a0
Event: 253.475 Thread 0x0000026662768bf0 Thread added: 0x0000026662768bf0
Event: 253.475 Thread 0x0000026662769690 Thread added: 0x0000026662769690
Event: 253.475 Thread 0x0000026662769be0 Thread added: 0x0000026662769be0
Event: 253.572 Thread 0x0000026662767160 Thread added: 0x0000026662767160
Event: 254.341 Thread 0x0000026662765180 Thread added: 0x0000026662765180
Event: 254.341 Thread 0x000002666276a680 Thread added: 0x000002666276a680
Event: 254.341 Thread 0x0000026662765c20 Thread added: 0x0000026662765c20
Event: 254.342 Thread 0x0000026662762c50 Thread added: 0x0000026662762c50
Event: 255.080 Thread 0x00000266627631a0 Thread added: 0x00000266627631a0
Event: 255.131 Thread 0x0000026662766170 Thread added: 0x0000026662766170
Event: 255.132 Thread 0x00000266627666c0 Thread added: 0x00000266627666c0
Event: 255.132 Thread 0x0000026662766c10 Thread added: 0x0000026662766c10
Event: 255.133 Thread 0x00000266627676b0 Thread added: 0x00000266627676b0
Event: 255.133 Thread 0x0000026662db09f0 Thread added: 0x0000026662db09f0
Event: 255.133 Thread 0x0000026662daef60 Thread added: 0x0000026662daef60
Event: 255.134 Thread 0x0000026662db1f30 Thread added: 0x0000026662db1f30
Event: 255.134 Thread 0x0000026662db19e0 Thread added: 0x0000026662db19e0
Event: 255.134 Thread 0x0000026662db39c0 Thread added: 0x0000026662db39c0


Dynamic libraries:
0x00007ff6fc4e0000 - 0x00007ff6fc4f0000 	D:\java\bin\java.exe
0x00007fffd3430000 - 0x00007fffd3627000 	C:\WINDOWS\SYSTEM32\ntdll.dll
0x00007fffd1490000 - 0x00007fffd154d000 	C:\WINDOWS\System32\KERNEL32.DLL
0x00007fffd1190000 - 0x00007fffd1486000 	C:\WINDOWS\System32\KERNELBASE.dll
0x00007fffbcbf0000 - 0x00007fffbcc08000 	D:\java\bin\jli.dll
0x00007fffc6a90000 - 0x00007fffc6aab000 	D:\java\bin\VCRUNTIME140.dll
0x00007fffd0dc0000 - 0x00007fffd0ec0000 	C:\WINDOWS\System32\ucrtbase.dll
0x00007fffd18e0000 - 0x00007fffd198e000 	C:\WINDOWS\System32\ADVAPI32.dll
0x00007fffd1840000 - 0x00007fffd18de000 	C:\WINDOWS\System32\msvcrt.dll
0x00007fffd2090000 - 0x00007fffd212c000 	C:\WINDOWS\System32\sechost.dll
0x00007fffd19f0000 - 0x00007fffd1b16000 	C:\WINDOWS\System32\RPCRT4.dll
0x00007fffd2130000 - 0x00007fffd22ce000 	C:\WINDOWS\System32\USER32.dll
0x00007fffd1080000 - 0x00007fffd10a2000 	C:\WINDOWS\System32\win32u.dll
0x00007fffd2bc0000 - 0x00007fffd2bec000 	C:\WINDOWS\System32\GDI32.dll
0x00007fffd0f60000 - 0x00007fffd107a000 	C:\WINDOWS\System32\gdi32full.dll
0x00007fffd0c70000 - 0x00007fffd0d0d000 	C:\WINDOWS\System32\msvcp_win.dll
0x00007fffb3d60000 - 0x00007fffb3ffa000 	C:\WINDOWS\WinSxS\amd64_microsoft.windows.common-controls_6595b64144ccf1df_6.0.19041.3570_none_60bb2a3971f3e41a\COMCTL32.dll
0x00007fffbf0c0000 - 0x00007fffbf0ca000 	C:\WINDOWS\SYSTEM32\VERSION.dll
0x00007fffd1550000 - 0x00007fffd1580000 	C:\WINDOWS\System32\IMM32.DLL
0x00007fffc90d0000 - 0x00007fffc90dc000 	D:\java\bin\vcruntime140_1.dll
0x00007fff9cbb0000 - 0x00007fff9cc3e000 	D:\java\bin\msvcp140.dll
0x00007fff91cf0000 - 0x00007fff929b0000 	D:\java\bin\server\jvm.dll
0x00007fffbdc50000 - 0x00007fffbdc59000 	C:\WINDOWS\SYSTEM32\WSOCK32.dll
0x00007fffd1bd0000 - 0x00007fffd1c3b000 	C:\WINDOWS\System32\WS2_32.dll
0x00007fffb3ce0000 - 0x00007fffb3d07000 	C:\WINDOWS\SYSTEM32\WINMM.dll
0x00007fffcf300000 - 0x00007fffcf312000 	C:\WINDOWS\SYSTEM32\kernel.appcore.dll
0x00007fffc6db0000 - 0x00007fffc6dba000 	D:\java\bin\jimage.dll
0x00007fffcb6d0000 - 0x00007fffcb8b4000 	C:\WINDOWS\SYSTEM32\DBGHELP.DLL
0x00007fffbe850000 - 0x00007fffbe884000 	C:\WINDOWS\SYSTEM32\dbgcore.DLL
0x00007fffd10b0000 - 0x00007fffd1132000 	C:\WINDOWS\System32\bcryptPrimitives.dll
0x00007fffbb080000 - 0x00007fffbb0a6000 	D:\java\bin\java.dll
0x00007fff9ba00000 - 0x00007fff9bad7000 	D:\java\bin\jsvml.dll
0x00007fffd2350000 - 0x00007fffd2a94000 	C:\WINDOWS\System32\SHELL32.dll
0x00007fffceb50000 - 0x00007fffcf2eb000 	C:\WINDOWS\SYSTEM32\windows.storage.dll
0x00007fffd1c40000 - 0x00007fffd1f94000 	C:\WINDOWS\System32\combase.dll
0x00007fffd0400000 - 0x00007fffd042d000 	C:\WINDOWS\SYSTEM32\Wldp.dll
0x00007fffd1660000 - 0x00007fffd170d000 	C:\WINDOWS\System32\SHCORE.dll
0x00007fffd1580000 - 0x00007fffd15d5000 	C:\WINDOWS\System32\shlwapi.dll
0x00007fffd0a40000 - 0x00007fffd0a65000 	C:\WINDOWS\SYSTEM32\profapi.dll
0x00007fffbb700000 - 0x00007fffbb713000 	D:\java\bin\net.dll
0x00007fffc33c0000 - 0x00007fffc34ca000 	C:\WINDOWS\SYSTEM32\WINHTTP.dll
0x00007fffd01e0000 - 0x00007fffd024a000 	C:\WINDOWS\system32\mswsock.dll
0x00007fffba790000 - 0x00007fffba7a6000 	D:\java\bin\nio.dll
0x00007fffb8420000 - 0x00007fffb8438000 	D:\java\bin\zip.dll
0x00007fffbded0000 - 0x00007fffbdee0000 	D:\java\bin\verify.dll
0x00007fffaa590000 - 0x00007fffaa5b7000 	C:\Users\samee\.gradle\native\68d5fa5c4cc2d200863cafc0d521ce42e7d3e7ee720ec0a83991735586a16f82\windows-amd64\native-platform.dll
0x00007fff999d0000 - 0x00007fff99b14000 	C:\Users\samee\.gradle\native\e376f236ea51e6404a007f0833ffe2c6e607c4080706a723a18a27aeea778392\windows-amd64\native-platform-file-events.dll
0x00007fffbdcd0000 - 0x00007fffbdcda000 	D:\java\bin\management.dll
0x00007fffbca10000 - 0x00007fffbca1b000 	D:\java\bin\management_ext.dll
0x00007fffd32f0000 - 0x00007fffd32f8000 	C:\WINDOWS\System32\PSAPI.DLL
0x00007fffd0440000 - 0x00007fffd0458000 	C:\WINDOWS\SYSTEM32\CRYPTSP.dll
0x00007fffcfab0000 - 0x00007fffcfae4000 	C:\WINDOWS\system32\rsaenh.dll
0x00007fffd0ec0000 - 0x00007fffd0ee7000 	C:\WINDOWS\System32\bcrypt.dll
0x00007fffd0a00000 - 0x00007fffd0a2e000 	C:\WINDOWS\SYSTEM32\USERENV.dll
0x00007fffd0370000 - 0x00007fffd037c000 	C:\WINDOWS\SYSTEM32\CRYPTBASE.dll
0x00007fffcfef0000 - 0x00007fffcff2b000 	C:\WINDOWS\SYSTEM32\IPHLPAPI.DLL
0x00007fffd1fa0000 - 0x00007fffd1fa8000 	C:\WINDOWS\System32\NSI.dll
0x00007fffc3ea0000 - 0x00007fffc3eb7000 	C:\WINDOWS\SYSTEM32\dhcpcsvc6.DLL
0x00007fffc3310000 - 0x00007fffc332d000 	C:\WINDOWS\SYSTEM32\dhcpcsvc.DLL
0x00007fffcff30000 - 0x00007fffcfffa000 	C:\WINDOWS\SYSTEM32\DNSAPI.dll
0x00007fffbb900000 - 0x00007fffbb908000 	D:\java\bin\extnet.dll
0x00007fffbb330000 - 0x00007fffbb33e000 	D:\java\bin\sunmscapi.dll
0x00007fffd0b10000 - 0x00007fffd0c6d000 	C:\WINDOWS\System32\CRYPT32.dll
0x00007fffd0550000 - 0x00007fffd0577000 	C:\WINDOWS\SYSTEM32\ncrypt.dll
0x00007fffd0510000 - 0x00007fffd054b000 	C:\WINDOWS\SYSTEM32\NTASN1.dll
0x00007fffad030000 - 0x00007fffad037000 	C:\WINDOWS\system32\wshunix.dll

dbghelp: loaded successfully - version: 4.0.5 - missing functions: none
symbol engine: initialized successfully - sym options: 0x614 - pdb path: .;D:\java\bin;C:\WINDOWS\SYSTEM32;C:\WINDOWS\WinSxS\amd64_microsoft.windows.common-controls_6595b64144ccf1df_6.0.19041.3570_none_60bb2a3971f3e41a;D:\java\bin\server;C:\Users\samee\.gradle\native\68d5fa5c4cc2d200863cafc0d521ce42e7d3e7ee720ec0a83991735586a16f82\windows-amd64;C:\Users\samee\.gradle\native\e376f236ea51e6404a007f0833ffe2c6e607c4080706a723a18a27aeea778392\windows-amd64

VM Arguments:
jvm_args: -XX:MaxMetaspaceSize=512m --add-opens=java.base/java.util=ALL-UNNAMED --add-opens=java.base/java.lang=ALL-UNNAMED --add-opens=java.base/java.lang.invoke=ALL-UNNAMED --add-opens=java.prefs/java.util.prefs=ALL-UNNAMED --add-opens=java.base/java.nio.charset=ALL-UNNAMED --add-opens=java.base/java.net=ALL-UNNAMED --add-opens=java.base/java.util.concurrent.atomic=ALL-UNNAMED -Xmx2048m -Dfile.encoding=UTF-8 -Duser.country=US -Duser.language=en -Duser.variant 
java_command: org.gradle.launcher.daemon.bootstrap.GradleDaemon 8.0.1
java_class_path (initial): C:\Users\samee\.gradle\wrapper\dists\gradle-8.0.1-all\aro4hu1c3oeioove7l0i4i14o\gradle-8.0.1\lib\gradle-launcher-8.0.1.jar
Launcher Type: SUN_STANDARD

[Global flags]
     intx CICompilerCount                          = 3                                         {product} {ergonomic}
   size_t CompressedClassSpaceSize                 = 432013312                                 {product} {ergonomic}
     uint ConcGCThreads                            = 1                                         {product} {ergonomic}
     uint G1ConcRefinementThreads                  = 4                                         {product} {ergonomic}
   size_t G1HeapRegionSize                         = 1048576                                   {product} {ergonomic}
    uintx GCDrainStackTargetSize                   = 64                                        {product} {ergonomic}
   size_t InitialHeapSize                          = 134217728                                 {product} {ergonomic}
   size_t MarkStackSize                            = 4194304                                   {product} {ergonomic}
   size_t MaxHeapSize                              = 2147483648                                {product} {command line}
   size_t MaxMetaspaceSize                         = 536870912                                 {product} {command line}
   size_t MaxNewSize                               = 1287651328                                {product} {ergonomic}
   size_t MinHeapDeltaBytes                        = 1048576                                   {product} {ergonomic}
   size_t MinHeapSize                              = 8388608                                   {product} {ergonomic}
    uintx NonNMethodCodeHeapSize                   = 5832780                                {pd product} {ergonomic}
    uintx NonProfiledCodeHeapSize                  = 122912730                              {pd product} {ergonomic}
    uintx ProfiledCodeHeapSize                     = 122912730                              {pd product} {ergonomic}
    uintx ReservedCodeCacheSize                    = 251658240                              {pd product} {ergonomic}
     bool SegmentedCodeCache                       = true                                      {product} {ergonomic}
   size_t SoftMaxHeapSize                          = 2147483648                             {manageable} {ergonomic}
     bool UseCompressedClassPointers               = true                           {product lp64_product} {ergonomic}
     bool UseCompressedOops                        = true                           {product lp64_product} {ergonomic}
     bool UseG1GC                                  = true                                      {product} {ergonomic}
     bool UseLargePagesIndividualAllocation        = false                                  {pd product} {ergonomic}

Logging:
Log output configuration:
 #0: stdout all=warning uptime,level,tags foldmultilines=false
 #1: stderr all=off uptime,level,tags foldmultilines=false

Environment Variables:
CLASSPATH=D:\projects\React_Native\To_DO_App\android\\gradle\wrapper\gradle-wrapper.jar
PATH=D:\projects\React_Native\To_DO_App\node_modules\.bin;D:\projects\React_Native\To_DO_App\node_modules\.bin;D:\projects\React_Native\node_modules\.bin;D:\projects\node_modules\.bin;D:\node_modules\.bin;D:\nodejs\node_modules\npm\node_modules\@npmcli\run-script\lib\node-gyp-bin;D:\projects\React_Native\To_DO_App\node_modules\.bin;D:\projects\React_Native\node_modules\.bin;D:\projects\node_modules\.bin;D:\node_modules\.bin;D:\nodejs\node_modules\npm\node_modules\@npmcli\run-script\lib\node-gyp-bin;C:\Program Files\Common Files\Oracle\Java\javapath;C:\WINDOWS\system32;C:\WINDOWS;C:\WINDOWS\System32\Wbem;C:\WINDOWS\System32\WindowsPowerShell\v1.0\;C:\WINDOWS\System32\OpenSSH\;D:\java\bin;C:\xampp\php;C:\composer;C:\Program Files (x86)\Intel\Intel(R) Management Engine Components\DAL;C:\Program Files\Intel\Intel(R) Management Engine Components\DAL;C:\Program Files\Git\cmd;C:\Program Files\MongoDB\Server\7.0\bin;D:\mongosh-1.10.6-win32-x64\bin;C:\ProgramData\chocolatey\bin;D:\nodejs\;C:\Users\samee\AppData\Local\Android\Sdk\platform-tools;C:\Program Files (x86)\Microsoft SQL Server\160\Tools\Binn\;D:\Program Files\Microsoft SQL Server\160\Tools\Binn\;D:\Program Files\Microsoft SQL Server\Client SDK\ODBC\170\Tools\Binn\;D:\Program Files\Microsoft SQL Server\160\DTS\Binn\;C:\Program Files (x86)\Microsoft SQL Server\160\DTS\Binn\;C:\Program Files\Azure Data Studio\bin;C:\Users\samee\AppData\Local\Android\Sdk;C:\MinGW\bin;D:\Program Files\Microsoft SQL Server\150\Tools\Binn\;C:\Program Files (x86)\Windows Kits\10\Windows Performance Toolkit\;C:\Users\samee\AppData\Local\Programs\Python\Python310\Scripts\;C:\Users\samee\AppData\Local\Programs\Python\Python310\;C:\Users\samee\AppData\Local\Microsoft\WindowsApps;D:\Microsoft VS Code\bin;D:\Java\bin;C:\Users\samee\AppData\Roaming\Composer\vendor\bin;C:\Program Files\MongoDB\Server\7.0\bin;D:\mongosh-1.10.6-win32-x64\bin;C:\Users\samee\AppData\Roaming\npm;C:\Users\samee\AppData\Local\Android\Sdk\platform-tools;C:\Program Files\Azure Data Studio\bin;C:\Users\samee\AppData\Local\Android\Sdk;
USERNAME=samee
OS=Windows_NT
PROCESSOR_IDENTIFIER=Intel64 Family 6 Model 142 Stepping 9, GenuineIntel
TMP=C:\Users\samee\AppData\Local\Temp
TEMP=C:\Users\samee\AppData\Local\Temp



---------------  S Y S T E M  ---------------

OS:
 Windows 10 , 64 bit Build 19041 (10.0.19041.3570)
OS uptime: 1 days 19:23 hours
Hyper-V role detected

CPU: total 4 (initial active 4) (2 cores per cpu, 2 threads per core) family 6 model 142 stepping 9 microcode 0xf4, cx8, cmov, fxsr, ht, mmx, 3dnowpref, sse, sse2, sse3, ssse3, sse4.1, sse4.2, popcnt, lzcnt, tsc, tscinvbit, avx, avx2, aes, erms, clmul, bmi1, bmi2, rtm, adx, fma, vzeroupper, clflush, clflushopt, hv, rdtscp

Memory: 4k page, system-wide physical 8067M (254M free)
TotalPageFile size 21045M (AvailPageFile size 4M)
current process WorkingSet (physical memory assigned to process): 221M, peak: 254M
current process commit charge ("private bytes"): 339M, peak: 341M

vm_info: Java HotSpot(TM) 64-Bit Server VM (19.0.2+7-44) for windows-amd64 JRE (19.0.2+7-44), built on 2022-11-30T18:02:09Z by "mach5one" with MS VC++ 17.1 (VS2022)

END.
